{"/home/travis/build/npmtest/node-npmtest-glob/test.js":{"path":"/home/travis/build/npmtest/node-npmtest-glob/test.js","s":{"1":2,"2":2,"3":2,"4":2,"5":2,"6":2,"7":2,"8":1,"9":2,"10":2,"11":1,"12":1,"13":1,"14":1,"15":2,"16":2,"17":2,"18":2,"19":1,"20":1,"21":2,"22":2,"23":2,"24":1,"25":1,"26":1,"27":1,"28":1,"29":1,"30":1,"31":1,"32":1,"33":1,"34":1,"35":1,"36":1,"37":1,"38":1,"39":2,"40":2,"41":1,"42":2,"43":2,"44":1,"45":2,"46":2,"47":1,"48":2,"49":2,"50":1,"51":1,"52":1,"53":1,"54":1},"b":{"1":[2,1,1,1],"2":[1,1,1,1],"3":[1,1],"4":[1,1],"5":[1,1],"6":[1,1],"7":[1,1],"8":[1,1],"9":[1,1],"10":[1,1,1],"11":[1,1],"12":[1,1],"13":[1,1],"14":[1,1],"15":[1,1],"16":[1,1],"17":[1,1]},"f":{"1":2,"2":2,"3":2,"4":2,"5":2,"6":1,"7":1,"8":1,"9":2,"10":2,"11":2,"12":2,"13":1},"fnMap":{"1":{"name":"(anonymous_1)","line":12,"loc":{"start":{"line":12,"column":1},"end":{"line":12,"column":13}}},"2":{"name":"(anonymous_2)","line":19,"loc":{"start":{"line":19,"column":5},"end":{"line":19,"column":17}}},"3":{"name":"(anonymous_3)","line":23,"loc":{"start":{"line":23,"column":24},"end":{"line":23,"column":36}}},"4":{"name":"(anonymous_4)","line":61,"loc":{"start":{"line":61,"column":5},"end":{"line":61,"column":17}}},"5":{"name":"(anonymous_5)","line":82,"loc":{"start":{"line":82,"column":5},"end":{"line":82,"column":17}}},"6":{"name":"(anonymous_6)","line":91,"loc":{"start":{"line":91,"column":77},"end":{"line":94,"column":10}}},"7":{"name":"(anonymous_7)","line":112,"loc":{"start":{"line":112,"column":83},"end":{"line":115,"column":10}},"skip":true},"8":{"name":"(anonymous_8)","line":123,"loc":{"start":{"line":123,"column":77},"end":{"line":126,"column":10}},"skip":true},"9":{"name":"(anonymous_9)","line":139,"loc":{"start":{"line":139,"column":12},"end":{"line":139,"column":40}},"skip":true},"10":{"name":"(anonymous_10)","line":147,"loc":{"start":{"line":147,"column":77},"end":{"line":150,"column":10}},"skip":true},"11":{"name":"(anonymous_11)","line":158,"loc":{"start":{"line":158,"column":83},"end":{"line":161,"column":10}},"skip":true},"12":{"name":"(anonymous_12)","line":169,"loc":{"start":{"line":169,"column":79},"end":{"line":172,"column":10}},"skip":true},"13":{"name":"(anonymous_13)","line":180,"loc":{"start":{"line":180,"column":75},"end":{"line":183,"column":10}},"skip":true}},"statementMap":{"1":{"start":{"line":12,"column":0},"end":{"line":195,"column":5}},"2":{"start":{"line":14,"column":4},"end":{"line":14,"column":14}},"3":{"start":{"line":19,"column":4},"end":{"line":56,"column":9}},"4":{"start":{"line":21,"column":8},"end":{"line":21,"column":19}},"5":{"start":{"line":23,"column":8},"end":{"line":35,"column":13}},"6":{"start":{"line":24,"column":12},"end":{"line":34,"column":13}},"7":{"start":{"line":25,"column":16},"end":{"line":28,"column":30}},"8":{"start":{"line":30,"column":16},"end":{"line":33,"column":27}},"9":{"start":{"line":37,"column":8},"end":{"line":39,"column":21}},"10":{"start":{"line":40,"column":8},"end":{"line":53,"column":9}},"11":{"start":{"line":43,"column":12},"end":{"line":46,"column":14}},"12":{"start":{"line":47,"column":12},"end":{"line":47,"column":18}},"13":{"start":{"line":50,"column":12},"end":{"line":51,"column":33}},"14":{"start":{"line":52,"column":12},"end":{"line":52,"column":18}},"15":{"start":{"line":55,"column":8},"end":{"line":55,"column":35}},"16":{"start":{"line":61,"column":4},"end":{"line":63,"column":9}},"17":{"start":{"line":62,"column":8},"end":{"line":62,"column":15}},"18":{"start":{"line":64,"column":4},"end":{"line":77,"column":5}},"19":{"start":{"line":70,"column":8},"end":{"line":70,"column":14}},"20":{"start":{"line":76,"column":8},"end":{"line":76,"column":14}},"21":{"start":{"line":82,"column":4},"end":{"line":84,"column":9}},"22":{"start":{"line":83,"column":8},"end":{"line":83,"column":15}},"23":{"start":{"line":85,"column":4},"end":{"line":194,"column":5}},"24":{"start":{"line":91,"column":8},"end":{"line":99,"column":10}},"25":{"start":{"line":98,"column":12},"end":{"line":98,"column":35}},"26":{"start":{"line":102,"column":8},"end":{"line":104,"column":63}},"27":{"start":{"line":105,"column":8},"end":{"line":105,"column":14}},"28":{"start":{"line":112,"column":8},"end":{"line":121,"column":10},"skip":true},"29":{"start":{"line":119,"column":12},"end":{"line":119,"column":55},"skip":true},"30":{"start":{"line":120,"column":12},"end":{"line":120,"column":48},"skip":true},"31":{"start":{"line":123,"column":8},"end":{"line":136,"column":10},"skip":true},"32":{"start":{"line":130,"column":12},"end":{"line":130,"column":76},"skip":true},"33":{"start":{"line":131,"column":12},"end":{"line":131,"column":73},"skip":true},"34":{"start":{"line":132,"column":12},"end":{"line":132,"column":74},"skip":true},"35":{"start":{"line":133,"column":12},"end":{"line":133,"column":79},"skip":true},"36":{"start":{"line":134,"column":12},"end":{"line":134,"column":25},"skip":true},"37":{"start":{"line":135,"column":12},"end":{"line":135,"column":45},"skip":true},"38":{"start":{"line":138,"column":8},"end":{"line":145,"column":14},"skip":true},"39":{"start":{"line":143,"column":16},"end":{"line":143,"column":29},"skip":true},"40":{"start":{"line":144,"column":16},"end":{"line":144,"column":55},"skip":true},"41":{"start":{"line":147,"column":8},"end":{"line":156,"column":10},"skip":true},"42":{"start":{"line":154,"column":12},"end":{"line":154,"column":25},"skip":true},"43":{"start":{"line":155,"column":12},"end":{"line":155,"column":45},"skip":true},"44":{"start":{"line":158,"column":8},"end":{"line":167,"column":10},"skip":true},"45":{"start":{"line":165,"column":12},"end":{"line":165,"column":25},"skip":true},"46":{"start":{"line":166,"column":12},"end":{"line":166,"column":48},"skip":true},"47":{"start":{"line":169,"column":8},"end":{"line":178,"column":10},"skip":true},"48":{"start":{"line":176,"column":12},"end":{"line":176,"column":25},"skip":true},"49":{"start":{"line":177,"column":12},"end":{"line":177,"column":46},"skip":true},"50":{"start":{"line":180,"column":8},"end":{"line":189,"column":10},"skip":true},"51":{"start":{"line":187,"column":12},"end":{"line":187,"column":94},"skip":true},"52":{"start":{"line":188,"column":12},"end":{"line":188,"column":48},"skip":true},"53":{"start":{"line":192,"column":8},"end":{"line":192,"column":35},"skip":true},"54":{"start":{"line":193,"column":8},"end":{"line":193,"column":14},"skip":true}},"branchMap":{"1":{"line":25,"type":"binary-expr","locations":[{"start":{"line":25,"column":23},"end":{"line":25,"column":62}},{"start":{"line":26,"column":20},"end":{"line":26,"column":70}},{"start":{"line":27,"column":20},"end":{"line":27,"column":71}},{"start":{"line":28,"column":20},"end":{"line":28,"column":29}}]},"2":{"line":30,"type":"binary-expr","locations":[{"start":{"line":30,"column":23},"end":{"line":30,"column":37}},{"start":{"line":31,"column":20},"end":{"line":31,"column":61}},{"start":{"line":32,"column":20},"end":{"line":32,"column":70}},{"start":{"line":33,"column":20},"end":{"line":33,"column":26}}]},"3":{"line":37,"type":"cond-expr","locations":[{"start":{"line":38,"column":14},"end":{"line":38,"column":20}},{"start":{"line":39,"column":14},"end":{"line":39,"column":20}}]},"4":{"line":40,"type":"switch","locations":[{"start":{"line":42,"column":8},"end":{"line":47,"column":18}},{"start":{"line":49,"column":8},"end":{"line":52,"column":18}}]},"5":{"line":44,"type":"binary-expr","locations":[{"start":{"line":44,"column":16},"end":{"line":44,"column":44}},{"start":{"line":44,"column":48},"end":{"line":44,"column":66}}]},"6":{"line":50,"type":"binary-expr","locations":[{"start":{"line":50,"column":21},"end":{"line":50,"column":49}},{"start":{"line":50,"column":53},"end":{"line":50,"column":72}}]},"7":{"line":64,"type":"switch","locations":[{"start":{"line":69,"column":4},"end":{"line":70,"column":14}},{"start":{"line":75,"column":4},"end":{"line":76,"column":14}}]},"8":{"line":85,"type":"switch","locations":[{"start":{"line":90,"column":4},"end":{"line":105,"column":14}},{"start":{"line":111,"column":4},"end":{"line":193,"column":14},"skip":true}]},"9":{"line":91,"type":"binary-expr","locations":[{"start":{"line":91,"column":42},"end":{"line":91,"column":73}},{"start":{"line":91,"column":77},"end":{"line":99,"column":9}}]},"10":{"line":102,"type":"binary-expr","locations":[{"start":{"line":102,"column":18},"end":{"line":102,"column":32}},{"start":{"line":103,"column":12},"end":{"line":103,"column":53}},{"start":{"line":104,"column":12},"end":{"line":104,"column":61}}]},"11":{"line":112,"type":"binary-expr","locations":[{"start":{"line":112,"column":45},"end":{"line":112,"column":79},"skip":true},{"start":{"line":112,"column":83},"end":{"line":121,"column":9},"skip":true}]},"12":{"line":123,"type":"binary-expr","locations":[{"start":{"line":123,"column":42},"end":{"line":123,"column":73},"skip":true},{"start":{"line":123,"column":77},"end":{"line":136,"column":9},"skip":true}]},"13":{"line":138,"type":"binary-expr","locations":[{"start":{"line":138,"column":48},"end":{"line":138,"column":85},"skip":true},{"start":{"line":139,"column":12},"end":{"line":145,"column":13},"skip":true}]},"14":{"line":147,"type":"binary-expr","locations":[{"start":{"line":147,"column":42},"end":{"line":147,"column":73},"skip":true},{"start":{"line":147,"column":77},"end":{"line":156,"column":9},"skip":true}]},"15":{"line":158,"type":"binary-expr","locations":[{"start":{"line":158,"column":45},"end":{"line":158,"column":79},"skip":true},{"start":{"line":158,"column":83},"end":{"line":167,"column":9},"skip":true}]},"16":{"line":169,"type":"binary-expr","locations":[{"start":{"line":169,"column":43},"end":{"line":169,"column":75},"skip":true},{"start":{"line":169,"column":79},"end":{"line":178,"column":9},"skip":true}]},"17":{"line":180,"type":"binary-expr","locations":[{"start":{"line":180,"column":41},"end":{"line":180,"column":71},"skip":true},{"start":{"line":180,"column":75},"end":{"line":189,"column":9},"skip":true}]}},"code":["/* istanbul instrument in package npmtest_glob */","/*jslint","    bitwise: true,","    browser: true,","    maxerr: 8,","    maxlen: 96,","    node: true,","    nomen: true,","    regexp: true,","    stupid: true","*/","(function () {","    'use strict';","    var local;","","","","    // run shared js-env code - init-before","    (function () {","        // init local","        local = {};","        // init modeJs","        local.modeJs = (function () {","            try {","                return typeof navigator.userAgent === 'string' &&","                    typeof document.querySelector('body') === 'object' &&","                    typeof XMLHttpRequest.prototype.open === 'function' &&","                    'browser';","            } catch (errorCaughtBrowser) {","                return module.exports &&","                    typeof process.versions.node === 'string' &&","                    typeof require('http').createServer === 'function' &&","                    'node';","            }","        }());","        // init global","        local.global = local.modeJs === 'browser'","            ? window","            : global;","        switch (local.modeJs) {","        // re-init local from window.local","        case 'browser':","            local = local.global.utility2.objectSetDefault(","                local.global.utility2_rollup || local.global.local,","                local.global.utility2","            );","            break;","        // re-init local from example.js","        case 'node':","            local = (local.global.utility2_rollup || require('utility2'))","                .requireReadme();","            break;","        }","        // export local","        local.global.local = local;","    }());","","","","    // run shared js-env code - function","    (function () {","        return;","    }());","    switch (local.modeJs) {","","","","    // run browser js-env code - function","    case 'browser':","        break;","","","","    // run node js-env code - function","    case 'node':","        break;","    }","","","","    // run shared js-env code - init-after","    (function () {","        return;","    }());","    switch (local.modeJs) {","","","","    // run browser js-env code - init-after","    case 'browser':","        local.testCase_browser_nullCase = local.testCase_browser_nullCase || function (","            options,","            onError","        ) {","        /*","         * this function will test browsers's null-case handling-behavior-behavior","         */","            onError(null, options);","        };","","        // run tests","        local.nop(local.modeTest &&","            document.querySelector('#testRunButton1') &&","            document.querySelector('#testRunButton1').click());","        break;","","","","    // run node js-env code - init-after","    /* istanbul ignore next */","    case 'node':","        local.testCase_buildApidoc_default = local.testCase_buildApidoc_default || function (","            options,","            onError","        ) {","        /*","         * this function will test buildApidoc's default handling-behavior-behavior","         */","            options = { modulePathList: module.paths };","            local.buildApidoc(options, onError);","        };","","        local.testCase_buildApp_default = local.testCase_buildApp_default || function (","            options,","            onError","        ) {","        /*","         * this function will test buildApp's default handling-behavior-behavior","         */","            local.testCase_buildReadme_default(options, local.onErrorThrow);","            local.testCase_buildLib_default(options, local.onErrorThrow);","            local.testCase_buildTest_default(options, local.onErrorThrow);","            local.testCase_buildCustomOrg_default(options, local.onErrorThrow);","            options = [];","            local.buildApp(options, onError);","        };","","        local.testCase_buildCustomOrg_default = local.testCase_buildCustomOrg_default ||","            function (options, onError) {","            /*","             * this function will test buildCustomOrg's default handling-behavior","             */","                options = {};","                local.buildCustomOrg(options, onError);","            };","","        local.testCase_buildLib_default = local.testCase_buildLib_default || function (","            options,","            onError","        ) {","        /*","         * this function will test buildLib's default handling-behavior","         */","            options = {};","            local.buildLib(options, onError);","        };","","        local.testCase_buildReadme_default = local.testCase_buildReadme_default || function (","            options,","            onError","        ) {","        /*","         * this function will test buildReadme's default handling-behavior-behavior","         */","            options = {};","            local.buildReadme(options, onError);","        };","","        local.testCase_buildTest_default = local.testCase_buildTest_default || function (","            options,","            onError","        ) {","        /*","         * this function will test buildTest's default handling-behavior","         */","            options = {};","            local.buildTest(options, onError);","        };","","        local.testCase_webpage_default = local.testCase_webpage_default || function (","            options,","            onError","        ) {","        /*","         * this function will test webpage's default handling-behavior","         */","            options = { modeCoverageMerge: true, url: local.serverLocalHost + '?modeTest=1' };","            local.browserTest(options, onError);","        };","","        // run test-server","        local.testRunServer(local);","        break;","    }","}());",""],"l":{"12":2,"14":2,"19":2,"21":2,"23":2,"24":2,"25":2,"30":1,"37":2,"40":2,"43":1,"47":1,"50":1,"52":1,"55":2,"61":2,"62":2,"64":2,"70":1,"76":1,"82":2,"83":2,"85":2,"91":1,"98":1,"102":1,"105":1,"112":1,"119":1,"120":1,"123":1,"130":1,"131":1,"132":1,"133":1,"134":1,"135":1,"138":1,"143":2,"144":2,"147":1,"154":2,"155":2,"158":1,"165":2,"166":2,"169":1,"176":2,"177":2,"180":1,"187":1,"188":1,"192":1,"193":1}},"/home/travis/build/npmtest/node-npmtest-glob/lib.npmtest_glob.js":{"path":"/home/travis/build/npmtest/node-npmtest-glob/lib.npmtest_glob.js","s":{"1":2,"2":2,"3":2,"4":2,"5":2,"6":2,"7":2,"8":1,"9":2,"10":2,"11":2,"12":2,"13":1,"14":1,"15":1,"16":1},"b":{"1":[2,1,1,1],"2":[1,1,1,1],"3":[1,1],"4":[2,2],"5":[1,1]},"f":{"1":2,"2":2,"3":2},"fnMap":{"1":{"name":"(anonymous_1)","line":12,"loc":{"start":{"line":12,"column":1},"end":{"line":12,"column":13}}},"2":{"name":"(anonymous_2)","line":19,"loc":{"start":{"line":19,"column":5},"end":{"line":19,"column":17}}},"3":{"name":"(anonymous_3)","line":23,"loc":{"start":{"line":23,"column":24},"end":{"line":23,"column":36}}}},"statementMap":{"1":{"start":{"line":12,"column":0},"end":{"line":53,"column":5}},"2":{"start":{"line":14,"column":4},"end":{"line":14,"column":14}},"3":{"start":{"line":19,"column":4},"end":{"line":52,"column":9}},"4":{"start":{"line":21,"column":8},"end":{"line":21,"column":19}},"5":{"start":{"line":23,"column":8},"end":{"line":35,"column":13}},"6":{"start":{"line":24,"column":12},"end":{"line":34,"column":13}},"7":{"start":{"line":25,"column":16},"end":{"line":28,"column":30}},"8":{"start":{"line":30,"column":16},"end":{"line":33,"column":27}},"9":{"start":{"line":37,"column":8},"end":{"line":39,"column":21}},"10":{"start":{"line":41,"column":8},"end":{"line":41,"column":54}},"11":{"start":{"line":43,"column":8},"end":{"line":43,"column":49}},"12":{"start":{"line":45,"column":8},"end":{"line":51,"column":9}},"13":{"start":{"line":46,"column":12},"end":{"line":46,"column":55}},"14":{"start":{"line":48,"column":12},"end":{"line":48,"column":35}},"15":{"start":{"line":49,"column":12},"end":{"line":49,"column":49}},"16":{"start":{"line":50,"column":12},"end":{"line":50,"column":43}}},"branchMap":{"1":{"line":25,"type":"binary-expr","locations":[{"start":{"line":25,"column":23},"end":{"line":25,"column":62}},{"start":{"line":26,"column":20},"end":{"line":26,"column":70}},{"start":{"line":27,"column":20},"end":{"line":27,"column":71}},{"start":{"line":28,"column":20},"end":{"line":28,"column":29}}]},"2":{"line":30,"type":"binary-expr","locations":[{"start":{"line":30,"column":23},"end":{"line":30,"column":37}},{"start":{"line":31,"column":20},"end":{"line":31,"column":61}},{"start":{"line":32,"column":20},"end":{"line":32,"column":70}},{"start":{"line":33,"column":20},"end":{"line":33,"column":26}}]},"3":{"line":37,"type":"cond-expr","locations":[{"start":{"line":38,"column":14},"end":{"line":38,"column":20}},{"start":{"line":39,"column":14},"end":{"line":39,"column":20}}]},"4":{"line":41,"type":"binary-expr","locations":[{"start":{"line":41,"column":16},"end":{"line":41,"column":44}},{"start":{"line":41,"column":48},"end":{"line":41,"column":53}}]},"5":{"line":45,"type":"if","locations":[{"start":{"line":45,"column":8},"end":{"line":45,"column":8}},{"start":{"line":45,"column":8},"end":{"line":45,"column":8}}]}},"code":["/* istanbul instrument in package npmtest_glob */","/*jslint","    bitwise: true,","    browser: true,","    maxerr: 8,","    maxlen: 96,","    node: true,","    nomen: true,","    regexp: true,","    stupid: true","*/","(function () {","    'use strict';","    var local;","","","","    // run shared js-env code - init-before","    (function () {","        // init local","        local = {};","        // init modeJs","        local.modeJs = (function () {","            try {","                return typeof navigator.userAgent === 'string' &&","                    typeof document.querySelector('body') === 'object' &&","                    typeof XMLHttpRequest.prototype.open === 'function' &&","                    'browser';","            } catch (errorCaughtBrowser) {","                return module.exports &&","                    typeof process.versions.node === 'string' &&","                    typeof require('http').createServer === 'function' &&","                    'node';","            }","        }());","        // init global","        local.global = local.modeJs === 'browser'","            ? window","            : global;","        // init utility2_rollup","        local = local.global.utility2_rollup || local;","        // init lib","        local.local = local.npmtest_glob = local;","        // init exports","        if (local.modeJs === 'browser') {","            local.global.utility2_npmtest_glob = local;","        } else {","            module.exports = local;","            module.exports.__dirname = __dirname;","            module.exports.module = module;","        }","    }());","}());",""],"l":{"12":2,"14":2,"19":2,"21":2,"23":2,"24":2,"25":2,"30":1,"37":2,"41":2,"43":2,"45":2,"46":1,"48":1,"49":1,"50":1}},"/home/travis/build/npmtest/node-npmtest-glob/example.js":{"path":"/home/travis/build/npmtest/node-npmtest-glob/example.js","s":{"1":2,"2":2,"3":2,"4":2,"5":2,"6":2,"7":2,"8":1,"9":2,"10":2,"11":2,"12":2,"13":1,"14":2,"15":2,"16":2,"17":2,"18":2,"19":0,"20":2,"21":1,"22":1,"23":1,"24":1,"25":1,"26":0,"27":0,"28":1,"29":1,"30":2,"31":0,"32":0,"33":0,"34":1,"35":2,"36":2,"37":3,"38":3,"39":3,"40":3,"41":0,"42":3,"43":3,"44":3,"45":1,"46":3,"47":1,"48":1,"49":1,"50":1,"51":1,"52":1,"53":1,"54":1,"55":1,"56":1,"57":0,"58":1,"59":6,"60":6,"61":1,"62":2,"63":0,"64":2,"65":1,"66":1,"67":0,"68":0,"69":0,"70":0,"71":0,"72":0,"73":0,"74":0,"75":0,"76":0,"77":0,"78":0,"79":0,"80":0,"81":0,"82":0,"83":0},"b":{"1":[2,1,1,1],"2":[1,1,1,1],"3":[1,1],"4":[2,2],"5":[1,1],"6":[1,1],"7":[2,0],"8":[2,1,1,1,1,1],"9":[0,2,0],"10":[1,1],"11":[2,1,1],"12":[1,0],"13":[0,2],"14":[2,0,0,0,0,0,0],"15":[0,3],"16":[3,0],"17":[1,1],"18":[0,1],"19":[1,2,0,2],"20":[1,0],"21":[1,1],"22":[0,0],"23":[0,0],"24":[0,0],"25":[0,0],"26":[0,0],"27":[0,0],"28":[0,0]},"f":{"1":2,"2":2,"3":2,"4":2,"5":2,"6":2,"7":3,"8":3,"9":3,"10":1,"11":6,"12":0},"fnMap":{"1":{"name":"(anonymous_1)","line":26,"loc":{"start":{"line":26,"column":1},"end":{"line":26,"column":13}}},"2":{"name":"(anonymous_2)","line":33,"loc":{"start":{"line":33,"column":5},"end":{"line":33,"column":17}}},"3":{"name":"(anonymous_3)","line":37,"loc":{"start":{"line":37,"column":24},"end":{"line":37,"column":36}}},"4":{"name":"(anonymous_4)","line":69,"loc":{"start":{"line":69,"column":31},"end":{"line":69,"column":48}},"skip":true},"5":{"name":"(anonymous_5)","line":78,"loc":{"start":{"line":78,"column":26},"end":{"line":78,"column":45}},"skip":true},"6":{"name":"(anonymous_6)","line":123,"loc":{"start":{"line":123,"column":33},"end":{"line":123,"column":48}},"skip":true},"7":{"name":"(anonymous_7)","line":125,"loc":{"start":{"line":125,"column":27},"end":{"line":125,"column":39}},"skip":true},"8":{"name":"(anonymous_8)","line":133,"loc":{"start":{"line":133,"column":59},"end":{"line":133,"column":74}},"skip":true},"9":{"name":"(anonymous_9)","line":143,"loc":{"start":{"line":143,"column":45},"end":{"line":143,"column":62}},"skip":true},"10":{"name":"(anonymous_10)","line":144,"loc":{"start":{"line":144,"column":73},"end":{"line":144,"column":92}},"skip":true},"11":{"name":"(anonymous_11)","line":272,"loc":{"start":{"line":272,"column":51},"end":{"line":272,"column":77}},"skip":true},"12":{"name":"(anonymous_12)","line":315,"loc":{"start":{"line":315,"column":32},"end":{"line":315,"column":61}},"skip":true}},"statementMap":{"1":{"start":{"line":26,"column":0},"end":{"line":326,"column":5}},"2":{"start":{"line":28,"column":4},"end":{"line":28,"column":14}},"3":{"start":{"line":33,"column":4},"end":{"line":60,"column":9}},"4":{"start":{"line":35,"column":8},"end":{"line":35,"column":19}},"5":{"start":{"line":37,"column":8},"end":{"line":49,"column":13}},"6":{"start":{"line":38,"column":12},"end":{"line":48,"column":13}},"7":{"start":{"line":39,"column":16},"end":{"line":42,"column":30}},"8":{"start":{"line":44,"column":16},"end":{"line":47,"column":27}},"9":{"start":{"line":51,"column":8},"end":{"line":53,"column":21}},"10":{"start":{"line":55,"column":8},"end":{"line":57,"column":45}},"11":{"start":{"line":59,"column":8},"end":{"line":59,"column":35}},"12":{"start":{"line":61,"column":4},"end":{"line":325,"column":5}},"13":{"start":{"line":69,"column":8},"end":{"line":121,"column":10},"skip":true},"14":{"start":{"line":70,"column":12},"end":{"line":88,"column":13},"skip":true},"15":{"start":{"line":76,"column":16},"end":{"line":87,"column":19},"skip":true},"16":{"start":{"line":79,"column":20},"end":{"line":86,"column":21},"skip":true},"17":{"start":{"line":82,"column":24},"end":{"line":82,"column":43},"skip":true},"18":{"start":{"line":83,"column":24},"end":{"line":83,"column":30},"skip":true},"19":{"start":{"line":85,"column":24},"end":{"line":85,"column":49},"skip":true},"20":{"start":{"line":89,"column":12},"end":{"line":107,"column":13},"skip":true},"21":{"start":{"line":92,"column":16},"end":{"line":102,"column":17},"skip":true},"22":{"start":{"line":93,"column":20},"end":{"line":93,"column":86},"skip":true},"23":{"start":{"line":94,"column":20},"end":{"line":95,"column":45},"skip":true},"24":{"start":{"line":96,"column":20},"end":{"line":96,"column":42},"skip":true},"25":{"start":{"line":97,"column":20},"end":{"line":97,"column":48},"skip":true},"26":{"start":{"line":100,"column":20},"end":{"line":100,"column":85},"skip":true},"27":{"start":{"line":101,"column":20},"end":{"line":101,"column":96},"skip":true},"28":{"start":{"line":103,"column":16},"end":{"line":103,"column":22},"skip":true},"29":{"start":{"line":106,"column":16},"end":{"line":106,"column":22},"skip":true},"30":{"start":{"line":108,"column":12},"end":{"line":120,"column":13},"skip":true},"31":{"start":{"line":114,"column":16},"end":{"line":119,"column":17},"skip":true},"32":{"start":{"line":116,"column":20},"end":{"line":116,"column":78},"skip":true},"33":{"start":{"line":118,"column":20},"end":{"line":118,"column":47},"skip":true},"34":{"start":{"line":123,"column":8},"end":{"line":141,"column":11},"skip":true},"35":{"start":{"line":124,"column":12},"end":{"line":124,"column":54},"skip":true},"36":{"start":{"line":125,"column":12},"end":{"line":140,"column":14},"skip":true},"37":{"start":{"line":126,"column":16},"end":{"line":126,"column":28},"skip":true},"38":{"start":{"line":127,"column":16},"end":{"line":127,"column":69},"skip":true},"39":{"start":{"line":128,"column":16},"end":{"line":128,"column":75},"skip":true},"40":{"start":{"line":129,"column":16},"end":{"line":131,"column":17},"skip":true},"41":{"start":{"line":130,"column":20},"end":{"line":130,"column":27},"skip":true},"42":{"start":{"line":133,"column":16},"end":{"line":137,"column":36},"skip":true},"43":{"start":{"line":134,"column":20},"end":{"line":136,"column":55},"skip":true},"44":{"start":{"line":139,"column":16},"end":{"line":139,"column":57},"skip":true},"45":{"start":{"line":143,"column":8},"end":{"line":147,"column":11},"skip":true},"46":{"start":{"line":144,"column":12},"end":{"line":146,"column":15},"skip":true},"47":{"start":{"line":145,"column":16},"end":{"line":145,"column":70},"skip":true},"48":{"start":{"line":149,"column":8},"end":{"line":149,"column":31},"skip":true},"49":{"start":{"line":150,"column":8},"end":{"line":150,"column":14},"skip":true},"50":{"start":{"line":158,"column":8},"end":{"line":158,"column":31},"skip":true},"51":{"start":{"line":160,"column":8},"end":{"line":160,"column":33},"skip":true},"52":{"start":{"line":161,"column":8},"end":{"line":161,"column":37},"skip":true},"53":{"start":{"line":162,"column":8},"end":{"line":162,"column":35},"skip":true},"54":{"start":{"line":164,"column":8},"end":{"line":164,"column":50},"skip":true},"55":{"start":{"line":166,"column":8},"end":{"line":256,"column":2},"skip":true},"56":{"start":{"line":258,"column":8},"end":{"line":286,"column":9},"skip":true},"57":{"start":{"line":259,"column":12},"end":{"line":269,"column":14},"skip":true},"58":{"start":{"line":271,"column":12},"end":{"line":285,"column":19},"skip":true},"59":{"start":{"line":274,"column":20},"end":{"line":274,"column":35},"skip":true},"60":{"start":{"line":275,"column":20},"end":{"line":284,"column":21},"skip":true},"61":{"start":{"line":277,"column":24},"end":{"line":277,"column":64},"skip":true},"62":{"start":{"line":279,"column":24},"end":{"line":279,"column":40},"skip":true},"63":{"start":{"line":281,"column":24},"end":{"line":281,"column":40},"skip":true},"64":{"start":{"line":283,"column":24},"end":{"line":283,"column":39},"skip":true},"65":{"start":{"line":288,"column":8},"end":{"line":290,"column":9},"skip":true},"66":{"start":{"line":289,"column":12},"end":{"line":289,"column":18},"skip":true},"67":{"start":{"line":291,"column":8},"end":{"line":293,"column":54},"skip":true},"68":{"start":{"line":296,"column":8},"end":{"line":301,"column":37},"skip":true},"69":{"start":{"line":303,"column":8},"end":{"line":303,"column":82},"skip":true},"70":{"start":{"line":306,"column":8},"end":{"line":308,"column":9},"skip":true},"71":{"start":{"line":307,"column":12},"end":{"line":307,"column":82},"skip":true},"72":{"start":{"line":310,"column":8},"end":{"line":312,"column":9},"skip":true},"73":{"start":{"line":311,"column":12},"end":{"line":311,"column":18},"skip":true},"74":{"start":{"line":313,"column":8},"end":{"line":313,"column":54},"skip":true},"75":{"start":{"line":314,"column":8},"end":{"line":314,"column":69},"skip":true},"76":{"start":{"line":315,"column":8},"end":{"line":323,"column":36},"skip":true},"77":{"start":{"line":316,"column":12},"end":{"line":316,"column":61},"skip":true},"78":{"start":{"line":317,"column":12},"end":{"line":320,"column":13},"skip":true},"79":{"start":{"line":318,"column":16},"end":{"line":318,"column":75},"skip":true},"80":{"start":{"line":319,"column":16},"end":{"line":319,"column":23},"skip":true},"81":{"start":{"line":321,"column":12},"end":{"line":321,"column":38},"skip":true},"82":{"start":{"line":322,"column":12},"end":{"line":322,"column":27},"skip":true},"83":{"start":{"line":324,"column":8},"end":{"line":324,"column":14},"skip":true}},"branchMap":{"1":{"line":39,"type":"binary-expr","locations":[{"start":{"line":39,"column":23},"end":{"line":39,"column":62}},{"start":{"line":40,"column":20},"end":{"line":40,"column":70}},{"start":{"line":41,"column":20},"end":{"line":41,"column":71}},{"start":{"line":42,"column":20},"end":{"line":42,"column":29}}]},"2":{"line":44,"type":"binary-expr","locations":[{"start":{"line":44,"column":23},"end":{"line":44,"column":37}},{"start":{"line":45,"column":20},"end":{"line":45,"column":61}},{"start":{"line":46,"column":20},"end":{"line":46,"column":70}},{"start":{"line":47,"column":20},"end":{"line":47,"column":26}}]},"3":{"line":51,"type":"cond-expr","locations":[{"start":{"line":52,"column":14},"end":{"line":52,"column":20}},{"start":{"line":53,"column":14},"end":{"line":53,"column":20}}]},"4":{"line":55,"type":"binary-expr","locations":[{"start":{"line":55,"column":16},"end":{"line":55,"column":44}},{"start":{"line":55,"column":49},"end":{"line":57,"column":43}}]},"5":{"line":55,"type":"cond-expr","locations":[{"start":{"line":56,"column":14},"end":{"line":56,"column":48}},{"start":{"line":57,"column":14},"end":{"line":57,"column":43}}]},"6":{"line":61,"type":"switch","locations":[{"start":{"line":68,"column":4},"end":{"line":150,"column":14},"skip":true},{"start":{"line":156,"column":4},"end":{"line":324,"column":14},"skip":true}]},"7":{"line":70,"type":"if","locations":[{"start":{"line":70,"column":12},"end":{"line":70,"column":12},"skip":true},{"start":{"line":70,"column":12},"end":{"line":70,"column":12},"skip":true}]},"8":{"line":70,"type":"binary-expr","locations":[{"start":{"line":70,"column":16},"end":{"line":70,"column":22},"skip":true},{"start":{"line":70,"column":27},"end":{"line":70,"column":32},"skip":true},{"start":{"line":71,"column":20},"end":{"line":71,"column":39},"skip":true},{"start":{"line":72,"column":20},"end":{"line":72,"column":49},"skip":true},{"start":{"line":73,"column":20},"end":{"line":73,"column":58},"skip":true},{"start":{"line":74,"column":20},"end":{"line":74,"column":69},"skip":true}]},"9":{"line":79,"type":"switch","locations":[{"start":{"line":80,"column":20},"end":{"line":80,"column":33},"skip":true},{"start":{"line":81,"column":20},"end":{"line":83,"column":30},"skip":true},{"start":{"line":84,"column":20},"end":{"line":85,"column":49},"skip":true}]},"10":{"line":89,"type":"switch","locations":[{"start":{"line":90,"column":12},"end":{"line":103,"column":22},"skip":true},{"start":{"line":105,"column":12},"end":{"line":106,"column":22},"skip":true}]},"11":{"line":89,"type":"binary-expr","locations":[{"start":{"line":89,"column":20},"end":{"line":89,"column":25},"skip":true},{"start":{"line":89,"column":29},"end":{"line":89,"column":48},"skip":true},{"start":{"line":89,"column":52},"end":{"line":89,"column":74},"skip":true}]},"12":{"line":92,"type":"if","locations":[{"start":{"line":92,"column":16},"end":{"line":92,"column":16},"skip":true},{"start":{"line":92,"column":16},"end":{"line":92,"column":16},"skip":true}]},"13":{"line":108,"type":"if","locations":[{"start":{"line":108,"column":12},"end":{"line":108,"column":12},"skip":true},{"start":{"line":108,"column":12},"end":{"line":108,"column":12},"skip":true}]},"14":{"line":108,"type":"binary-expr","locations":[{"start":{"line":108,"column":16},"end":{"line":108,"column":61},"skip":true},{"start":{"line":108,"column":66},"end":{"line":108,"column":72},"skip":true},{"start":{"line":108,"column":77},"end":{"line":108,"column":82},"skip":true},{"start":{"line":109,"column":20},"end":{"line":109,"column":39},"skip":true},{"start":{"line":110,"column":20},"end":{"line":110,"column":49},"skip":true},{"start":{"line":111,"column":20},"end":{"line":111,"column":58},"skip":true},{"start":{"line":112,"column":20},"end":{"line":112,"column":68},"skip":true}]},"15":{"line":129,"type":"if","locations":[{"start":{"line":129,"column":16},"end":{"line":129,"column":16},"skip":true},{"start":{"line":129,"column":16},"end":{"line":129,"column":16},"skip":true}]},"16":{"line":134,"type":"cond-expr","locations":[{"start":{"line":135,"column":26},"end":{"line":135,"column":29},"skip":true},{"start":{"line":136,"column":26},"end":{"line":136,"column":54},"skip":true}]},"17":{"line":164,"type":"binary-expr","locations":[{"start":{"line":164,"column":27},"end":{"line":164,"column":43},"skip":true},{"start":{"line":164,"column":47},"end":{"line":164,"column":49},"skip":true}]},"18":{"line":258,"type":"if","locations":[{"start":{"line":258,"column":8},"end":{"line":258,"column":8},"skip":true},{"start":{"line":258,"column":8},"end":{"line":258,"column":8},"skip":true}]},"19":{"line":275,"type":"switch","locations":[{"start":{"line":276,"column":20},"end":{"line":277,"column":64},"skip":true},{"start":{"line":278,"column":20},"end":{"line":279,"column":40},"skip":true},{"start":{"line":280,"column":20},"end":{"line":281,"column":40},"skip":true},{"start":{"line":282,"column":20},"end":{"line":283,"column":39},"skip":true}]},"20":{"line":288,"type":"if","locations":[{"start":{"line":288,"column":8},"end":{"line":288,"column":8},"skip":true},{"start":{"line":288,"column":8},"end":{"line":288,"column":8},"skip":true}]},"21":{"line":288,"type":"binary-expr","locations":[{"start":{"line":288,"column":12},"end":{"line":288,"column":40},"skip":true},{"start":{"line":288,"column":44},"end":{"line":288,"column":67},"skip":true}]},"22":{"line":292,"type":"binary-expr","locations":[{"start":{"line":292,"column":12},"end":{"line":292,"column":50},"skip":true},{"start":{"line":293,"column":12},"end":{"line":293,"column":53},"skip":true}]},"23":{"line":297,"type":"binary-expr","locations":[{"start":{"line":297,"column":12},"end":{"line":297,"column":62},"skip":true},{"start":{"line":298,"column":12},"end":{"line":301,"column":36},"skip":true}]},"24":{"line":303,"type":"binary-expr","locations":[{"start":{"line":303,"column":43},"end":{"line":303,"column":75},"skip":true},{"start":{"line":303,"column":79},"end":{"line":303,"column":81},"skip":true}]},"25":{"line":306,"type":"if","locations":[{"start":{"line":306,"column":8},"end":{"line":306,"column":8},"skip":true},{"start":{"line":306,"column":8},"end":{"line":306,"column":8},"skip":true}]},"26":{"line":310,"type":"if","locations":[{"start":{"line":310,"column":8},"end":{"line":310,"column":8},"skip":true},{"start":{"line":310,"column":8},"end":{"line":310,"column":8},"skip":true}]},"27":{"line":313,"type":"binary-expr","locations":[{"start":{"line":313,"column":27},"end":{"line":313,"column":43},"skip":true},{"start":{"line":313,"column":47},"end":{"line":313,"column":53},"skip":true}]},"28":{"line":317,"type":"if","locations":[{"start":{"line":317,"column":12},"end":{"line":317,"column":12},"skip":true},{"start":{"line":317,"column":12},"end":{"line":317,"column":12},"skip":true}]}},"code":["/*","example.js","","quickstart example","","instruction","    1. save this script as example.js","    2. run the shell command:","        $ npm install npmtest-glob && PORT=8081 node example.js","    3. play with the browser-demo on http://127.0.0.1:8081","*/","","","","/* istanbul instrument in package npmtest_glob */","/*jslint","    bitwise: true,","    browser: true,","    maxerr: 8,","    maxlen: 96,","    node: true,","    nomen: true,","    regexp: true,","    stupid: true","*/","(function () {","    'use strict';","    var local;","","","","    // run shared js-env code - init-before","    (function () {","        // init local","        local = {};","        // init modeJs","        local.modeJs = (function () {","            try {","                return typeof navigator.userAgent === 'string' &&","                    typeof document.querySelector('body') === 'object' &&","                    typeof XMLHttpRequest.prototype.open === 'function' &&","                    'browser';","            } catch (errorCaughtBrowser) {","                return module.exports &&","                    typeof process.versions.node === 'string' &&","                    typeof require('http').createServer === 'function' &&","                    'node';","            }","        }());","        // init global","        local.global = local.modeJs === 'browser'","            ? window","            : global;","        // init utility2_rollup","        local = local.global.utility2_rollup || (local.modeJs === 'browser'","            ? local.global.utility2_npmtest_glob","            : global.utility2_moduleExports);","        // export local","        local.global.local = local;","    }());","    switch (local.modeJs) {","","","","    // init-after","    // run browser js-env code - init-after","    /* istanbul ignore next */","    case 'browser':","        local.testRunBrowser = function (event) {","            if (!event || (event &&","                    event.currentTarget &&","                    event.currentTarget.className &&","                    event.currentTarget.className.includes &&","                    event.currentTarget.className.includes('onreset'))) {","                // reset output","                Array.from(","                    document.querySelectorAll('body > .resettable')","                ).forEach(function (element) {","                    switch (element.tagName) {","                    case 'INPUT':","                    case 'TEXTAREA':","                        element.value = '';","                        break;","                    default:","                        element.textContent = '';","                    }","                });","            }","            switch (event && event.currentTarget && event.currentTarget.id) {","            case 'testRunButton1':","                // show tests","                if (document.querySelector('#testReportDiv1').style.display === 'none') {","                    document.querySelector('#testReportDiv1').style.display = 'block';","                    document.querySelector('#testRunButton1').textContent =","                        'hide internal test';","                    local.modeTest = true;","                    local.testRunDefault(local);","                // hide tests","                } else {","                    document.querySelector('#testReportDiv1').style.display = 'none';","                    document.querySelector('#testRunButton1').textContent = 'run internal test';","                }","                break;","            // custom-case","            default:","                break;","            }","            if (document.querySelector('#inputTextareaEval1') && (!event || (event &&","                    event.currentTarget &&","                    event.currentTarget.className &&","                    event.currentTarget.className.includes &&","                    event.currentTarget.className.includes('oneval')))) {","                // try to eval input-code","                try {","                    /*jslint evil: true*/","                    eval(document.querySelector('#inputTextareaEval1').value);","                } catch (errorCaught) {","                    console.error(errorCaught);","                }","            }","        };","        // log stderr and stdout to #outputTextareaStdout1","        ['error', 'log'].forEach(function (key) {","            console[key + '_original'] = console[key];","            console[key] = function () {","                var element;","                console[key + '_original'].apply(console, arguments);","                element = document.querySelector('#outputTextareaStdout1');","                if (!element) {","                    return;","                }","                // append text to #outputTextareaStdout1","                element.value += Array.from(arguments).map(function (arg) {","                    return typeof arg === 'string'","                        ? arg","                        : JSON.stringify(arg, null, 4);","                }).join(' ') + '\\n';","                // scroll textarea to bottom","                element.scrollTop = element.scrollHeight;","            };","        });","        // init event-handling","        ['change', 'click', 'keyup'].forEach(function (event) {","            Array.from(document.querySelectorAll('.on' + event)).forEach(function (element) {","                element.addEventListener(event, local.testRunBrowser);","            });","        });","        // run tests","        local.testRunBrowser();","        break;","","","","    // run node js-env code - init-after","    /* istanbul ignore next */","    case 'node':","        // export local","        module.exports = local;","        // require modules","        local.fs = require('fs');","        local.http = require('http');","        local.url = require('url');","        // init assets","        local.assetsDict = local.assetsDict || {};","        /* jslint-ignore-begin */","        local.assetsDict['/assets.index.template.html'] = '\\","<!doctype html>\\n\\","<html lang=\"en\">\\n\\","<head>\\n\\","<meta charset=\"UTF-8\">\\n\\","<meta name=\"viewport\" content=\"width=device-width, initial-scale=1\">\\n\\","<title>{{env.npm_package_name}} (v{{env.npm_package_version}})</title>\\n\\","<style>\\n\\","/*csslint\\n\\","    box-sizing: false,\\n\\","    universal-selector: false\\n\\","*/\\n\\","* {\\n\\","    box-sizing: border-box;\\n\\","}\\n\\","body {\\n\\","    background: #dde;\\n\\","    font-family: Arial, Helvetica, sans-serif;\\n\\","    margin: 2rem;\\n\\","}\\n\\","body > * {\\n\\","    margin-bottom: 1rem;\\n\\","}\\n\\",".utility2FooterDiv {\\n\\","    margin-top: 20px;\\n\\","    text-align: center;\\n\\","}\\n\\","</style>\\n\\","<style>\\n\\","/*csslint\\n\\","*/\\n\\","textarea {\\n\\","    font-family: monospace;\\n\\","    height: 10rem;\\n\\","    width: 100%;\\n\\","}\\n\\","textarea[readonly] {\\n\\","    background: #ddd;\\n\\","}\\n\\","</style>\\n\\","</head>\\n\\","<body>\\n\\","<!-- utility2-comment\\n\\","<div id=\"ajaxProgressDiv1\" style=\"background: #d00; height: 2px; left: 0; margin: 0; padding: 0; position: fixed; top: 0; transition: background 0.5s, width 1.5s; width: 25%;\"></div>\\n\\","utility2-comment -->\\n\\","<h1>\\n\\","<!-- utility2-comment\\n\\","    <a\\n\\","        {{#if env.npm_package_homepage}}\\n\\","        href=\"{{env.npm_package_homepage}}\"\\n\\","        {{/if env.npm_package_homepage}}\\n\\","        target=\"_blank\"\\n\\","    >\\n\\","utility2-comment -->\\n\\","        {{env.npm_package_name}} (v{{env.npm_package_version}})\\n\\","<!-- utility2-comment\\n\\","    </a>\\n\\","utility2-comment -->\\n\\","</h1>\\n\\","<h3>{{env.npm_package_description}}</h3>\\n\\","<!-- utility2-comment\\n\\","<h4><a download href=\"assets.app.js\">download standalone app</a></h4>\\n\\","<button class=\"onclick onreset\" id=\"testRunButton1\">run internal test</button><br>\\n\\","<div id=\"testReportDiv1\" style=\"display: none;\"></div>\\n\\","utility2-comment -->\\n\\","\\n\\","\\n\\","\\n\\","<label>stderr and stdout</label>\\n\\","<textarea class=\"resettable\" id=\"outputTextareaStdout1\" readonly></textarea>\\n\\","<!-- utility2-comment\\n\\","{{#if isRollup}}\\n\\","<script src=\"assets.app.js\"></script>\\n\\","{{#unless isRollup}}\\n\\","utility2-comment -->\\n\\","<script src=\"assets.utility2.rollup.js\"></script>\\n\\","<script src=\"jsonp.utility2._stateInit?callback=window.utility2._stateInit\"></script>\\n\\","<script src=\"assets.npmtest_glob.rollup.js\"></script>\\n\\","<script src=\"assets.example.js\"></script>\\n\\","<script src=\"assets.test.js\"></script>\\n\\","<!-- utility2-comment\\n\\","{{/if isRollup}}\\n\\","utility2-comment -->\\n\\","<div class=\"utility2FooterDiv\">\\n\\","    [ this app was created with\\n\\","    <a href=\"https://github.com/kaizhu256/node-utility2\" target=\"_blank\">utility2</a>\\n\\","    ]\\n\\","</div>\\n\\","</body>\\n\\","</html>\\n\\","';","        /* jslint-ignore-end */","        if (local.templateRender) {","            local.assetsDict['/'] = local.templateRender(","                local.assetsDict['/assets.index.template.html'],","                {","                    env: local.objectSetDefault(local.env, {","                        npm_package_description: 'the greatest app in the world!',","                        npm_package_name: 'my-app',","                        npm_package_nameAlias: 'my_app',","                        npm_package_version: '0.0.1'","                    })","                }","            );","        } else {","            local.assetsDict['/'] = local.assetsDict['/assets.index.template.html']","                .replace((/\\{\\{env\\.(\\w+?)\\}\\}/g), function (match0, match1) {","                    // jslint-hack","                    String(match0);","                    switch (match1) {","                    case 'npm_package_description':","                        return 'the greatest app in the world!';","                    case 'npm_package_name':","                        return 'my-app';","                    case 'npm_package_nameAlias':","                        return 'my_app';","                    case 'npm_package_version':","                        return '0.0.1';","                    }","                });","        }","        // run the cli","        if (local.global.utility2_rollup || module !== require.main) {","            break;","        }","        local.assetsDict['/assets.example.js'] =","            local.assetsDict['/assets.example.js'] ||","            local.fs.readFileSync(__filename, 'utf8');","        // bug-workaround - long $npm_package_buildCustomOrg","        /* jslint-ignore-begin */","        local.assetsDict['/assets.npmtest_glob.rollup.js'] =","            local.assetsDict['/assets.npmtest_glob.rollup.js'] ||","            local.fs.readFileSync(","                local.npmtest_glob.__dirname + '/lib.npmtest_glob.js',","                'utf8'","            ).replace((/^#!/), '//');","        /* jslint-ignore-end */","        local.assetsDict['/favicon.ico'] = local.assetsDict['/favicon.ico'] || '';","        // if $npm_config_timeout_exit exists,","        // then exit this process after $npm_config_timeout_exit ms","        if (Number(process.env.npm_config_timeout_exit)) {","            setTimeout(process.exit, Number(process.env.npm_config_timeout_exit));","        }","        // start server","        if (local.global.utility2_serverHttp1) {","            break;","        }","        process.env.PORT = process.env.PORT || '8081';","        console.error('server starting on port ' + process.env.PORT);","        local.http.createServer(function (request, response) {","            request.urlParsed = local.url.parse(request.url);","            if (local.assetsDict[request.urlParsed.pathname] !== undefined) {","                response.end(local.assetsDict[request.urlParsed.pathname]);","                return;","            }","            response.statusCode = 404;","            response.end();","        }).listen(process.env.PORT);","        break;","    }","}());",""],"l":{"26":2,"28":2,"33":2,"35":2,"37":2,"38":2,"39":2,"44":1,"51":2,"55":2,"59":2,"61":2,"69":1,"70":2,"76":2,"79":2,"82":2,"83":2,"85":1,"89":2,"92":1,"93":1,"94":1,"96":1,"97":1,"100":1,"101":1,"103":1,"106":1,"108":2,"114":1,"116":1,"118":1,"123":1,"124":2,"125":2,"126":3,"127":3,"128":3,"129":3,"130":1,"133":3,"134":3,"139":3,"143":1,"144":3,"145":1,"149":1,"150":1,"158":1,"160":1,"161":1,"162":1,"164":1,"166":1,"258":1,"259":1,"271":1,"274":6,"275":6,"277":1,"279":2,"281":1,"283":2,"288":1,"289":1,"291":1,"296":1,"303":1,"306":1,"307":1,"310":1,"311":1,"313":1,"314":1,"315":1,"316":1,"317":1,"318":1,"319":1,"321":1,"322":1,"324":1}},"/home/travis/build/npmtest/node-npmtest-glob/node_modules/glob/glob.js":{"path":"/home/travis/build/npmtest/node-npmtest-glob/node_modules/glob/glob.js","s":{"1":1,"2":1,"3":1,"4":1,"5":1,"6":1,"7":1,"8":1,"9":1,"10":1,"11":1,"12":1,"13":1,"14":1,"15":1,"16":1,"17":1,"18":1,"19":1,"20":1,"21":1,"22":1,"23":0,"24":0,"25":0,"26":0,"27":0,"28":0,"29":0,"30":0,"31":0,"32":1,"33":1,"34":1,"35":1,"36":0,"37":0,"38":0,"39":0,"40":0,"41":0,"42":0,"43":1,"44":0,"45":0,"46":0,"47":0,"48":0,"49":0,"50":0,"51":0,"52":0,"53":0,"54":0,"55":0,"56":1,"57":1,"58":1,"59":0,"60":0,"61":0,"62":0,"63":0,"64":0,"65":0,"66":0,"67":0,"68":0,"69":0,"70":0,"71":0,"72":0,"73":0,"74":0,"75":0,"76":0,"77":0,"78":0,"79":0,"80":0,"81":0,"82":0,"83":0,"84":0,"85":0,"86":0,"87":0,"88":0,"89":0,"90":0,"91":0,"92":1,"93":0,"94":0,"95":0,"96":0,"97":0,"98":0,"99":1,"100":0,"101":0,"102":0,"103":0,"104":0,"105":0,"106":0,"107":1,"108":0,"109":0,"110":0,"111":0,"112":0,"113":0,"114":0,"115":0,"116":0,"117":1,"118":0,"119":0,"120":1,"121":0,"122":0,"123":0,"124":0,"125":0,"126":0,"127":0,"128":0,"129":0,"130":0,"131":0,"132":0,"133":0,"134":0,"135":0,"136":0,"137":0,"138":0,"139":0,"140":0,"141":1,"142":0,"143":1,"144":0,"145":1,"146":0,"147":0,"148":1,"149":0,"150":0,"151":0,"152":1,"153":0,"154":0,"155":0,"156":0,"157":0,"158":0,"159":0,"160":0,"161":0,"162":0,"163":0,"164":0,"165":0,"166":0,"167":0,"168":0,"169":1,"170":0,"171":0,"172":0,"173":0,"174":0,"175":0,"176":0,"177":0,"178":0,"179":0,"180":0,"181":0,"182":0,"183":0,"184":0,"185":0,"186":0,"187":0,"188":0,"189":0,"190":0,"191":0,"192":0,"193":0,"194":0,"195":0,"196":0,"197":0,"198":0,"199":0,"200":0,"201":0,"202":0,"203":0,"204":0,"205":1,"206":0,"207":0,"208":0,"209":1,"210":0,"211":0,"212":0,"213":0,"214":0,"215":0,"216":0,"217":0,"218":0,"219":0,"220":0,"221":0,"222":0,"223":0,"224":0,"225":0,"226":0,"227":0,"228":0,"229":0,"230":0,"231":0,"232":0,"233":0,"234":0,"235":0,"236":0,"237":0,"238":0,"239":0,"240":0,"241":0,"242":0,"243":0,"244":0,"245":0,"246":0,"247":0,"248":0,"249":0,"250":0,"251":0,"252":1,"253":0,"254":0,"255":0,"256":0,"257":0,"258":0,"259":0,"260":0,"261":0,"262":0,"263":0,"264":0,"265":0,"266":0,"267":0,"268":0,"269":0,"270":0,"271":0,"272":0,"273":0,"274":0,"275":0,"276":1,"277":0,"278":0,"279":0,"280":0,"281":0,"282":0,"283":0,"284":0,"285":0,"286":1,"287":0,"288":0,"289":0,"290":0,"291":0,"292":0,"293":0,"294":0,"295":1,"296":0,"297":0,"298":0,"299":0,"300":0,"301":0,"302":0,"303":0,"304":0,"305":0,"306":0,"307":0,"308":0,"309":0,"310":0,"311":1,"312":0,"313":0,"314":0,"315":0,"316":1,"317":0,"318":0,"319":0,"320":0,"321":0,"322":0,"323":0,"324":0,"325":0,"326":0,"327":0,"328":1,"329":0,"330":0,"331":0,"332":0,"333":0,"334":0,"335":0,"336":0,"337":0,"338":0,"339":0,"340":0,"341":0,"342":0,"343":0,"344":0,"345":0,"346":0,"347":0,"348":0,"349":0,"350":0,"351":1,"352":0,"353":0,"354":0,"355":1,"356":0,"357":0,"358":0,"359":0,"360":0,"361":0,"362":0,"363":0,"364":0,"365":0,"366":0,"367":0,"368":0,"369":0,"370":0,"371":0,"372":0,"373":0,"374":0,"375":1,"376":0,"377":0,"378":0,"379":1,"380":0,"381":0,"382":0,"383":0,"384":0,"385":0,"386":0,"387":0,"388":0,"389":0,"390":0,"391":0,"392":0,"393":0,"394":0,"395":1,"396":0,"397":0,"398":0,"399":0,"400":0,"401":0,"402":0,"403":0,"404":0,"405":0,"406":0,"407":0,"408":0,"409":0,"410":0,"411":0,"412":0,"413":0,"414":0,"415":0,"416":0,"417":0,"418":0,"419":0,"420":0,"421":1,"422":0,"423":0,"424":0,"425":0,"426":0,"427":0,"428":1,"429":0,"430":0,"431":0,"432":0,"433":0,"434":0,"435":0,"436":0,"437":0,"438":0,"439":0,"440":0,"441":0,"442":0},"b":{"1":[0,0],"2":[0,0],"3":[0,0],"4":[0,0],"5":[0,0],"6":[0,0],"7":[0,0],"8":[0,0],"9":[0,0],"10":[0,0],"11":[0,0],"12":[0,0],"13":[0,0],"14":[0,0],"15":[0,0],"16":[0,0],"17":[0,0],"18":[0,0],"19":[0,0],"20":[0,0],"21":[0,0],"22":[0,0],"23":[0,0],"24":[0,0],"25":[0,0],"26":[0,0],"27":[0,0],"28":[0,0],"29":[0,0],"30":[0,0],"31":[0,0],"32":[0,0],"33":[0,0],"34":[0,0],"35":[0,0],"36":[0,0],"37":[0,0,0],"38":[0,0],"39":[0,0],"40":[0,0],"41":[0,0],"42":[0,0],"43":[0,0],"44":[0,0],"45":[0,0],"46":[0,0],"47":[0,0],"48":[0,0],"49":[0,0],"50":[0,0],"51":[0,0],"52":[0,0],"53":[0,0],"54":[0,0,0],"55":[0,0],"56":[0,0],"57":[0,0],"58":[0,0],"59":[0,0],"60":[0,0],"61":[0,0],"62":[0,0],"63":[0,0],"64":[0,0],"65":[0,0],"66":[0,0],"67":[0,0],"68":[0,0],"69":[0,0],"70":[0,0],"71":[0,0],"72":[0,0],"73":[0,0],"74":[0,0],"75":[0,0],"76":[0,0],"77":[0,0],"78":[0,0],"79":[0,0],"80":[0,0,0],"81":[0,0],"82":[0,0],"83":[0,0],"84":[0,0],"85":[0,0],"86":[0,0],"87":[0,0],"88":[0,0],"89":[0,0],"90":[0,0],"91":[0,0],"92":[0,0],"93":[0,0],"94":[0,0],"95":[0,0,0,0,0,0,0],"96":[0,0],"97":[0,0],"98":[0,0],"99":[0,0],"100":[0,0],"101":[0,0],"102":[0,0],"103":[0,0],"104":[0,0],"105":[0,0],"106":[0,0],"107":[0,0],"108":[0,0,0],"109":[0,0],"110":[0,0],"111":[0,0],"112":[0,0],"113":[0,0],"114":[0,0],"115":[0,0],"116":[0,0],"117":[0,0],"118":[0,0],"119":[0,0],"120":[0,0],"121":[0,0],"122":[0,0],"123":[0,0],"124":[0,0],"125":[0,0],"126":[0,0],"127":[0,0],"128":[0,0],"129":[0,0],"130":[0,0,0],"131":[0,0],"132":[0,0,0],"133":[0,0],"134":[0,0],"135":[0,0],"136":[0,0],"137":[0,0]},"f":{"1":0,"2":0,"3":0,"4":0,"5":0,"6":0,"7":0,"8":0,"9":0,"10":0,"11":0,"12":0,"13":0,"14":0,"15":0,"16":0,"17":0,"18":0,"19":0,"20":0,"21":0,"22":0,"23":0,"24":0,"25":0,"26":0,"27":0,"28":0,"29":0,"30":0,"31":0,"32":0,"33":0,"34":0,"35":0,"36":0,"37":0,"38":0,"39":0,"40":0},"fnMap":{"1":{"name":"glob","line":65,"loc":{"start":{"line":65,"column":0},"end":{"line":65,"column":37}}},"2":{"name":"extend","line":84,"loc":{"start":{"line":84,"column":0},"end":{"line":84,"column":30}}},"3":{"name":"(anonymous_3)","line":97,"loc":{"start":{"line":97,"column":16},"end":{"line":97,"column":45}}},"4":{"name":"Glob","line":120,"loc":{"start":{"line":120,"column":0},"end":{"line":120,"column":37}}},"5":{"name":"(anonymous_5)","line":150,"loc":{"start":{"line":150,"column":19},"end":{"line":150,"column":38}}},"6":{"name":"done","line":176,"loc":{"start":{"line":176,"column":2},"end":{"line":176,"column":19}}},"7":{"name":"(anonymous_7)","line":180,"loc":{"start":{"line":180,"column":25},"end":{"line":180,"column":37}}},"8":{"name":"(anonymous_8)","line":190,"loc":{"start":{"line":190,"column":25},"end":{"line":190,"column":37}}},"9":{"name":"(anonymous_9)","line":202,"loc":{"start":{"line":202,"column":27},"end":{"line":202,"column":39}}},"10":{"name":"next","line":216,"loc":{"start":{"line":216,"column":2},"end":{"line":216,"column":19}}},"11":{"name":"(anonymous_11)","line":222,"loc":{"start":{"line":222,"column":30},"end":{"line":222,"column":51}}},"12":{"name":"(anonymous_12)","line":235,"loc":{"start":{"line":235,"column":16},"end":{"line":235,"column":32}}},"13":{"name":"(anonymous_13)","line":240,"loc":{"start":{"line":240,"column":39},"end":{"line":240,"column":59}}},"14":{"name":"(anonymous_14)","line":256,"loc":{"start":{"line":256,"column":23},"end":{"line":256,"column":36}}},"15":{"name":"(anonymous_15)","line":260,"loc":{"start":{"line":260,"column":26},"end":{"line":260,"column":39}}},"16":{"name":"(anonymous_16)","line":264,"loc":{"start":{"line":264,"column":23},"end":{"line":264,"column":35}}},"17":{"name":"(anonymous_17)","line":269,"loc":{"start":{"line":269,"column":23},"end":{"line":269,"column":35}}},"18":{"name":"(anonymous_18)","line":276,"loc":{"start":{"line":276,"column":24},"end":{"line":276,"column":36}}},"19":{"name":"(anonymous_19)","line":300,"loc":{"start":{"line":300,"column":26},"end":{"line":300,"column":68}}},"20":{"name":"(anonymous_20)","line":370,"loc":{"start":{"line":370,"column":33},"end":{"line":370,"column":93}}},"21":{"name":"(anonymous_21)","line":372,"loc":{"start":{"line":372,"column":33},"end":{"line":372,"column":56}}},"22":{"name":"(anonymous_22)","line":377,"loc":{"start":{"line":377,"column":34},"end":{"line":377,"column":103}}},"23":{"name":"(anonymous_23)","line":456,"loc":{"start":{"line":456,"column":28},"end":{"line":456,"column":48}}},"24":{"name":"(anonymous_24)","line":494,"loc":{"start":{"line":494,"column":36},"end":{"line":494,"column":55}}},"25":{"name":"lstatcb_","line":510,"loc":{"start":{"line":510,"column":2},"end":{"line":510,"column":32}}},"26":{"name":"(anonymous_26)","line":527,"loc":{"start":{"line":527,"column":26},"end":{"line":527,"column":57}}},"27":{"name":"readdirCb","line":552,"loc":{"start":{"line":552,"column":0},"end":{"line":552,"column":35}}},"28":{"name":"(anonymous_28)","line":553,"loc":{"start":{"line":553,"column":9},"end":{"line":553,"column":32}}},"29":{"name":"(anonymous_29)","line":561,"loc":{"start":{"line":561,"column":33},"end":{"line":561,"column":61}}},"30":{"name":"(anonymous_30)","line":583,"loc":{"start":{"line":583,"column":31},"end":{"line":583,"column":52}}},"31":{"name":"(anonymous_31)","line":625,"loc":{"start":{"line":625,"column":34},"end":{"line":625,"column":94}}},"32":{"name":"(anonymous_32)","line":627,"loc":{"start":{"line":627,"column":33},"end":{"line":627,"column":56}}},"33":{"name":"(anonymous_33)","line":633,"loc":{"start":{"line":633,"column":35},"end":{"line":633,"column":104}}},"34":{"name":"(anonymous_34)","line":673,"loc":{"start":{"line":673,"column":32},"end":{"line":673,"column":61}}},"35":{"name":"(anonymous_35)","line":677,"loc":{"start":{"line":677,"column":21},"end":{"line":677,"column":43}}},"36":{"name":"(anonymous_36)","line":681,"loc":{"start":{"line":681,"column":33},"end":{"line":681,"column":74}}},"37":{"name":"(anonymous_37)","line":712,"loc":{"start":{"line":712,"column":23},"end":{"line":712,"column":40}}},"38":{"name":"lstatcb_","line":755,"loc":{"start":{"line":755,"column":2},"end":{"line":755,"column":32}}},"39":{"name":"(anonymous_39)","line":759,"loc":{"start":{"line":759,"column":26},"end":{"line":759,"column":46}}},"40":{"name":"(anonymous_40)","line":771,"loc":{"start":{"line":771,"column":24},"end":{"line":771,"column":56}}}},"statementMap":{"1":{"start":{"line":41,"column":0},"end":{"line":41,"column":21}},"2":{"start":{"line":43,"column":0},"end":{"line":43,"column":22}},"3":{"start":{"line":44,"column":0},"end":{"line":44,"column":31}},"4":{"start":{"line":45,"column":0},"end":{"line":45,"column":36}},"5":{"start":{"line":46,"column":0},"end":{"line":46,"column":35}},"6":{"start":{"line":47,"column":0},"end":{"line":47,"column":34}},"7":{"start":{"line":48,"column":0},"end":{"line":48,"column":39}},"8":{"start":{"line":49,"column":0},"end":{"line":49,"column":26}},"9":{"start":{"line":50,"column":0},"end":{"line":50,"column":30}},"10":{"start":{"line":51,"column":0},"end":{"line":51,"column":44}},"11":{"start":{"line":52,"column":0},"end":{"line":52,"column":35}},"12":{"start":{"line":53,"column":0},"end":{"line":53,"column":35}},"13":{"start":{"line":54,"column":0},"end":{"line":54,"column":32}},"14":{"start":{"line":55,"column":0},"end":{"line":55,"column":34}},"15":{"start":{"line":56,"column":0},"end":{"line":56,"column":28}},"16":{"start":{"line":57,"column":0},"end":{"line":57,"column":28}},"17":{"start":{"line":58,"column":0},"end":{"line":58,"column":34}},"18":{"start":{"line":59,"column":0},"end":{"line":59,"column":26}},"19":{"start":{"line":60,"column":0},"end":{"line":60,"column":44}},"20":{"start":{"line":61,"column":0},"end":{"line":61,"column":32}},"21":{"start":{"line":63,"column":0},"end":{"line":63,"column":26}},"22":{"start":{"line":65,"column":0},"end":{"line":76,"column":1}},"23":{"start":{"line":66,"column":2},"end":{"line":66,"column":63}},"24":{"start":{"line":66,"column":37},"end":{"line":66,"column":63}},"25":{"start":{"line":67,"column":2},"end":{"line":67,"column":28}},"26":{"start":{"line":67,"column":16},"end":{"line":67,"column":28}},"27":{"start":{"line":69,"column":2},"end":{"line":73,"column":3}},"28":{"start":{"line":70,"column":4},"end":{"line":71,"column":59}},"29":{"start":{"line":71,"column":6},"end":{"line":71,"column":59}},"30":{"start":{"line":72,"column":4},"end":{"line":72,"column":37}},"31":{"start":{"line":75,"column":2},"end":{"line":75,"column":39}},"32":{"start":{"line":78,"column":0},"end":{"line":78,"column":20}},"33":{"start":{"line":79,"column":0},"end":{"line":79,"column":48}},"34":{"start":{"line":82,"column":0},"end":{"line":82,"column":16}},"35":{"start":{"line":84,"column":0},"end":{"line":95,"column":1}},"36":{"start":{"line":85,"column":2},"end":{"line":87,"column":3}},"37":{"start":{"line":86,"column":4},"end":{"line":86,"column":17}},"38":{"start":{"line":89,"column":2},"end":{"line":89,"column":29}},"39":{"start":{"line":90,"column":2},"end":{"line":90,"column":21}},"40":{"start":{"line":91,"column":2},"end":{"line":93,"column":3}},"41":{"start":{"line":92,"column":4},"end":{"line":92,"column":34}},"42":{"start":{"line":94,"column":2},"end":{"line":94,"column":15}},"43":{"start":{"line":97,"column":0},"end":{"line":116,"column":1}},"44":{"start":{"line":98,"column":2},"end":{"line":98,"column":36}},"45":{"start":{"line":99,"column":2},"end":{"line":99,"column":26}},"46":{"start":{"line":101,"column":2},"end":{"line":101,"column":36}},"47":{"start":{"line":102,"column":2},"end":{"line":102,"column":27}},"48":{"start":{"line":104,"column":2},"end":{"line":105,"column":16}},"49":{"start":{"line":105,"column":4},"end":{"line":105,"column":16}},"50":{"start":{"line":107,"column":2},"end":{"line":108,"column":15}},"51":{"start":{"line":108,"column":4},"end":{"line":108,"column":15}},"52":{"start":{"line":110,"column":2},"end":{"line":113,"column":3}},"53":{"start":{"line":111,"column":4},"end":{"line":112,"column":17}},"54":{"start":{"line":112,"column":6},"end":{"line":112,"column":17}},"55":{"start":{"line":115,"column":2},"end":{"line":115,"column":14}},"56":{"start":{"line":118,"column":0},"end":{"line":118,"column":16}},"57":{"start":{"line":119,"column":0},"end":{"line":119,"column":18}},"58":{"start":{"line":120,"column":0},"end":{"line":188,"column":1}},"59":{"start":{"line":121,"column":2},"end":{"line":124,"column":3}},"60":{"start":{"line":122,"column":4},"end":{"line":122,"column":16}},"61":{"start":{"line":123,"column":4},"end":{"line":123,"column":18}},"62":{"start":{"line":126,"column":2},"end":{"line":130,"column":3}},"63":{"start":{"line":127,"column":4},"end":{"line":128,"column":59}},"64":{"start":{"line":128,"column":6},"end":{"line":128,"column":59}},"65":{"start":{"line":129,"column":4},"end":{"line":129,"column":41}},"66":{"start":{"line":132,"column":2},"end":{"line":133,"column":41}},"67":{"start":{"line":133,"column":4},"end":{"line":133,"column":41}},"68":{"start":{"line":135,"column":2},"end":{"line":135,"column":33}},"69":{"start":{"line":136,"column":2},"end":{"line":136,"column":27}},"70":{"start":{"line":139,"column":2},"end":{"line":139,"column":35}},"71":{"start":{"line":145,"column":2},"end":{"line":145,"column":29}},"72":{"start":{"line":147,"column":2},"end":{"line":153,"column":3}},"73":{"start":{"line":148,"column":4},"end":{"line":148,"column":17}},"74":{"start":{"line":149,"column":4},"end":{"line":149,"column":24}},"75":{"start":{"line":150,"column":4},"end":{"line":152,"column":6}},"76":{"start":{"line":151,"column":6},"end":{"line":151,"column":23}},"77":{"start":{"line":155,"column":2},"end":{"line":155,"column":17}},"78":{"start":{"line":156,"column":2},"end":{"line":156,"column":35}},"79":{"start":{"line":157,"column":2},"end":{"line":157,"column":22}},"80":{"start":{"line":158,"column":2},"end":{"line":158,"column":29}},"81":{"start":{"line":160,"column":2},"end":{"line":160,"column":22}},"82":{"start":{"line":161,"column":2},"end":{"line":161,"column":25}},"83":{"start":{"line":162,"column":2},"end":{"line":162,"column":21}},"84":{"start":{"line":164,"column":2},"end":{"line":165,"column":15}},"85":{"start":{"line":165,"column":4},"end":{"line":165,"column":15}},"86":{"start":{"line":167,"column":2},"end":{"line":168,"column":17}},"87":{"start":{"line":168,"column":4},"end":{"line":168,"column":17}},"88":{"start":{"line":170,"column":2},"end":{"line":170,"column":17}},"89":{"start":{"line":171,"column":2},"end":{"line":173,"column":3}},"90":{"start":{"line":172,"column":4},"end":{"line":172,"column":56}},"91":{"start":{"line":174,"column":2},"end":{"line":174,"column":14}},"92":{"start":{"line":176,"column":2},"end":{"line":187,"column":3}},"93":{"start":{"line":177,"column":4},"end":{"line":177,"column":22}},"94":{"start":{"line":178,"column":4},"end":{"line":186,"column":5}},"95":{"start":{"line":179,"column":6},"end":{"line":185,"column":7}},"96":{"start":{"line":180,"column":8},"end":{"line":182,"column":10}},"97":{"start":{"line":181,"column":10},"end":{"line":181,"column":24}},"98":{"start":{"line":184,"column":8},"end":{"line":184,"column":22}},"99":{"start":{"line":190,"column":0},"end":{"line":200,"column":1}},"100":{"start":{"line":191,"column":2},"end":{"line":191,"column":30}},"101":{"start":{"line":192,"column":2},"end":{"line":193,"column":10}},"102":{"start":{"line":193,"column":4},"end":{"line":193,"column":10}},"103":{"start":{"line":195,"column":2},"end":{"line":196,"column":27}},"104":{"start":{"line":196,"column":4},"end":{"line":196,"column":27}},"105":{"start":{"line":198,"column":2},"end":{"line":198,"column":21}},"106":{"start":{"line":199,"column":2},"end":{"line":199,"column":30}},"107":{"start":{"line":202,"column":0},"end":{"line":220,"column":1}},"108":{"start":{"line":203,"column":2},"end":{"line":204,"column":10}},"109":{"start":{"line":204,"column":4},"end":{"line":204,"column":10}},"110":{"start":{"line":206,"column":2},"end":{"line":206,"column":26}},"111":{"start":{"line":208,"column":2},"end":{"line":208,"column":29}},"112":{"start":{"line":209,"column":2},"end":{"line":210,"column":25}},"113":{"start":{"line":210,"column":4},"end":{"line":210,"column":25}},"114":{"start":{"line":212,"column":2},"end":{"line":212,"column":17}},"115":{"start":{"line":213,"column":2},"end":{"line":214,"column":30}},"116":{"start":{"line":214,"column":4},"end":{"line":214,"column":30}},"117":{"start":{"line":216,"column":2},"end":{"line":219,"column":3}},"118":{"start":{"line":217,"column":4},"end":{"line":218,"column":20}},"119":{"start":{"line":218,"column":6},"end":{"line":218,"column":20}},"120":{"start":{"line":222,"column":0},"end":{"line":254,"column":1}},"121":{"start":{"line":223,"column":2},"end":{"line":223,"column":36}},"122":{"start":{"line":224,"column":2},"end":{"line":225,"column":15}},"123":{"start":{"line":225,"column":4},"end":{"line":225,"column":15}},"124":{"start":{"line":227,"column":2},"end":{"line":227,"column":35}},"125":{"start":{"line":228,"column":2},"end":{"line":228,"column":17}},"126":{"start":{"line":229,"column":2},"end":{"line":229,"column":22}},"127":{"start":{"line":231,"column":2},"end":{"line":232,"column":15}},"128":{"start":{"line":232,"column":4},"end":{"line":232,"column":15}},"129":{"start":{"line":234,"column":2},"end":{"line":234,"column":53}},"130":{"start":{"line":235,"column":2},"end":{"line":253,"column":4}},"131":{"start":{"line":239,"column":4},"end":{"line":239,"column":24}},"132":{"start":{"line":240,"column":4},"end":{"line":252,"column":6}},"133":{"start":{"line":241,"column":6},"end":{"line":246,"column":30}},"134":{"start":{"line":242,"column":8},"end":{"line":242,"column":24}},"135":{"start":{"line":243,"column":11},"end":{"line":246,"column":30}},"136":{"start":{"line":244,"column":8},"end":{"line":244,"column":21}},"137":{"start":{"line":246,"column":8},"end":{"line":246,"column":30}},"138":{"start":{"line":248,"column":6},"end":{"line":251,"column":7}},"139":{"start":{"line":249,"column":8},"end":{"line":249,"column":33}},"140":{"start":{"line":250,"column":8},"end":{"line":250,"column":12}},"141":{"start":{"line":256,"column":0},"end":{"line":258,"column":1}},"142":{"start":{"line":257,"column":2},"end":{"line":257,"column":29}},"143":{"start":{"line":260,"column":0},"end":{"line":262,"column":1}},"144":{"start":{"line":261,"column":2},"end":{"line":261,"column":32}},"145":{"start":{"line":264,"column":0},"end":{"line":267,"column":1}},"146":{"start":{"line":265,"column":2},"end":{"line":265,"column":21}},"147":{"start":{"line":266,"column":2},"end":{"line":266,"column":20}},"148":{"start":{"line":269,"column":0},"end":{"line":274,"column":1}},"149":{"start":{"line":270,"column":2},"end":{"line":273,"column":3}},"150":{"start":{"line":271,"column":4},"end":{"line":271,"column":22}},"151":{"start":{"line":272,"column":4},"end":{"line":272,"column":22}},"152":{"start":{"line":276,"column":0},"end":{"line":298,"column":1}},"153":{"start":{"line":277,"column":2},"end":{"line":297,"column":3}},"154":{"start":{"line":278,"column":4},"end":{"line":278,"column":23}},"155":{"start":{"line":279,"column":4},"end":{"line":279,"column":23}},"156":{"start":{"line":280,"column":4},"end":{"line":287,"column":5}},"157":{"start":{"line":281,"column":6},"end":{"line":281,"column":39}},"158":{"start":{"line":282,"column":6},"end":{"line":282,"column":32}},"159":{"start":{"line":283,"column":6},"end":{"line":286,"column":7}},"160":{"start":{"line":284,"column":8},"end":{"line":284,"column":21}},"161":{"start":{"line":285,"column":8},"end":{"line":285,"column":35}},"162":{"start":{"line":288,"column":4},"end":{"line":296,"column":5}},"163":{"start":{"line":289,"column":6},"end":{"line":289,"column":42}},"164":{"start":{"line":290,"column":6},"end":{"line":290,"column":35}},"165":{"start":{"line":291,"column":6},"end":{"line":295,"column":7}},"166":{"start":{"line":292,"column":8},"end":{"line":292,"column":21}},"167":{"start":{"line":293,"column":8},"end":{"line":293,"column":26}},"168":{"start":{"line":294,"column":8},"end":{"line":294,"column":45}},"169":{"start":{"line":300,"column":0},"end":{"line":368,"column":1}},"170":{"start":{"line":301,"column":2},"end":{"line":301,"column":30}},"171":{"start":{"line":302,"column":2},"end":{"line":302,"column":34}},"172":{"start":{"line":304,"column":2},"end":{"line":305,"column":10}},"173":{"start":{"line":305,"column":4},"end":{"line":305,"column":10}},"174":{"start":{"line":307,"column":2},"end":{"line":307,"column":20}},"175":{"start":{"line":308,"column":2},"end":{"line":311,"column":3}},"176":{"start":{"line":309,"column":4},"end":{"line":309,"column":61}},"177":{"start":{"line":310,"column":4},"end":{"line":310,"column":10}},"178":{"start":{"line":316,"column":2},"end":{"line":316,"column":11}},"179":{"start":{"line":317,"column":2},"end":{"line":319,"column":3}},"180":{"start":{"line":318,"column":4},"end":{"line":318,"column":8}},"181":{"start":{"line":323,"column":2},"end":{"line":323,"column":12}},"182":{"start":{"line":324,"column":2},"end":{"line":342,"column":3}},"183":{"start":{"line":327,"column":6},"end":{"line":327,"column":55}},"184":{"start":{"line":328,"column":6},"end":{"line":328,"column":12}},"185":{"start":{"line":333,"column":6},"end":{"line":333,"column":19}},"186":{"start":{"line":334,"column":6},"end":{"line":334,"column":11}},"187":{"start":{"line":340,"column":6},"end":{"line":340,"column":44}},"188":{"start":{"line":341,"column":6},"end":{"line":341,"column":11}},"189":{"start":{"line":344,"column":2},"end":{"line":344,"column":31}},"190":{"start":{"line":347,"column":2},"end":{"line":347,"column":10}},"191":{"start":{"line":348,"column":2},"end":{"line":355,"column":17}},"192":{"start":{"line":349,"column":4},"end":{"line":349,"column":14}},"193":{"start":{"line":350,"column":7},"end":{"line":355,"column":17}},"194":{"start":{"line":351,"column":4},"end":{"line":352,"column":27}},"195":{"start":{"line":352,"column":6},"end":{"line":352,"column":27}},"196":{"start":{"line":353,"column":4},"end":{"line":353,"column":17}},"197":{"start":{"line":355,"column":4},"end":{"line":355,"column":17}},"198":{"start":{"line":357,"column":2},"end":{"line":357,"column":31}},"199":{"start":{"line":360,"column":2},"end":{"line":361,"column":15}},"200":{"start":{"line":361,"column":4},"end":{"line":361,"column":15}},"201":{"start":{"line":363,"column":2},"end":{"line":363,"column":51}},"202":{"start":{"line":364,"column":2},"end":{"line":367,"column":74}},"203":{"start":{"line":365,"column":4},"end":{"line":365,"column":75}},"204":{"start":{"line":367,"column":4},"end":{"line":367,"column":74}},"205":{"start":{"line":370,"column":0},"end":{"line":375,"column":1}},"206":{"start":{"line":371,"column":2},"end":{"line":371,"column":17}},"207":{"start":{"line":372,"column":2},"end":{"line":374,"column":4}},"208":{"start":{"line":373,"column":4},"end":{"line":373,"column":91}},"209":{"start":{"line":377,"column":0},"end":{"line":454,"column":1}},"210":{"start":{"line":380,"column":2},"end":{"line":381,"column":15}},"211":{"start":{"line":381,"column":4},"end":{"line":381,"column":15}},"212":{"start":{"line":385,"column":2},"end":{"line":385,"column":20}},"213":{"start":{"line":386,"column":2},"end":{"line":386,"column":38}},"214":{"start":{"line":387,"column":2},"end":{"line":387,"column":24}},"215":{"start":{"line":388,"column":2},"end":{"line":388,"column":51}},"216":{"start":{"line":390,"column":2},"end":{"line":390,"column":25}},"217":{"start":{"line":391,"column":2},"end":{"line":403,"column":3}},"218":{"start":{"line":392,"column":4},"end":{"line":392,"column":22}},"219":{"start":{"line":393,"column":4},"end":{"line":402,"column":5}},"220":{"start":{"line":394,"column":6},"end":{"line":394,"column":11}},"221":{"start":{"line":395,"column":6},"end":{"line":399,"column":7}},"222":{"start":{"line":396,"column":8},"end":{"line":396,"column":24}},"223":{"start":{"line":398,"column":8},"end":{"line":398,"column":23}},"224":{"start":{"line":400,"column":6},"end":{"line":401,"column":30}},"225":{"start":{"line":401,"column":8},"end":{"line":401,"column":30}},"226":{"start":{"line":407,"column":2},"end":{"line":407,"column":33}},"227":{"start":{"line":409,"column":2},"end":{"line":410,"column":15}},"228":{"start":{"line":410,"column":4},"end":{"line":410,"column":15}},"229":{"start":{"line":417,"column":2},"end":{"line":437,"column":3}},"230":{"start":{"line":418,"column":4},"end":{"line":419,"column":47}},"231":{"start":{"line":419,"column":6},"end":{"line":419,"column":47}},"232":{"start":{"line":421,"column":4},"end":{"line":434,"column":5}},"233":{"start":{"line":422,"column":6},"end":{"line":422,"column":31}},"234":{"start":{"line":423,"column":6},"end":{"line":428,"column":7}},"235":{"start":{"line":424,"column":8},"end":{"line":427,"column":24}},"236":{"start":{"line":425,"column":10},"end":{"line":425,"column":30}},"237":{"start":{"line":427,"column":10},"end":{"line":427,"column":24}},"238":{"start":{"line":430,"column":6},"end":{"line":432,"column":7}},"239":{"start":{"line":431,"column":8},"end":{"line":431,"column":35}},"240":{"start":{"line":433,"column":6},"end":{"line":433,"column":31}},"241":{"start":{"line":436,"column":4},"end":{"line":436,"column":15}},"242":{"start":{"line":441,"column":2},"end":{"line":441,"column":16}},"243":{"start":{"line":442,"column":2},"end":{"line":452,"column":3}},"244":{"start":{"line":443,"column":4},"end":{"line":443,"column":29}},"245":{"start":{"line":444,"column":4},"end":{"line":444,"column":18}},"246":{"start":{"line":445,"column":4},"end":{"line":450,"column":5}},"247":{"start":{"line":446,"column":6},"end":{"line":449,"column":22}},"248":{"start":{"line":447,"column":8},"end":{"line":447,"column":28}},"249":{"start":{"line":449,"column":8},"end":{"line":449,"column":22}},"250":{"start":{"line":451,"column":4},"end":{"line":451,"column":60}},"251":{"start":{"line":453,"column":2},"end":{"line":453,"column":6}},"252":{"start":{"line":456,"column":0},"end":{"line":492,"column":1}},"253":{"start":{"line":457,"column":2},"end":{"line":458,"column":10}},"254":{"start":{"line":458,"column":4},"end":{"line":458,"column":10}},"255":{"start":{"line":460,"column":2},"end":{"line":461,"column":10}},"256":{"start":{"line":461,"column":4},"end":{"line":461,"column":10}},"257":{"start":{"line":463,"column":2},"end":{"line":466,"column":3}},"258":{"start":{"line":464,"column":4},"end":{"line":464,"column":36}},"259":{"start":{"line":465,"column":4},"end":{"line":465,"column":10}},"260":{"start":{"line":468,"column":2},"end":{"line":468,"column":48}},"261":{"start":{"line":470,"column":2},"end":{"line":471,"column":21}},"262":{"start":{"line":471,"column":4},"end":{"line":471,"column":21}},"263":{"start":{"line":473,"column":2},"end":{"line":474,"column":11}},"264":{"start":{"line":474,"column":4},"end":{"line":474,"column":11}},"265":{"start":{"line":476,"column":2},"end":{"line":477,"column":10}},"266":{"start":{"line":477,"column":4},"end":{"line":477,"column":10}},"267":{"start":{"line":479,"column":2},"end":{"line":483,"column":3}},"268":{"start":{"line":480,"column":4},"end":{"line":480,"column":27}},"269":{"start":{"line":481,"column":4},"end":{"line":482,"column":12}},"270":{"start":{"line":482,"column":6},"end":{"line":482,"column":12}},"271":{"start":{"line":485,"column":2},"end":{"line":485,"column":31}},"272":{"start":{"line":487,"column":2},"end":{"line":487,"column":30}},"273":{"start":{"line":488,"column":2},"end":{"line":489,"column":28}},"274":{"start":{"line":489,"column":4},"end":{"line":489,"column":28}},"275":{"start":{"line":491,"column":2},"end":{"line":491,"column":23}},"276":{"start":{"line":494,"column":0},"end":{"line":525,"column":1}},"277":{"start":{"line":495,"column":2},"end":{"line":496,"column":10}},"278":{"start":{"line":496,"column":4},"end":{"line":496,"column":10}},"279":{"start":{"line":500,"column":2},"end":{"line":501,"column":40}},"280":{"start":{"line":501,"column":4},"end":{"line":501,"column":40}},"281":{"start":{"line":503,"column":2},"end":{"line":503,"column":32}},"282":{"start":{"line":504,"column":2},"end":{"line":504,"column":17}},"283":{"start":{"line":505,"column":2},"end":{"line":505,"column":44}},"284":{"start":{"line":507,"column":2},"end":{"line":508,"column":26}},"285":{"start":{"line":508,"column":4},"end":{"line":508,"column":26}},"286":{"start":{"line":510,"column":2},"end":{"line":524,"column":3}},"287":{"start":{"line":511,"column":4},"end":{"line":512,"column":17}},"2
[...]
umn":8},"end":{"line":166,"column":21}},"111":{"start":{"line":171,"column":2},"end":{"line":174,"column":6}},"112":{"start":{"line":172,"column":4},"end":{"line":174,"column":6}},"113":{"start":{"line":173,"column":6},"end":{"line":173,"column":32}},"114":{"start":{"line":176,"column":2},"end":{"line":176,"column":18}},"115":{"start":{"line":179,"column":0},"end":{"line":200,"column":1}},"116":{"start":{"line":180,"column":2},"end":{"line":180,"column":28}},"117":{"start":{"line":181,"column":2},"end":{"line":181,"column":25}},"118":{"start":{"line":182,"column":2},"end":{"line":182,"column":11}},"119":{"start":{"line":183,"column":2},"end":{"line":197,"column":3}},"120":{"start":{"line":184,"column":4},"end":{"line":184,"column":47}},"121":{"start":{"line":185,"column":4},"end":{"line":185,"column":35}},"122":{"start":{"line":187,"column":4},"end":{"line":190,"column":24}},"123":{"start":{"line":188,"column":6},"end":{"line":188,"column":14}},"124":{"start":{"line":189,"column":9},"end":{"line":190,"column":24}},"125":{"start":{"line":190,"column":6},"end":{"line":190,"column":24}},"126":{"start":{"line":192,"column":4},"end":{"line":196,"column":5}},"127":{"start":{"line":193,"column":6},"end":{"line":193,"column":33}},"128":{"start":{"line":194,"column":6},"end":{"line":194,"column":48}},"129":{"start":{"line":195,"column":6},"end":{"line":195,"column":40}},"130":{"start":{"line":199,"column":2},"end":{"line":199,"column":10}},"131":{"start":{"line":203,"column":0},"end":{"line":219,"column":1}},"132":{"start":{"line":204,"column":2},"end":{"line":204,"column":13}},"133":{"start":{"line":205,"column":2},"end":{"line":213,"column":3}},"134":{"start":{"line":206,"column":4},"end":{"line":206,"column":33}},"135":{"start":{"line":207,"column":9},"end":{"line":213,"column":3}},"136":{"start":{"line":208,"column":4},"end":{"line":208,"column":11}},"137":{"start":{"line":209,"column":9},"end":{"line":213,"column":3}},"138":{"start":{"line":210,"column":4},"end":{"line":210,"column":35}},"139":{"start":{"line":212,"column":4},"end":{"line":212,"column":25}},"140":{"start":{"line":215,"column":2},"end":{"line":216,"column":33}},"141":{"start":{"line":216,"column":4},"end":{"line":216,"column":33}},"142":{"start":{"line":218,"column":2},"end":{"line":218,"column":12}},"143":{"start":{"line":224,"column":0},"end":{"line":231,"column":1}},"144":{"start":{"line":225,"column":2},"end":{"line":226,"column":16}},"145":{"start":{"line":226,"column":4},"end":{"line":226,"column":16}},"146":{"start":{"line":228,"column":2},"end":{"line":230,"column":4}},"147":{"start":{"line":229,"column":4},"end":{"line":229,"column":85}},"148":{"start":{"line":233,"column":0},"end":{"line":240,"column":1}},"149":{"start":{"line":234,"column":2},"end":{"line":235,"column":16}},"150":{"start":{"line":235,"column":4},"end":{"line":235,"column":16}},"151":{"start":{"line":237,"column":2},"end":{"line":239,"column":4}},"152":{"start":{"line":238,"column":4},"end":{"line":238,"column":57}}},"branchMap":{"1":{"line":29,"type":"binary-expr","locations":[{"start":{"line":29,"column":16},"end":{"line":29,"column":30}},{"start":{"line":29,"column":34},"end":{"line":29,"column":36}}]},"2":{"line":31,"type":"if","locations":[{"start":{"line":31,"column":2},"end":{"line":31,"column":2}},{"start":{"line":31,"column":2},"end":{"line":31,"column":2}}]},"3":{"line":34,"type":"if","locations":[{"start":{"line":34,"column":2},"end":{"line":34,"column":2}},{"start":{"line":34,"column":2},"end":{"line":34,"column":2}}]},"4":{"line":42,"type":"if","locations":[{"start":{"line":42,"column":2},"end":{"line":42,"column":2}},{"start":{"line":42,"column":2},"end":{"line":42,"column":2}}]},"5":{"line":54,"type":"if","locations":[{"start":{"line":54,"column":2},"end":{"line":54,"column":2}},{"start":{"line":54,"column":2},"end":{"line":54,"column":2}}]},"6":{"line":58,"type":"if","locations":[{"start":{"line":58,"column":2},"end":{"line":58,"column":2}},{"start":{"line":58,"column":2},"end":{"line":58,"column":2}}]},"7":{"line":58,"type":"binary-expr","locations":[{"start":{"line":58,"column":6},"end":{"line":58,"column":23}},{"start":{"line":58,"column":27},"end":{"line":58,"column":54}}]},"8":{"line":59,"type":"if","locations":[{"start":{"line":59,"column":4},"end":{"line":59,"column":4}},{"start":{"line":59,"column":4},"end":{"line":59,"column":4}}]},"9":{"line":69,"type":"binary-expr","locations":[{"start":{"line":69,"column":23},"end":{"line":69,"column":44}},{"start":{"line":69,"column":48},"end":{"line":69,"column":67}}]},"10":{"line":74,"type":"if","locations":[{"start":{"line":74,"column":2},"end":{"line":74,"column":2}},{"start":{"line":74,"column":2},"end":{"line":74,"column":2}}]},"11":{"line":85,"type":"binary-expr","locations":[{"start":{"line":85,"column":19},"end":{"line":85,"column":36}},{"start":{"line":85,"column":40},"end":{"line":85,"column":48}}]},"12":{"line":86,"type":"binary-expr","locations":[{"start":{"line":86,"column":15},"end":{"line":86,"column":28}},{"start":{"line":86,"column":32},"end":{"line":86,"column":51}}]},"13":{"line":87,"type":"binary-expr","locations":[{"start":{"line":87,"column":19},"end":{"line":87,"column":36}},{"start":{"line":87,"column":40},"end":{"line":87,"column":59}}]},"14":{"line":88,"type":"binary-expr","locations":[{"start":{"line":88,"column":18},"end":{"line":88,"column":34}},{"start":{"line":88,"column":38},"end":{"line":88,"column":57}}]},"15":{"line":94,"type":"if","locations":[{"start":{"line":94,"column":2},"end":{"line":94,"column":2}},{"start":{"line":94,"column":2},"end":{"line":94,"column":2}}]},"16":{"line":101,"type":"binary-expr","locations":[{"start":{"line":101,"column":14},"end":{"line":101,"column":26}},{"start":{"line":101,"column":30},"end":{"line":101,"column":57}}]},"17":{"line":103,"type":"if","locations":[{"start":{"line":103,"column":2},"end":{"line":103,"column":2}},{"start":{"line":103,"column":2},"end":{"line":103,"column":2}}]},"18":{"line":108,"type":"cond-expr","locations":[{"start":{"line":108,"column":39},"end":{"line":108,"column":47}},{"start":{"line":108,"column":50},"end":{"line":108,"column":73}}]},"19":{"line":109,"type":"if","locations":[{"start":{"line":109,"column":2},"end":{"line":109,"column":2}},{"start":{"line":109,"column":2},"end":{"line":109,"column":2}}]},"20":{"line":124,"type":"cond-expr","locations":[{"start":{"line":124,"column":18},"end":{"line":124,"column":20}},{"start":{"line":124,"column":23},"end":{"line":124,"column":42}}]},"21":{"line":128,"type":"if","locations":[{"start":{"line":128,"column":4},"end":{"line":128,"column":4}},{"start":{"line":128,"column":4},"end":{"line":128,"column":4}}]},"22":{"line":128,"type":"binary-expr","locations":[{"start":{"line":128,"column":8},"end":{"line":128,"column":16}},{"start":{"line":128,"column":20},"end":{"line":128,"column":53}}]},"23":{"line":129,"type":"if","locations":[{"start":{"line":129,"column":6},"end":{"line":129,"column":6}},{"start":{"line":129,"column":6},"end":{"line":129,"column":6}}]},"24":{"line":132,"type":"if","locations":[{"start":{"line":132,"column":8},"end":{"line":132,"column":8}},{"start":{"line":132,"column":8},"end":{"line":132,"column":8}}]},"25":{"line":140,"type":"if","locations":[{"start":{"line":140,"column":6},"end":{"line":140,"column":6}},{"start":{"line":140,"column":6},"end":{"line":140,"column":6}}]},"26":{"line":149,"type":"if","locations":[{"start":{"line":149,"column":2},"end":{"line":149,"column":2}},{"start":{"line":149,"column":2},"end":{"line":149,"column":2}}]},"27":{"line":152,"type":"if","locations":[{"start":{"line":152,"column":2},"end":{"line":152,"column":2}},{"start":{"line":152,"column":2},"end":{"line":152,"column":2}}]},"28":{"line":153,"type":"cond-expr","locations":[{"start":{"line":153,"column":33},"end":{"line":153,"column":43}},{"start":{"line":153,"column":46},"end":{"line":153,"column":55}}]},"29":{"line":156,"type":"if","locations":[{"start":{"line":156,"column":2},"end":{"line":156,"column":2}},{"start":{"line":156,"column":2},"end":{"line":156,"column":2}}]},"30":{"line":160,"type":"if","locations":[{"start":{"line":160,"column":4},"end":{"line":160,"column":4}},{"start":{"line":160,"column":4},"end":{"line":160,"column":4}}]},"31":{"line":163,"type":"binary-expr","locations":[{"start":{"line":163,"column":16},"end":{"line":163,"column":29}},{"start":{"line":163,"column":33},"end":{"line":163,"column":61}}]},"32":{"line":164,"type":"if","locations":[{"start":{"line":164,"column":8},"end":{"line":164,"column":8}},{"start":{"line":164,"column":8},"end":{"line":164,"column":8}}]},"33":{"line":164,"type":"binary-expr","locations":[{"start":{"line":164,"column":12},"end":{"line":164,"column":18}},{"start":{"line":164,"column":22},"end":{"line":164,"column":23}}]},"34":{"line":165,"type":"binary-expr","locations":[{"start":{"line":165,"column":19},"end":{"line":165,"column":30}},{"start":{"line":165,"column":34},"end":{"line":165,"column":51}}]},"35":{"line":171,"type":"if","locations":[{"start":{"line":171,"column":2},"end":{"line":171,"column":2}},{"start":{"line":171,"column":2},"end":{"line":171,"column":2}}]},"36":{"line":183,"type":"if","locations":[{"start":{"line":183,"column":2},"end":{"line":183,"column":2}},{"start":{"line":183,"column":2},"end":{"line":183,"column":2}}]},"37":{"line":184,"type":"binary-expr","locations":[{"start":{"line":184,"column":16},"end":{"line":184,"column":27}},{"start":{"line":184,"column":31},"end":{"line":184,"column":47}}]},"38":{"line":187,"type":"if","locations":[{"start":{"line":187,"column":4},"end":{"line":187,"column":4}},{"start":{"line":187,"column":4},"end":{"line":187,"column":4}}]},"39":{"line":187,"type":"binary-expr","locations":[{"start":{"line":187,"column":8},"end":{"line":187,"column":13}},{"start":{"line":187,"column":17},"end":{"line":187,"column":23}}]},"40":{"line":189,"type":"if","locations":[{"start":{"line":189,"column":9},"end":{"line":189,"column":9}},{"start":{"line":189,"column":9},"end":{"line":189,"column":9}}]},"41":{"line":189,"type":"binary-expr","locations":[{"start":{"line":189,"column":13},"end":{"line":189,"column":19}},{"start":{"line":189,"column":23},"end":{"line":189,"column":28}}]},"42":{"line":192,"type":"if","locations":[{"start":{"line":192,"column":4},"end":{"line":192,"column":4}},{"start":{"line":192,"column":4},"end":{"line":192,"column":4}}]},"43":{"line":205,"type":"if","locations":[{"start":{"line":205,"column":2},"end":{"line":205,"column":2}},{"start":{"line":205,"column":2},"end":{"line":205,"column":2}}]},"44":{"line":207,"type":"if","locations":[{"start":{"line":207,"column":9},"end":{"line":207,"column":9}},{"start":{"line":207,"column":9},"end":{"line":207,"column":9}}]},"45":{"line":207,"type":"binary-expr","locations":[{"start":{"line":207,"column":13},"end":{"line":207,"column":26}},{"start":{"line":207,"column":30},"end":{"line":207,"column":38}}]},"46":{"line":209,"type":"if","locations":[{"start":{"line":209,"column":9},"end":{"line":209,"column":9}},{"start":{"line":209,"column":9},"end":{"line":209,"column":9}}]},"47":{"line":215,"type":"if","locations":[{"start":{"line":215,"column":2},"end":{"line":215,"column":2}},{"start":{"line":215,"column":2},"end":{"line":215,"column":2}}]},"48":{"line":225,"type":"if","locations":[{"start":{"line":225,"column":2},"end":{"line":225,"column":2}},{"start":{"line":225,"column":2},"end":{"line":225,"column":2}}]},"49":{"line":229,"type":"binary-expr","locations":[{"start":{"line":229,"column":11},"end":{"line":229,"column":35}},{"start":{"line":229,"column":39},"end":{"line":229,"column":85}}]},"50":{"line":229,"type":"binary-expr","locations":[{"start":{"line":229,"column":42},"end":{"line":229,"column":55}},{"start":{"line":229,"column":59},"end":{"line":229,"column":84}}]},"51":{"line":234,"type":"if","locations":[{"start":{"line":234,"column":2},"end":{"line":234,"column":2}},{"start":{"line":234,"column":2},"end":{"line":234,"column":2}}]},"52":{"line":238,"type":"binary-expr","locations":[{"start":{"line":238,"column":14},"end":{"line":238,"column":27}},{"start":{"line":238,"column":31},"end":{"line":238,"column":56}}]}},"code":["exports.alphasort = alphasort","exports.alphasorti = alphasorti","exports.setopts = setopts","exports.ownProp = ownProp","exports.makeAbs = makeAbs","exports.finish = finish","exports.mark = mark","exports.isIgnored = isIgnored","exports.childrenIgnored = childrenIgnored","","function ownProp (obj, field) {","  return Object.prototype.hasOwnProperty.call(obj, field)","}","","var path = require(\"path\")","var minimatch = require(\"minimatch\")","var isAbsolute = require(\"path-is-absolute\")","var Minimatch = minimatch.Minimatch","","function alphasorti (a, b) {","  return a.toLowerCase().localeCompare(b.toLowerCase())","}","","function alphasort (a, b) {","  return a.localeCompare(b)","}","","function setupIgnores (self, options) {","  self.ignore = options.ignore || []","","  if (!Array.isArray(self.ignore))","    self.ignore = [self.ignore]","","  if (self.ignore.length) {","    self.ignore = self.ignore.map(ignoreMap)","  }","}","","// ignore patterns are always in dot:true mode.","function ignoreMap (pattern) {","  var gmatcher = null","  if (pattern.slice(-3) === '/**') {","    var gpattern = pattern.replace(/(\\/\\*\\*)+$/, '')","    gmatcher = new Minimatch(gpattern, { dot: true })","  }","","  return {","    matcher: new Minimatch(pattern, { dot: true }),","    gmatcher: gmatcher","  }","}","","function setopts (self, pattern, options) {","  if (!options)","    options = {}","","  // base-matching: just use globstar for that.","  if (options.matchBase && -1 === pattern.indexOf(\"/\")) {","    if (options.noglobstar) {","      throw new Error(\"base matching requires globstar\")","    }","    pattern = \"**/\" + pattern","  }","","  self.silent = !!options.silent","  self.pattern = pattern","  self.strict = options.strict !== false","  self.realpath = !!options.realpath","  self.realpathCache = options.realpathCache || Object.create(null)","  self.follow = !!options.follow","  self.dot = !!options.dot","  self.mark = !!options.mark","  self.nodir = !!options.nodir","  if (self.nodir)","    self.mark = true","  self.sync = !!options.sync","  self.nounique = !!options.nounique","  self.nonull = !!options.nonull","  self.nosort = !!options.nosort","  self.nocase = !!options.nocase","  self.stat = !!options.stat","  self.noprocess = !!options.noprocess","  self.absolute = !!options.absolute","","  self.maxLength = options.maxLength || Infinity","  self.cache = options.cache || Object.create(null)","  self.statCache = options.statCache || Object.create(null)","  self.symlinks = options.symlinks || Object.create(null)","","  setupIgnores(self, options)","","  self.changedCwd = false","  var cwd = process.cwd()","  if (!ownProp(options, \"cwd\"))","    self.cwd = cwd","  else {","    self.cwd = path.resolve(options.cwd)","    self.changedCwd = self.cwd !== cwd","  }","","  self.root = options.root || path.resolve(self.cwd, \"/\")","  self.root = path.resolve(self.root)","  if (process.platform === \"win32\")","    self.root = self.root.replace(/\\\\/g, \"/\")","","  // TODO: is an absolute `cwd` supposed to be resolved against `root`?","  // e.g. { cwd: '/test', root: __dirname } === path.join(__dirname, '/test')","  self.cwdAbs = isAbsolute(self.cwd) ? self.cwd : makeAbs(self, self.cwd)","  if (process.platform === \"win32\")","    self.cwdAbs = self.cwdAbs.replace(/\\\\/g, \"/\")","  self.nomount = !!options.nomount","","  // disable comments and negation in Minimatch.","  // Note that they are not supported in Glob itself anyway.","  options.nonegate = true","  options.nocomment = true","","  self.minimatch = new Minimatch(pattern, options)","  self.options = self.minimatch.options","}","","function finish (self) {","  var nou = self.nounique","  var all = nou ? [] : Object.create(null)","","  for (var i = 0, l = self.matches.length; i < l; i ++) {","    var matches = self.matches[i]","    if (!matches || Object.keys(matches).length === 0) {","      if (self.nonull) {","        // do like the shell, and spit out the literal glob","        var literal = self.minimatch.globSet[i]","        if (nou)","          all.push(literal)","        else","          all[literal] = true","      }","    } else {","      // had matches","      var m = Object.keys(matches)","      if (nou)","        all.push.apply(all, m)","      else","        m.forEach(function (m) {","          all[m] = true","        })","    }","  }","","  if (!nou)","    all = Object.keys(all)","","  if (!self.nosort)","    all = all.sort(self.nocase ? alphasorti : alphasort)","","  // at *some* point we statted all of these","  if (self.mark) {","    for (var i = 0; i < all.length; i++) {","      all[i] = self._mark(all[i])","    }","    if (self.nodir) {","      all = all.filter(function (e) {","        var notDir = !(/\\/$/.test(e))","        var c = self.cache[e] || self.cache[makeAbs(self, e)]","        if (notDir && c)","          notDir = c !== 'DIR' && !Array.isArray(c)","        return notDir","      })","    }","  }","","  if (self.ignore.length)","    all = all.filter(function(m) {","      return !isIgnored(self, m)","    })","","  self.found = all","}","","function mark (self, p) {","  var abs = makeAbs(self, p)","  var c = self.cache[abs]","  var m = p","  if (c) {","    var isDir = c === 'DIR' || Array.isArray(c)","    var slash = p.slice(-1) === '/'","","    if (isDir && !slash)","      m += '/'","    else if (!isDir && slash)","      m = m.slice(0, -1)","","    if (m !== p) {","      var mabs = makeAbs(self, m)","      self.statCache[mabs] = self.statCache[abs]","      self.cache[mabs] = self.cache[abs]","    }","  }","","  return m","}","","// lotta situps...","function makeAbs (self, f) {","  var abs = f","  if (f.charAt(0) === '/') {","    abs = path.join(self.root, f)","  } else if (isAbsolute(f) || f === '') {","    abs = f","  } else if (self.changedCwd) {","    abs = path.resolve(self.cwd, f)","  } else {","    abs = path.resolve(f)","  }","","  if (process.platform === 'win32')","    abs = abs.replace(/\\\\/g, '/')","","  return abs","}","","","// Return true, if pattern ends with globstar '**', for the accompanying parent directory.","// Ex:- If node_modules/** is the pattern, add 'node_modules' to ignore list along with it's contents","function isIgnored (self, path) {","  if (!self.ignore.length)","    return false","","  return self.ignore.some(function(item) {","    return item.matcher.match(path) || !!(item.gmatcher && item.gmatcher.match(path))","  })","}","","function childrenIgnored (self, path) {","  if (!self.ignore.length)","    return false","","  return self.ignore.some(function(item) {","    return !!(item.gmatcher && item.gmatcher.match(path))","  })","}",""],"l":{"1":1,"2":1,"3":1,"4":1,"5":1,"6":1,"7":1,"8":1,"9":1,"11":1,"12":0,"15":1,"16":1,"17":1,"18":1,"20":1,"21":0,"24":1,"25":0,"28":1,"29":0,"31":0,"32":0,"34":0,"35":0,"40":1,"41":0,"42":0,"43":0,"44":0,"47":0,"53":1,"54":0,"55":0,"58":0,"59":0,"60":0,"62":0,"65":0,"66":0,"67":0,"68":0,"69":0,"70":0,"71":0,"72":0,"73":0,"74":0,"75":0,"76":0,"77":0,"78":0,"79":0,"80":0,"81":0,"82":0,"83":0,"85":0,"86":0,"87":0,"88":0,"90":0,"92":0,"93":0,"94":0,"95":0,"97":0,"98":0,"101":0,"102":0,"103":0,"104":0,"108":0,"109":0,"110":0,"111":0,"115":0,"116":0,"118":0,"119":0,"122":1,"123":0,"124":0,"126":0,"127":0,"128":0,"129":0,"131":0,"132":0,"133":0,"135":0,"139":0,"140":0,"141":0,"143":0,"144":0,"149":0,"150":0,"152":0,"153":0,"156":0,"157":0,"158":0,"160":0,"161":0,"162":0,"163":0,"164":0,"165":0,"166":0,"171":0,"172":0,"173":0,"176":0,"179":1,"180":0,"181":0,"182":0,"183":0,"184":0,"185":0,"187":0,"188":0,"189":0,"190":0,"192":0,"193":0,"194":0,"195":0,"199":0,"203":1,"204":0,"205":0,"206":0,"207":0,"208":0,"209":0,"210":0,"212":0,"215":0,"216":0,"218":0,"224":1,"225":0,"226":0,"228":0,"229":0,"233":1,"234":0,"235":0,"237":0,"238":0}}}