{"/home/travis/build/npmtest/node-npmtest-glob/test.js":{"path":"/home/travis/build/npmtest/node-npmtest-glob/test.js","s":{"1":2,"2":2,"3":2,"4":2,"5":2,"6":2,"7":2,"8":2,"9":2,"10":2,"11":2,"12":2,"13":2},"b":{"1":[2,1,1],"2":[2,1],"3":[1,1],"4":[2,1]},"f":{"1":2,"2":2,"3":2,"4":2},"fnMap":{"1":{"name":"(anonymous_1)","line":13,"loc":{"start":{"line":13,"column":1},"end":{"line":13,"column":13}}},"2":{"name":"(anonymous_2)","line":20,"loc":{"start":{"line":20,"column":5},"end":{"line":20,"column":17}}},"3":{"name":"(anonymous_3)","line":24,"loc":{"start":{"line":24,"column":9},"end":{"line":24,"column":21}}},"4":{"name":"(anonymous_4)","line":47,"loc":{"start":{"line":47,"column":5},"end":{"line":47,"column":17}}}},"statementMap":{"1":{"start":{"line":13,"column":0},"end":{"line":50,"column":5}},"2":{"start":{"line":15,"column":4},"end":{"line":15,"column":14}},"3":{"start":{"line":20,"column":4},"end":{"line":42,"column":9}},"4":{"start":{"line":22,"column":8},"end":{"line":22,"column":19}},"5":{"start":{"line":24,"column":8},"end":{"line":32,"column":13}},"6":{"start":{"line":25,"column":12},"end":{"line":30,"column":13}},"7":{"start":{"line":26,"column":16},"end":{"line":28,"column":27}},"8":{"start":{"line":31,"column":12},"end":{"line":31,"column":53}},"9":{"start":{"line":34,"column":8},"end":{"line":36,"column":21}},"10":{"start":{"line":38,"column":8},"end":{"line":39,"column":49}},"11":{"start":{"line":41,"column":8},"end":{"line":41,"column":33}},"12":{"start":{"line":47,"column":4},"end":{"line":49,"column":9}},"13":{"start":{"line":48,"column":8},"end":{"line":48,"column":15}}},"branchMap":{"1":{"line":26,"type":"binary-expr","locations":[{"start":{"line":26,"column":31},"end":{"line":26,"column":72}},{"start":{"line":27,"column":20},"end":{"line":27,"column":70}},{"start":{"line":28,"column":20},"end":{"line":28,"column":26}}]},"2":{"line":31,"type":"binary-expr","locations":[{"start":{"line":31,"column":27},"end":{"line":31,"column":39}},{"start":{"line":31,"column":43},"end":{"line":31,"column":52}}]},"3":{"line":34,"type":"cond-expr","locations":[{"start":{"line":35,"column":14},"end":{"line":35,"column":20}},{"start":{"line":36,"column":14},"end":{"line":36,"column":20}}]},"4":{"line":38,"type":"binary-expr","locations":[{"start":{"line":38,"column":38},"end":{"line":38,"column":59}},{"start":{"line":39,"column":12},"end":{"line":39,"column":31}}]}},"code":["/* istanbul instrument in package npmtest_glob */","/* jslint-utility2 */","/*jslint","    bitwise: true,","    browser: true,","    maxerr: 4,","    maxlen: 100,","    node: true,","    nomen: true,","    regexp: true,","    stupid: true","*/","(function () {","    'use strict';","    var local;","","","","    // run shared js-env code - init-before","    (function () {","        // init local","        local = {};","        // init modeJs","        (function () {","            try {","                local.modeJs = typeof process.versions.node === 'string' &&","                    typeof require('http').createServer === 'function' &&","                    'node';","            } catch (ignore) {","            }","            local.modeJs = local.modeJs || 'browser';","        }());","        // init global","        local.global = local.modeJs === 'browser'","            ? window","            : global;","        // re-init local","        local = local.global.local = (local.global.utility2 ||","            require('utility2')).requireReadme();","        // init test","        local.testRunInit(local);","    }());","","","","    // run shared js-env code - function","    (function () {","        return;","    }());","}());",""],"l":{"13":2,"15":2,"20":2,"22":2,"24":2,"25":2,"26":2,"31":2,"34":2,"38":2,"41":2,"47":2,"48":2}},"/home/travis/build/npmtest/node-npmtest-glob/lib.npmtest_glob.js":{"path":"/home/travis/build/npmtest/node-npmtest-glob/lib.npmtest_glob.js","s":{"1":2,"2":2,"3":2,"4":2,"5":2,"6":2,"7":2,"8":2,"9":2,"10":0,"11":0,"12":0,"13":0,"14":0,"15":0,"16":0,"17":2,"18":2,"19":2,"20":2,"21":2,"22":2,"23":2,"24":2,"25":0,"26":2,"27":1,"28":1,"29":1,"30":1,"31":1,"32":1,"33":1,"34":1,"35":1,"36":1,"37":1,"38":1,"39":1,"40":1,"41":1,"42":1,"43":1,"44":1,"45":1,"46":1,"47":1,"48":1,"49":1,"50":1,"51":1,"52":1,"53":1,"54":1,"55":1,"56":1,"57":1,"58":1,"59":1,"60":1,"61":1,"62":2,"63":2},"b":{"1":[2,1,1],"2":[2,0],"3":[2,1,1],"4":[2,1],"5":[1,1],"6":[2,2],"7":[1,1]},"f":{"1":2,"2":2,"3":2,"4":0,"5":2,"6":0},"fnMap":{"1":{"name":"(anonymous_1)","line":13,"loc":{"start":{"line":13,"column":1},"end":{"line":13,"column":13}}},"2":{"name":"(anonymous_2)","line":21,"loc":{"start":{"line":21,"column":5},"end":{"line":21,"column":17}},"skip":true},"3":{"name":"(anonymous_3)","line":23,"loc":{"start":{"line":23,"column":9},"end":{"line":23,"column":21}},"skip":true},"4":{"name":"(anonymous_4)","line":31,"loc":{"start":{"line":31,"column":27},"end":{"line":31,"column":43}},"skip":true},"5":{"name":"(anonymous_5)","line":47,"loc":{"start":{"line":47,"column":9},"end":{"line":47,"column":21}},"skip":true},"6":{"name":"(anonymous_6)","line":65,"loc":{"start":{"line":65,"column":20},"end":{"line":65,"column":32}},"skip":true}},"statementMap":{"1":{"start":{"line":13,"column":0},"end":{"line":120,"column":5}},"2":{"start":{"line":15,"column":4},"end":{"line":15,"column":14}},"3":{"start":{"line":21,"column":4},"end":{"line":119,"column":9},"skip":true},"4":{"start":{"line":23,"column":8},"end":{"line":43,"column":13},"skip":true},"5":{"start":{"line":24,"column":12},"end":{"line":24,"column":43},"skip":true},"6":{"start":{"line":25,"column":12},"end":{"line":25,"column":71},"skip":true},"7":{"start":{"line":26,"column":12},"end":{"line":26,"column":52},"skip":true},"8":{"start":{"line":27,"column":12},"end":{"line":29,"column":13},"skip":true},"9":{"start":{"line":28,"column":16},"end":{"line":28,"column":23},"skip":true},"10":{"start":{"line":30,"column":12},"end":{"line":30,"column":41},"skip":true},"11":{"start":{"line":31,"column":12},"end":{"line":42,"column":14},"skip":true},"12":{"start":{"line":36,"column":16},"end":{"line":36,"column":61},"skip":true},"13":{"start":{"line":37,"column":16},"end":{"line":37,"column":43},"skip":true},"14":{"start":{"line":38,"column":16},"end":{"line":38,"column":55},"skip":true},"15":{"start":{"line":39,"column":16},"end":{"line":39,"column":35},"skip":true},"16":{"start":{"line":41,"column":16},"end":{"line":41,"column":28},"skip":true},"17":{"start":{"line":45,"column":8},"end":{"line":45,"column":19},"skip":true},"18":{"start":{"line":47,"column":8},"end":{"line":55,"column":13},"skip":true},"19":{"start":{"line":48,"column":12},"end":{"line":53,"column":13},"skip":true},"20":{"start":{"line":49,"column":16},"end":{"line":51,"column":27},"skip":true},"21":{"start":{"line":54,"column":12},"end":{"line":54,"column":53},"skip":true},"22":{"start":{"line":57,"column":8},"end":{"line":59,"column":21},"skip":true},"23":{"start":{"line":61,"column":8},"end":{"line":63,"column":18},"skip":true},"24":{"start":{"line":65,"column":8},"end":{"line":70,"column":10},"skip":true},"25":{"start":{"line":69,"column":12},"end":{"line":69,"column":19},"skip":true},"26":{"start":{"line":72,"column":8},"end":{"line":111,"column":9},"skip":true},"27":{"start":{"line":73,"column":12},"end":{"line":73,"column":55},"skip":true},"28":{"start":{"line":77,"column":12},"end":{"line":77,"column":45},"skip":true},"29":{"start":{"line":78,"column":12},"end":{"line":78,"column":59},"skip":true},"30":{"start":{"line":79,"column":12},"end":{"line":79,"column":47},"skip":true},"31":{"start":{"line":80,"column":12},"end":{"line":80,"column":47},"skip":true},"32":{"start":{"line":81,"column":12},"end":{"line":81,"column":51},"skip":true},"33":{"start":{"line":82,"column":12},"end":{"line":82,"column":45},"skip":true},"34":{"start":{"line":83,"column":12},"end":{"line":83,"column":43},"skip":true},"35":{"start":{"line":84,"column":12},"end":{"line":84,"column":39},"skip":true},"36":{"start":{"line":85,"column":12},"end":{"line":85,"column":45},"skip":true},"37":{"start":{"line":86,"column":12},"end":{"line":86,"column":45},"skip":true},"38":{"start":{"line":87,"column":12},"end":{"line":87,"column":37},"skip":true},"39":{"start":{"line":88,"column":12},"end":{"line":88,"column":41},"skip":true},"40":{"start":{"line":89,"column":12},"end":{"line":89,"column":43},"skip":true},"41":{"start":{"line":90,"column":12},"end":{"line":90,"column":45},"skip":true},"42":{"start":{"line":91,"column":12},"end":{"line":91,"column":39},"skip":true},"43":{"start":{"line":92,"column":12},"end":{"line":92,"column":37},"skip":true},"44":{"start":{"line":93,"column":12},"end":{"line":93,"column":41},"skip":true},"45":{"start":{"line":94,"column":12},"end":{"line":94,"column":47},"skip":true},"46":{"start":{"line":95,"column":12},"end":{"line":95,"column":49},"skip":true},"47":{"start":{"line":96,"column":12},"end":{"line":96,"column":55},"skip":true},"48":{"start":{"line":97,"column":12},"end":{"line":97,"column":49},"skip":true},"49":{"start":{"line":98,"column":12},"end":{"line":98,"column":41},"skip":true},"50":{"start":{"line":99,"column":12},"end":{"line":99,"column":45},"skip":true},"51":{"start":{"line":100,"column":12},"end":{"line":100,"column":61},"skip":true},"52":{"start":{"line":101,"column":12},"end":{"line":101,"column":45},"skip":true},"53":{"start":{"line":102,"column":12},"end":{"line":102,"column":39},"skip":true},"54":{"start":{"line":103,"column":12},"end":{"line":103,"column":39},"skip":true},"55":{"start":{"line":104,"column":12},"end":{"line":104,"column":39},"skip":true},"56":{"start":{"line":105,"column":12},"end":{"line":105,"column":41},"skip":true},"57":{"start":{"line":106,"column":12},"end":{"line":106,"column":37},"skip":true},"58":{"start":{"line":107,"column":12},"end":{"line":107,"column":37},"skip":true},"59":{"start":{"line":108,"column":12},"end":{"line":108,"column":41},"skip":true},"60":{"start":{"line":109,"column":12},"end":{"line":109,"column":35},"skip":true},"61":{"start":{"line":110,"column":12},"end":{"line":110,"column":49},"skip":true},"62":{"start":{"line":113,"column":8},"end":{"line":113,"column":49},"skip":true},"63":{"start":{"line":118,"column":8},"end":{"line":118,"column":15},"skip":true}},"branchMap":{"1":{"line":25,"type":"binary-expr","locations":[{"start":{"line":25,"column":23},"end":{"line":25,"column":49},"skip":true},{"start":{"line":25,"column":53},"end":{"line":25,"column":59},"skip":true},{"start":{"line":25,"column":64},"end":{"line":25,"column":70},"skip":true}]},"2":{"line":27,"type":"if","locations":[{"start":{"line":27,"column":12},"end":{"line":27,"column":12},"skip":true},{"start":{"line":27,"column":12},"end":{"line":27,"column":12},"skip":true}]},"3":{"line":49,"type":"binary-expr","locations":[{"start":{"line":49,"column":31},"end":{"line":49,"column":72},"skip":true},{"start":{"line":50,"column":20},"end":{"line":50,"column":70},"skip":true},{"start":{"line":51,"column":20},"end":{"line":51,"column":26},"skip":true}]},"4":{"line":54,"type":"binary-expr","locations":[{"start":{"line":54,"column":27},"end":{"line":54,"column":39},"skip":true},{"start":{"line":54,"column":43},"end":{"line":54,"column":52},"skip":true}]},"5":{"line":57,"type":"cond-expr","locations":[{"start":{"line":58,"column":14},"end":{"line":58,"column":20},"skip":true},{"start":{"line":59,"column":14},"end":{"line":59,"column":20},"skip":true}]},"6":{"line":61,"type":"binary-expr","locations":[{"start":{"line":61,"column":16},"end":{"line":61,"column":44},"skip":true},{"start":{"line":63,"column":12},"end":{"line":63,"column":17},"skip":true}]},"7":{"line":72,"type":"if","locations":[{"start":{"line":72,"column":8},"end":{"line":72,"column":8},"skip":true},{"start":{"line":72,"column":8},"end":{"line":72,"column":8},"skip":true}]}},"code":["/* istanbul instrument in package npmtest_glob */","/* jslint-utility2 */","/*jslint","    bitwise: true,","    browser: true,","    maxerr: 4,","    maxlen: 100,","    node: true,","    nomen: true,","    regexp: true,","    stupid: true","*/","(function () {","    'use strict';","    var local;","","","","    // run shared js-env code - init-before","    /* istanbul ignore next */","    (function () {","        // init debug_inline","        (function () {","            var consoleError, context, key;","            context = (typeof window === \"object\" && window) || global;","            key = \"debug_inline\".replace(\"_i\", \"I\");","            if (context[key]) {","                return;","            }","            consoleError = console.error;","            context[key] = function (arg0) {","            /*","             * this function will both print arg0 to stderr and return it","             */","                // debug arguments","                context[\"_\" + key + \"Arguments\"] = arguments;","                consoleError(\"\\n\\n\" + key);","                consoleError.apply(console, arguments);","                consoleError(\"\\n\");","                // return arg0 for inspection","                return arg0;","            };","        }());","        // init local","        local = {};","        // init modeJs","        (function () {","            try {","                local.modeJs = typeof process.versions.node === 'string' &&","                    typeof require('http').createServer === 'function' &&","                    'node';","            } catch (ignore) {","            }","            local.modeJs = local.modeJs || 'browser';","        }());","        // init global","        local.global = local.modeJs === 'browser'","            ? window","            : global;","        // re-init local","        local = local.global.utility2_rollup ||","            // local.global.utility2_rollup_old || require('./assets.utility2.rollup.js') ||","            local;","        // init nop","        local.nop = function () {","        /*","         * this function will do nothing","         */","            return;","        };","        // init exports","        if (local.modeJs === 'browser') {","            local.global.utility2_npmtest_glob = local;","        } else {","            // require builtins","            // local.assert = require('assert');","            local.buffer = require('buffer');","            local.child_process = require('child_process');","            local.cluster = require('cluster');","            local.console = require('console');","            local.constants = require('constants');","            local.crypto = require('crypto');","            local.dgram = require('dgram');","            local.dns = require('dns');","            local.domain = require('domain');","            local.events = require('events');","            local.fs = require('fs');","            local.http = require('http');","            local.https = require('https');","            local.module = require('module');","            local.net = require('net');","            local.os = require('os');","            local.path = require('path');","            local.process = require('process');","            local.punycode = require('punycode');","            local.querystring = require('querystring');","            local.readline = require('readline');","            local.repl = require('repl');","            local.stream = require('stream');","            local.string_decoder = require('string_decoder');","            local.timers = require('timers');","            local.tls = require('tls');","            local.tty = require('tty');","            local.url = require('url');","            local.util = require('util');","            local.v8 = require('v8');","            local.vm = require('vm');","            local.zlib = require('zlib');","            module.exports = local;","            module.exports.__dirname = __dirname;","        }","        // init lib main","        local.local = local.npmtest_glob = local;","","","","        /* validateLineSortedReset */","        return;","    }());","}());",""],"l":{"13":2,"15":2,"21":2,"23":2,"24":2,"25":2,"26":2,"27":2,"28":2,"30":1,"31":1,"36":1,"37":1,"38":1,"39":1,"41":1,"45":2,"47":2,"48":2,"49":2,"54":2,"57":2,"61":2,"65":2,"69":1,"72":2,"73":1,"77":1,"78":1,"79":1,"80":1,"81":1,"82":1,"83":1,"84":1,"85":1,"86":1,"87":1,"88":1,"89":1,"90":1,"91":1,"92":1,"93":1,"94":1,"95":1,"96":1,"97":1,"98":1,"99":1,"100":1,"101":1,"102":1,"103":1,"104":1,"105":1,"106":1,"107":1,"108":1,"109":1,"110":1,"113":2,"118":2}},"/home/travis/build/npmtest/node-npmtest-glob/example.js":{"path":"/home/travis/build/npmtest/node-npmtest-glob/example.js","s":{"1":2,"2":2,"3":2,"4":2,"5":2,"6":2,"7":2,"8":2,"9":2,"10":2,"11":2,"12":2,"13":1,"14":2,"15":2,"16":2,"17":2,"18":2,"19":0,"20":2,"21":1,"22":1,"23":1,"24":1,"25":1,"26":0,"27":0,"28":1,"29":1,"30":2,"31":0,"32":0,"33":0,"34":1,"35":2,"36":2,"37":20,"38":20,"39":20,"40":20,"41":0,"42":20,"43":20,"44":20,"45":1,"46":3,"47":1,"48":1,"49":1,"50":1,"51":1,"52":1,"53":1,"54":1,"55":1,"56":1,"57":1,"58":1,"59":1,"60":1,"61":1,"62":1,"63":1,"64":1,"65":1,"66":1,"67":1,"68":1,"69":1,"70":1,"71":1,"72":1,"73":1,"74":1,"75":1,"76":1,"77":1,"78":1,"79":1,"80":1,"81":1,"82":1,"83":1,"84":1,"85":3,"86":3,"87":3,"88":0,"89":1,"90":1,"91":1,"92":6,"93":1,"94":2,"95":0,"96":2,"97":1,"98":1,"99":1,"100":0,"101":0,"102":0,"103":0,"104":0,"105":0,"106":0,"107":0,"108":0,"109":0,"110":0,"111":0,"112":0,"113":0,"114":0,"115":0},"b":{"1":[2,1,1],"2":[2,1],"3":[1,1],"4":[2,2],"5":[1,1],"6":[1,1],"7":[2,0],"8":[2,1,1,1,1,1],"9":[0,2,0],"10":[1,1],"11":[2,1,1],"12":[1,0],"13":[0,2],"14":[2,0,0,0,0,0,0],"15":[0,20],"16":[20,0],"17":[1,1],"18":[3,3],"19":[0,3],"20":[1,1],"21":[1,2,0,2,1],"22":[1,0],"23":[1,0],"24":[0,0],"25":[0,0],"26":[0,0],"27":[0,0],"28":[0,0],"29":[0,0]},"f":{"1":2,"2":2,"3":2,"4":2,"5":2,"6":2,"7":20,"8":20,"9":3,"10":1,"11":3,"12":6,"13":0},"fnMap":{"1":{"name":"(anonymous_1)","line":28,"loc":{"start":{"line":28,"column":1},"end":{"line":28,"column":13}}},"2":{"name":"(anonymous_2)","line":35,"loc":{"start":{"line":35,"column":5},"end":{"line":35,"column":17}}},"3":{"name":"(anonymous_3)","line":39,"loc":{"start":{"line":39,"column":9},"end":{"line":39,"column":21}}},"4":{"name":"(anonymous_4)","line":66,"loc":{"start":{"line":66,"column":31},"end":{"line":66,"column":48}},"skip":true},"5":{"name":"(anonymous_5)","line":75,"loc":{"start":{"line":75,"column":26},"end":{"line":75,"column":45}},"skip":true},"6":{"name":"(anonymous_6)","line":119,"loc":{"start":{"line":119,"column":33},"end":{"line":119,"column":48}},"skip":true},"7":{"name":"(anonymous_7)","line":121,"loc":{"start":{"line":121,"column":27},"end":{"line":121,"column":39}},"skip":true},"8":{"name":"(anonymous_8)","line":129,"loc":{"start":{"line":129,"column":59},"end":{"line":129,"column":74}},"skip":true},"9":{"name":"(anonymous_9)","line":139,"loc":{"start":{"line":139,"column":45},"end":{"line":139,"column":62}},"skip":true},"10":{"name":"(anonymous_10)","line":140,"loc":{"start":{"line":140,"column":73},"end":{"line":140,"column":92}},"skip":true},"11":{"name":"(anonymous_11)","line":196,"loc":{"start":{"line":196,"column":18},"end":{"line":196,"column":34}},"skip":true},"12":{"name":"(anonymous_12)","line":469,"loc":{"start":{"line":469,"column":47},"end":{"line":469,"column":73}},"skip":true},"13":{"name":"(anonymous_13)","line":502,"loc":{"start":{"line":502,"column":32},"end":{"line":502,"column":61}},"skip":true}},"statementMap":{"1":{"start":{"line":28,"column":0},"end":{"line":513,"column":5}},"2":{"start":{"line":30,"column":4},"end":{"line":30,"column":14}},"3":{"start":{"line":35,"column":4},"end":{"line":58,"column":9}},"4":{"start":{"line":37,"column":8},"end":{"line":37,"column":19}},"5":{"start":{"line":39,"column":8},"end":{"line":47,"column":13}},"6":{"start":{"line":40,"column":12},"end":{"line":45,"column":13}},"7":{"start":{"line":41,"column":16},"end":{"line":43,"column":27}},"8":{"start":{"line":46,"column":12},"end":{"line":46,"column":53}},"9":{"start":{"line":49,"column":8},"end":{"line":51,"column":21}},"10":{"start":{"line":53,"column":8},"end":{"line":55,"column":45}},"11":{"start":{"line":57,"column":8},"end":{"line":57,"column":35}},"12":{"start":{"line":59,"column":4},"end":{"line":512,"column":5}},"13":{"start":{"line":66,"column":8},"end":{"line":117,"column":10},"skip":true},"14":{"start":{"line":67,"column":12},"end":{"line":85,"column":13},"skip":true},"15":{"start":{"line":73,"column":16},"end":{"line":84,"column":19},"skip":true},"16":{"start":{"line":76,"column":20},"end":{"line":83,"column":21},"skip":true},"17":{"start":{"line":79,"column":24},"end":{"line":79,"column":43},"skip":true},"18":{"start":{"line":80,"column":24},"end":{"line":80,"column":30},"skip":true},"19":{"start":{"line":82,"column":24},"end":{"line":82,"column":49},"skip":true},"20":{"start":{"line":86,"column":12},"end":{"line":103,"column":13},"skip":true},"21":{"start":{"line":89,"column":16},"end":{"line":98,"column":17},"skip":true},"22":{"start":{"line":90,"column":20},"end":{"line":90,"column":88},"skip":true},"23":{"start":{"line":91,"column":20},"end":{"line":91,"column":97},"skip":true},"24":{"start":{"line":92,"column":20},"end":{"line":92,"column":42},"skip":true},"25":{"start":{"line":93,"column":20},"end":{"line":93,"column":48},"skip":true},"26":{"start":{"line":96,"column":20},"end":{"line":96,"column":86},"skip":true},"27":{"start":{"line":97,"column":20},"end":{"line":97,"column":96},"skip":true},"28":{"start":{"line":99,"column":16},"end":{"line":99,"column":22},"skip":true},"29":{"start":{"line":102,"column":16},"end":{"line":102,"column":22},"skip":true},"30":{"start":{"line":104,"column":12},"end":{"line":116,"column":13},"skip":true},"31":{"start":{"line":110,"column":16},"end":{"line":115,"column":17},"skip":true},"32":{"start":{"line":112,"column":20},"end":{"line":112,"column":78},"skip":true},"33":{"start":{"line":114,"column":20},"end":{"line":114,"column":47},"skip":true},"34":{"start":{"line":119,"column":8},"end":{"line":137,"column":11},"skip":true},"35":{"start":{"line":120,"column":12},"end":{"line":120,"column":54},"skip":true},"36":{"start":{"line":121,"column":12},"end":{"line":136,"column":14},"skip":true},"37":{"start":{"line":122,"column":16},"end":{"line":122,"column":28},"skip":true},"38":{"start":{"line":123,"column":16},"end":{"line":123,"column":69},"skip":true},"39":{"start":{"line":124,"column":16},"end":{"line":124,"column":75},"skip":true},"40":{"start":{"line":125,"column":16},"end":{"line":127,"column":17},"skip":true},"41":{"start":{"line":126,"column":20},"end":{"line":126,"column":27},"skip":true},"42":{"start":{"line":129,"column":16},"end":{"line":133,"column":36},"skip":true},"43":{"start":{"line":130,"column":20},"end":{"line":132,"column":55},"skip":true},"44":{"start":{"line":135,"column":16},"end":{"line":135,"column":57},"skip":true},"45":{"start":{"line":139,"column":8},"end":{"line":143,"column":11},"skip":true},"46":{"start":{"line":140,"column":12},"end":{"line":142,"column":15},"skip":true},"47":{"start":{"line":141,"column":16},"end":{"line":141,"column":70},"skip":true},"48":{"start":{"line":145,"column":8},"end":{"line":145,"column":31},"skip":true},"49":{"start":{"line":146,"column":8},"end":{"line":146,"column":14},"skip":true},"50":{"start":{"line":154,"column":8},"end":{"line":154,"column":31},"skip":true},"51":{"start":{"line":157,"column":8},"end":{"line":157,"column":41},"skip":true},"52":{"start":{"line":158,"column":8},"end":{"line":158,"column":55},"skip":true},"53":{"start":{"line":159,"column":8},"end":{"line":159,"column":43},"skip":true},"54":{"start":{"line":160,"column":8},"end":{"line":160,"column":43},"skip":true},"55":{"start":{"line":161,"column":8},"end":{"line":161,"column":47},"skip":true},"56":{"start":{"line":162,"column":8},"end":{"line":162,"column":41},"skip":true},"57":{"start":{"line":163,"column":8},"end":{"line":163,"column":39},"skip":true},"58":{"start":{"line":164,"column":8},"end":{"line":164,"column":35},"skip":true},"59":{"start":{"line":165,"column":8},"end":{"line":165,"column":41},"skip":true},"60":{"start":{"line":166,"column":8},"end":{"line":166,"column":41},"skip":true},"61":{"start":{"line":167,"column":8},"end":{"line":167,"column":33},"skip":true},"62":{"start":{"line":168,"column":8},"end":{"line":168,"column":37},"skip":true},"63":{"start":{"line":169,"column":8},"end":{"line":169,"column":39},"skip":true},"64":{"start":{"line":170,"column":8},"end":{"line":170,"column":41},"skip":true},"65":{"start":{"line":171,"column":8},"end":{"line":171,"column":35},"skip":true},"66":{"start":{"line":172,"column":8},"end":{"line":172,"column":33},"skip":true},"67":{"start":{"line":173,"column":8},"end":{"line":173,"column":37},"skip":true},"68":{"start":{"line":174,"column":8},"end":{"line":174,"column":43},"skip":true},"69":{"start":{"line":175,"column":8},"end":{"line":175,"column":45},"skip":true},"70":{"start":{"line":176,"column":8},"end":{"line":176,"column":51},"skip":true},"71":{"start":{"line":177,"column":8},"end":{"line":177,"column":45},"skip":true},"72":{"start":{"line":178,"column":8},"end":{"line":178,"column":37},"skip":true},"73":{"start":{"line":179,"column":8},"end":{"line":179,"column":41},"skip":true},"74":{"start":{"line":180,"column":8},"end":{"line":180,"column":57},"skip":true},"75":{"start":{"line":181,"column":8},"end":{"line":181,"column":41},"skip":true},"76":{"start":{"line":182,"column":8},"end":{"line":182,"column":35},"skip":true},"77":{"start":{"line":183,"column":8},"end":{"line":183,"column":35},"skip":true},"78":{"start":{"line":184,"column":8},"end":{"line":184,"column":35},"skip":true},"79":{"start":{"line":185,"column":8},"end":{"line":185,"column":37},"skip":true},"80":{"start":{"line":186,"column":8},"end":{"line":186,"column":33},"skip":true},"81":{"start":{"line":187,"column":8},"end":{"line":187,"column":33},"skip":true},"82":{"start":{"line":188,"column":8},"end":{"line":188,"column":37},"skip":true},"83":{"start":{"line":191,"column":8},"end":{"line":191,"column":50},"skip":true},"84":{"start":{"line":192,"column":8},"end":{"line":205,"column":11},"skip":true},"85":{"start":{"line":197,"column":12},"end":{"line":197,"column":30},"skip":true},"86":{"start":{"line":198,"column":12},"end":{"line":198,"column":66},"skip":true},"87":{"start":{"line":199,"column":12},"end":{"line":204,"column":13},"skip":true},"88":{"start":{"line":200,"column":16},"end":{"line":203,"column":18},"skip":true},"89":{"start":{"line":207,"column":8},"end":{"line":455,"column":2},"skip":true},"90":{"start":{"line":460,"column":8},"end":{"line":463,"column":36},"skip":true},"91":{"start":{"line":466,"column":8},"end":{"line":482,"column":15},"skip":true},"92":{"start":{"line":470,"column":16},"end":{"line":481,"column":17},"skip":true},"93":{"start":{"line":472,"column":20},"end":{"line":472,"column":60},"skip":true},"94":{"start":{"line":474,"column":20},"end":{"line":474,"column":42},"skip":true},"95":{"start":{"line":476,"column":20},"end":{"line":476,"column":42},"skip":true},"96":{"start":{"line":478,"column":20},"end":{"line":478,"column":35},"skip":true},"97":{"start":{"line":480,"column":20},"end":{"line":480,"column":34},"skip":true},"98":{"start":{"line":484,"column":8},"end":{"line":486,"column":9},"skip":true},"99":{"start":{"line":485,"column":12},"end":{"line":485,"column":18},"skip":true},"100":{"start":{"line":487,"column":8},"end":{"line":489,"column":54},"skip":true},"101":{"start":{"line":490,"column":8},"end":{"line":490,"column":82},"skip":true},"102":{"start":{"line":493,"column":8},"end":{"line":495,"column":9},"skip":true},"103":{"start":{"line":494,"column":12},"end":{"line":494,"column":82},"skip":true},"104":{"start":{"line":497,"column":8},"end":{"line":499,"column":9},"skip":true},"105":{"start":{"line":498,"column":12},"end":{"line":498,"column":18},"skip":true},"106":{"start":{"line":500,"column":8},"end":{"line":500,"column":54},"skip":true},"107":{"start":{"line":501,"column":8},"end":{"line":501,"column":69},"skip":true},"108":{"start":{"line":502,"column":8},"end":{"line":510,"column":36},"skip":true},"109":{"start":{"line":503,"column":12},"end":{"line":503,"column":61},"skip":true},"110":{"start":{"line":504,"column":12},"end":{"line":507,"column":13},"skip":true},"111":{"start":{"line":505,"column":16},"end":{"line":505,"column":75},"skip":true},"112":{"start":{"line":506,"column":16},"end":{"line":506,"column":23},"skip":true},"113":{"start":{"line":508,"column":12},"end":{"line":508,"column":38},"skip":true},"114":{"start":{"line":509,"column":12},"end":{"line":509,"column":27},"skip":true},"115":{"start":{"line":511,"column":8},"end":{"line":511,"column":14},"skip":true}},"branchMap":{"1":{"line":41,"type":"binary-expr","locations":[{"start":{"line":41,"column":31},"end":{"line":41,"column":72}},{"start":{"line":42,"column":20},"end":{"line":42,"column":70}},{"start":{"line":43,"column":20},"end":{"line":43,"column":26}}]},"2":{"line":46,"type":"binary-expr","locations":[{"start":{"line":46,"column":27},"end":{"line":46,"column":39}},{"start":{"line":46,"column":43},"end":{"line":46,"column":52}}]},"3":{"line":49,"type":"cond-expr","locations":[{"start":{"line":50,"column":14},"end":{"line":50,"column":20}},{"start":{"line":51,"column":14},"end":{"line":51,"column":20}}]},"4":{"line":53,"type":"binary-expr","locations":[{"start":{"line":53,"column":16},"end":{"line":53,"column":44}},{"start":{"line":53,"column":49},"end":{"line":55,"column":43}}]},"5":{"line":53,"type":"cond-expr","locations":[{"start":{"line":54,"column":14},"end":{"line":54,"column":48}},{"start":{"line":55,"column":14},"end":{"line":55,"column":43}}]},"6":{"line":59,"type":"switch","locations":[{"start":{"line":65,"column":4},"end":{"line":146,"column":14},"skip":true},{"start":{"line":152,"column":4},"end":{"line":511,"column":14},"skip":true}]},"7":{"line":67,"type":"if","locations":[{"start":{"line":67,"column":12},"end":{"line":67,"column":12},"skip":true},{"start":{"line":67,"column":12},"end":{"line":67,"column":12},"skip":true}]},"8":{"line":67,"type":"binary-expr","locations":[{"start":{"line":67,"column":16},"end":{"line":67,"column":22},"skip":true},{"start":{"line":67,"column":27},"end":{"line":67,"column":32},"skip":true},{"start":{"line":68,"column":20},"end":{"line":68,"column":39},"skip":true},{"start":{"line":69,"column":20},"end":{"line":69,"column":49},"skip":true},{"start":{"line":70,"column":20},"end":{"line":70,"column":58},"skip":true},{"start":{"line":71,"column":20},"end":{"line":71,"column":69},"skip":true}]},"9":{"line":76,"type":"switch","locations":[{"start":{"line":77,"column":20},"end":{"line":77,"column":33},"skip":true},{"start":{"line":78,"column":20},"end":{"line":80,"column":30},"skip":true},{"start":{"line":81,"column":20},"end":{"line":82,"column":49},"skip":true}]},"10":{"line":86,"type":"switch","locations":[{"start":{"line":87,"column":12},"end":{"line":99,"column":22},"skip":true},{"start":{"line":101,"column":12},"end":{"line":102,"column":22},"skip":true}]},"11":{"line":86,"type":"binary-expr","locations":[{"start":{"line":86,"column":20},"end":{"line":86,"column":25},"skip":true},{"start":{"line":86,"column":29},"end":{"line":86,"column":48},"skip":true},{"start":{"line":86,"column":52},"end":{"line":86,"column":74},"skip":true}]},"12":{"line":89,"type":"if","locations":[{"start":{"line":89,"column":16},"end":{"line":89,"column":16},"skip":true},{"start":{"line":89,"column":16},"end":{"line":89,"column":16},"skip":true}]},"13":{"line":104,"type":"if","locations":[{"start":{"line":104,"column":12},"end":{"line":104,"column":12},"skip":true},{"start":{"line":104,"column":12},"end":{"line":104,"column":12},"skip":true}]},"14":{"line":104,"type":"binary-expr","locations":[{"start":{"line":104,"column":16},"end":{"line":104,"column":61},"skip":true},{"start":{"line":104,"column":66},"end":{"line":104,"column":72},"skip":true},{"start":{"line":104,"column":77},"end":{"line":104,"column":82},"skip":true},{"start":{"line":105,"column":20},"end":{"line":105,"column":39},"skip":true},{"start":{"line":106,"column":20},"end":{"line":106,"column":49},"skip":true},{"start":{"line":107,"column":20},"end":{"line":107,"column":58},"skip":true},{"start":{"line":108,"column":20},"end":{"line":108,"column":68},"skip":true}]},"15":{"line":125,"type":"if","locations":[{"start":{"line":125,"column":16},"end":{"line":125,"column":16},"skip":true},{"start":{"line":125,"column":16},"end":{"line":125,"column":16},"skip":true}]},"16":{"line":130,"type":"cond-expr","locations":[{"start":{"line":131,"column":26},"end":{"line":131,"column":29},"skip":true},{"start":{"line":132,"column":26},"end":{"line":132,"column":54},"skip":true}]},"17":{"line":191,"type":"binary-expr","locations":[{"start":{"line":191,"column":27},"end":{"line":191,"column":43},"skip":true},{"start":{"line":191,"column":47},"end":{"line":191,"column":49},"skip":true}]},"18":{"line":198,"type":"binary-expr","locations":[{"start":{"line":198,"column":37},"end":{"line":198,"column":59},"skip":true},{"start":{"line":198,"column":63},"end":{"line":198,"column":65},"skip":true}]},"19":{"line":199,"type":"if","locations":[{"start":{"line":199,"column":12},"end":{"line":199,"column":12},"skip":true},{"start":{"line":199,"column":12},"end":{"line":199,"column":12},"skip":true}]},"20":{"line":461,"type":"binary-expr","locations":[{"start":{"line":461,"column":12},"end":{"line":461,"column":55},"skip":true},{"start":{"line":462,"column":12},"end":{"line":463,"column":35},"skip":true}]},"21":{"line":470,"type":"switch","locations":[{"start":{"line":471,"column":16},"end":{"line":472,"column":60},"skip":true},{"start":{"line":473,"column":16},"end":{"line":474,"column":42},"skip":true},{"start":{"line":475,"column":16},"end":{"line":476,"column":42},"skip":true},{"start":{"line":477,"column":16},"end":{"line":478,"column":35},"skip":true},{"start":{"line":479,"column":16},"end":{"line":480,"column":34},"skip":true}]},"22":{"line":484,"type":"if","locations":[{"start":{"line":484,"column":8},"end":{"line":484,"column":8},"skip":true},{"start":{"line":484,"column":8},"end":{"line":484,"column":8},"skip":true}]},"23":{"line":484,"type":"binary-expr","locations":[{"start":{"line":484,"column":12},"end":{"line":484,"column":35},"skip":true},{"start":{"line":484,"column":39},"end":{"line":484,"column":67},"skip":true}]},"24":{"line":488,"type":"binary-expr","locations":[{"start":{"line":488,"column":12},"end":{"line":488,"column":50},"skip":true},{"start":{"line":489,"column":12},"end":{"line":489,"column":53},"skip":true}]},"25":{"line":490,"type":"binary-expr","locations":[{"start":{"line":490,"column":43},"end":{"line":490,"column":75},"skip":true},{"start":{"line":490,"column":79},"end":{"line":490,"column":81},"skip":true}]},"26":{"line":493,"type":"if","locations":[{"start":{"line":493,"column":8},"end":{"line":493,"column":8},"skip":true},{"start":{"line":493,"column":8},"end":{"line":493,"column":8},"skip":true}]},"27":{"line":497,"type":"if","locations":[{"start":{"line":497,"column":8},"end":{"line":497,"column":8},"skip":true},{"start":{"line":497,"column":8},"end":{"line":497,"column":8},"skip":true}]},"28":{"line":500,"type":"binary-expr","locations":[{"start":{"line":500,"column":27},"end":{"line":500,"column":43},"skip":true},{"start":{"line":500,"column":47},"end":{"line":500,"column":53},"skip":true}]},"29":{"line":504,"type":"if","locations":[{"start":{"line":504,"column":12},"end":{"line":504,"column":12},"skip":true},{"start":{"line":504,"column":12},"end":{"line":504,"column":12},"skip":true}]}},"code":["/*","example.js","","this script will run a web-demo of npmtest-glob","","instruction","    1. save this script as example.js","    2. run the shell command:","        $ npm install npmtest-glob && PORT=8081 node example.js","    3. open a browser to http://127.0.0.1:8081 and play with the web-demo","    4. edit this script to suit your needs","*/","","","","/* istanbul instrument in package npmtest_glob */","/* jslint-utility2 */","/*jslint","    bitwise: true,","    browser: true,","    maxerr: 4,","    maxlen: 100,","    node: true,","    nomen: true,","    regexp: true,","    stupid: true","*/","(function () {","    'use strict';","    var local;","","","","    // run shared js-env code - init-before","    (function () {","        // init local","        local = {};","        // init modeJs","        (function () {","            try {","                local.modeJs = typeof process.versions.node === 'string' &&","                    typeof require('http').createServer === 'function' &&","                    'node';","            } catch (ignore) {","            }","            local.modeJs = local.modeJs || 'browser';","        }());","        // init global","        local.global = local.modeJs === 'browser'","            ? window","            : global;","        // re-init local","        local = local.global.utility2_rollup || (local.modeJs === 'browser'","            ? local.global.utility2_npmtest_glob","            : global.utility2_moduleExports);","        // init exports","        local.global.local = local;","    }());","    switch (local.modeJs) {","","","","    // run browser js-env code - init-test","    /* istanbul ignore next */","    case 'browser':","        local.testRunBrowser = function (event) {","            if (!event || (event &&","                    event.currentTarget &&","                    event.currentTarget.className &&","                    event.currentTarget.className.includes &&","                    event.currentTarget.className.includes('onreset'))) {","                // reset output","                Array.from(","                    document.querySelectorAll('body > .resettable')","                ).forEach(function (element) {","                    switch (element.tagName) {","                    case 'INPUT':","                    case 'TEXTAREA':","                        element.value = '';","                        break;","                    default:","                        element.textContent = '';","                    }","                });","            }","            switch (event && event.currentTarget && event.currentTarget.id) {","            case 'testRunButton1':","                // show tests","                if (document.querySelector('#testReportDiv1').style.maxHeight === '0px') {","                    local.uiAnimateSlideDown(document.querySelector('#testReportDiv1'));","                    document.querySelector('#testRunButton1').textContent = 'hide internal test';","                    local.modeTest = true;","                    local.testRunDefault(local);","                // hide tests","                } else {","                    local.uiAnimateSlideUp(document.querySelector('#testReportDiv1'));","                    document.querySelector('#testRunButton1').textContent = 'run internal test';","                }","                break;","            // custom-case","            default:","                break;","            }","            if (document.querySelector('#inputTextareaEval1') && (!event || (event &&","                    event.currentTarget &&","                    event.currentTarget.className &&","                    event.currentTarget.className.includes &&","                    event.currentTarget.className.includes('oneval')))) {","                // try to eval input-code","                try {","                    /*jslint evil: true*/","                    eval(document.querySelector('#inputTextareaEval1').value);","                } catch (errorCaught) {","                    console.error(errorCaught);","                }","            }","        };","        // log stderr and stdout to #outputTextareaStdout1","        ['error', 'log'].forEach(function (key) {","            console[key + '_original'] = console[key];","            console[key] = function () {","                var element;","                console[key + '_original'].apply(console, arguments);","                element = document.querySelector('#outputTextareaStdout1');","                if (!element) {","                    return;","                }","                // append text to #outputTextareaStdout1","                element.value += Array.from(arguments).map(function (arg) {","                    return typeof arg === 'string'","                        ? arg","                        : JSON.stringify(arg, null, 4);","                }).join(' ') + '\\n';","                // scroll textarea to bottom","                element.scrollTop = element.scrollHeight;","            };","        });","        // init event-handling","        ['change', 'click', 'keyup'].forEach(function (event) {","            Array.from(document.querySelectorAll('.on' + event)).forEach(function (element) {","                element.addEventListener(event, local.testRunBrowser);","            });","        });","        // run tests","        local.testRunBrowser();","        break;","","","","    // run node js-env code - init-test","    /* istanbul ignore next */","    case 'node':","        // init exports","        module.exports = local;","        // require builtins","        // local.assert = require('assert');","        local.buffer = require('buffer');","        local.child_process = require('child_process');","        local.cluster = require('cluster');","        local.console = require('console');","        local.constants = require('constants');","        local.crypto = require('crypto');","        local.dgram = require('dgram');","        local.dns = require('dns');","        local.domain = require('domain');","        local.events = require('events');","        local.fs = require('fs');","        local.http = require('http');","        local.https = require('https');","        local.module = require('module');","        local.net = require('net');","        local.os = require('os');","        local.path = require('path');","        local.process = require('process');","        local.punycode = require('punycode');","        local.querystring = require('querystring');","        local.readline = require('readline');","        local.repl = require('repl');","        local.stream = require('stream');","        local.string_decoder = require('string_decoder');","        local.timers = require('timers');","        local.tls = require('tls');","        local.tty = require('tty');","        local.url = require('url');","        local.util = require('util');","        local.v8 = require('v8');","        local.vm = require('vm');","        local.zlib = require('zlib');","        /* validateLineSortedReset */","        // init assets","        local.assetsDict = local.assetsDict || {};","        [","            'assets.index.template.html',","            'assets.swgg.swagger.json',","            'assets.swgg.swagger.server.json'","        ].forEach(function (file) {","            file = '/' + file;","            local.assetsDict[file] = local.assetsDict[file] || '';","            if (local.fs.existsSync(local.__dirname + file)) {","                local.assetsDict[file] = local.fs.readFileSync(","                    local.__dirname + file,","                    'utf8'","                );","            }","        });","        /* jslint-ignore-begin */","        local.assetsDict['/assets.index.template.html'] = '\\","<!doctype html>\\n\\","<html lang=\"en\">\\n\\","<head>\\n\\","<meta charset=\"UTF-8\">\\n\\","<meta name=\"viewport\" content=\"width=device-width, initial-scale=1\">\\n\\","<!-- \"assets.utility2.template.html\" -->\\n\\","<title>{{env.npm_package_name}} ({{env.npm_package_version}})</title>\\n\\","<style>\\n\\","/* jslint-utility2 */\\n\\","/*csslint\\n\\","*/\\n\\","/* jslint-ignore-begin */\\n\\","*,\\n\\","*:after,\\n\\","*:before {\\n\\","    box-sizing: border-box;\\n\\","}\\n\\","/* jslint-ignore-end */\\n\\","@keyframes uiAnimateShake {\\n\\","    0%, 50% {\\n\\","        transform: translateX(10px);\\n\\","    }\\n\\","    25%, 75% {\\n\\","        transform: translateX(-10px);\\n\\","    }\\n\\","    100% {\\n\\","        transform: translateX(0);\\n\\","    }\\n\\","}\\n\\","@keyframes uiAnimateSpin {\\n\\","    0% {\\n\\","        transform: rotate(0deg);\\n\\","    }\\n\\","    100% {\\n\\","        transform: rotate(360deg);\\n\\","    }\\n\\","}\\n\\","a {\\n\\","    overflow-wrap: break-word;\\n\\","}\\n\\","body {\\n\\","    background: #eef;\\n\\","    font-family: Arial, Helvetica, sans-serif;\\n\\","    margin: 0 40px;\\n\\","}\\n\\","body > div,\\n\\","body > pre,\\n\\","body > textarea,\\n\\","body > .button {\\n\\","    margin-bottom: 20px;\\n\\","}\\n\\","body > textarea {\\n\\","    height: 10rem;\\n\\","    width: 100%;\\n\\","}\\n\\","body > textarea[readonly] {\\n\\","    background: #ddd;\\n\\","}\\n\\","body > .button {\\n\\","    width: 20rem;\\n\\","}\\n\\","code,\\n\\","pre,\\n\\","textarea {\\n\\","    font-family: Consolas, Menlo, monospace;\\n\\","    font-size: small;\\n\\","}\\n\\","pre {\\n\\","    overflow-wrap: break-word;\\n\\","    white-space: pre-wrap;\\n\\","}\\n\\","textarea {\\n\\","    overflow: auto;\\n\\","    white-space: pre;\\n\\","}\\n\\",".button {\\n\\","    background-color: #fff;\\n\\","    border: 1px solid;\\n\\","    border-bottom-color: rgb(186, 186, 186);\\n\\","    border-left-color: rgb(209, 209, 209);\\n\\","    border-radius: 4px;\\n\\","    border-right-color: rgb(209, 209, 209);\\n\\","    border-top-color: rgb(216, 216, 216);\\n\\","    color: #00d;\\n\\","    cursor: pointer;\\n\\","    display: inline-block;\\n\\","    font-family: Arial, Helvetica, sans-serif;\\n\\","    font-size: 12px;\\n\\","    font-style: normal;\\n\\","    font-weight: normal;\\n\\","    margin: 0;\\n\\","    padding: 2px 7px 3px 7px;\\n\\","    text-align: center;\\n\\","    text-decoration: underline;\\n\\","}\\n\\",".colorError {\\n\\","    color: #d00;\\n\\","}\\n\\",".uiAnimateShake {\\n\\","    animation-duration: 500ms;\\n\\","    animation-name: uiAnimateShake;\\n\\","}\\n\\",".uiAnimateSlide {\\n\\","    overflow-y: hidden;\\n\\","    transition: max-height ease-in 250ms, min-height ease-in 250ms, padding-bottom ease-in 250ms, padding-top ease-in 250ms;\\n\\","}\\n\\",".utility2FooterDiv {\\n\\","    text-align: center;\\n\\","}\\n\\",".zeroPixel {\\n\\","    border: 0;\\n\\","    height: 0;\\n\\","    margin: 0;\\n\\","    padding: 0;\\n\\","    width: 0;\\n\\","}\\n\\","</style>\\n\\","</head>\\n\\","<body>\\n\\","<div id=\"ajaxProgressDiv1\" style=\"background: #d00; height: 2px; left: 0; margin: 0; padding: 0; position: fixed; top: 0; transition: background 500ms, width 1500ms; width: 0%; z-index: 1;\"></div>\\n\\","<div class=\"uiAnimateSpin\" style=\"animation: uiAnimateSpin 2s linear infinite; border: 5px solid #999; border-radius: 50%; border-top: 5px solid #7d7; display: none; height: 25px; vertical-align: middle; width: 25px;\"></div>\\n\\","<code style=\"display: none;\"></code><div class=\"button colorError uiAnimateShake uiAnimateSlide utility2FooterDiv zeroPixel\" style=\"display: none;\"></div><pre style=\"display: none;\"></pre><textarea readonly style=\"display: none;\"></textarea>\\n\\","<script>\\n\\","/* jslint-utility2 */\\n\\","/*jslint\\n\\","    bitwise: true,\\n\\","    browser: true,\\n\\","    maxerr: 4,\\n\\","    maxlen: 100,\\n\\","    node: true,\\n\\","    nomen: true,\\n\\","    regexp: true,\\n\\","    stupid: true\\n\\","*/\\n\\","// init timerIntervalAjaxProgressUpdate\\n\\","(function () {\\n\\","/*\\n\\"," * this function will increment the ajax-progress-bar until the webpage has loaded\\n\\"," */\\n\\","    \"use strict\";\\n\\","    var ajaxProgressDiv1,\\n\\","        ajaxProgressState,\\n\\","        ajaxProgressUpdate;\\n\\","    if (window.timerIntervalAjaxProgressUpdate) {\\n\\","        return;\\n\\","    }\\n\\","    ajaxProgressDiv1 = document.querySelector(\"#ajaxProgressDiv1\");\\n\\","    setTimeout(function () {\\n\\","        ajaxProgressDiv1.style.width = \"25%\";\\n\\","    });\\n\\","    ajaxProgressState = 0;\\n\\","    ajaxProgressUpdate = (window.local &&\\n\\","        window.local.ajaxProgressUpdate) || function () {\\n\\","        ajaxProgressDiv1.style.width = \"100%\";\\n\\","        setTimeout(function () {\\n\\","            ajaxProgressDiv1.style.background = \"transparent\";\\n\\","            setTimeout(function () {\\n\\","                ajaxProgressDiv1.style.width = \"0%\";\\n\\","            }, 500);\\n\\","        }, 1500);\\n\\","    };\\n\\","    window.timerIntervalAjaxProgressUpdate = setInterval(function () {\\n\\","        ajaxProgressState += 1;\\n\\","        ajaxProgressDiv1.style.width = Math.max(\\n\\","            100 - 75 * Math.exp(-0.125 * ajaxProgressState),\\n\\","            ajaxProgressDiv1.style.width.slice(0, -1) | 0\\n\\","        ) + \"%\";\\n\\","    }, 1000);\\n\\","    window.addEventListener(\"load\", function () {\\n\\","        clearInterval(window.timerIntervalAjaxProgressUpdate);\\n\\","        ajaxProgressUpdate();\\n\\","    });\\n\\","}());\\n\\","// init domOnEventSelectAllWithinPre\\n\\","(function () {\\n\\","/*\\n\\"," * this function will limit select-all within <pre tabIndex=\"0\"> elements\\n\\"," * https://stackoverflow.com/questions/985272/selecting-text-in-an-element-akin-to-highlighting-with-your-mouse\\n\\"," */\\n\\","    \"use strict\";\\n\\","    if (window.domOnEventSelectAllWithinPre) {\\n\\","        return;\\n\\","    }\\n\\","    window.domOnEventSelectAllWithinPre = function (event) {\\n\\","        var range, selection;\\n\\","        if (event &&\\n\\","                event.code === \"KeyA\" &&\\n\\","                (event.ctrlKey || event.metaKey) &&\\n\\","                event.target.closest(\"pre\")) {\\n\\","            range = document.createRange();\\n\\","            range.selectNodeContents(event.target.closest(\"pre\"));\\n\\","            selection = window.getSelection();\\n\\","            selection.removeAllRanges();\\n\\","            selection.addRange(range);\\n\\","            event.preventDefault();\\n\\","        }\\n\\","    };\\n\\","    document.addEventListener(\"keydown\", window.domOnEventSelectAllWithinPre);\\n\\","}());\\n\\","</script>\\n\\","<h1>\\n\\","<!-- utility2-comment\\n\\","    <a\\n\\","        {{#if env.npm_package_homepage}}\\n\\","        href=\"{{env.npm_package_homepage}}\"\\n\\","        {{/if env.npm_package_homepage}}\\n\\","        target=\"_blank\"\\n\\","    >\\n\\","utility2-comment -->\\n\\","        {{env.npm_package_name}} ({{env.npm_package_version}})\\n\\","<!-- utility2-comment\\n\\","    </a>\\n\\","utility2-comment -->\\n\\","</h1>\\n\\","<h3>{{env.npm_package_description}}</h3>\\n\\","<!-- utility2-comment\\n\\","<a class=\"button\" download href=\"assets.app.js\">download standalone app</a><br>\\n\\","<button class=\"button onclick onreset\" id=\"testRunButton1\">run internal test</button><br>\\n\\","<div class=\"uiAnimateSlide\" id=\"testReportDiv1\" style=\"border-bottom: 0; border-top: 0; margin-bottom: 0; margin-top: 0; max-height: 0; padding-bottom: 0; padding-top: 0;\"></div>\\n\\","utility2-comment -->\\n\\","\\n\\","\\n\\","\\n\\","<label>stderr and stdout</label>\\n\\","<textarea class=\"resettable\" id=\"outputTextareaStdout1\" readonly></textarea>\\n\\","<!-- utility2-comment\\n\\","{{#if isRollup}}\\n\\","<script src=\"assets.app.js\"></script>\\n\\","{{#unless isRollup}}\\n\\","utility2-comment -->\\n\\","<script src=\"assets.utility2.rollup.js\"></script>\\n\\","<script>window.utility2.onResetBefore.counter += 1;</script>\\n\\","<script src=\"jsonp.utility2.stateInit?callback=window.utility2.stateInit\"></script>\\n\\","<script src=\"assets.npmtest_glob.js\"></script>\\n\\","<script src=\"assets.example.js\"></script>\\n\\","<script src=\"assets.test.js\"></script>\\n\\","<script>window.utility2.onResetBefore();</script>\\n\\","<!-- utility2-comment\\n\\","{{/if isRollup}}\\n\\","utility2-comment -->\\n\\","<div class=\"utility2FooterDiv\">\\n\\","    [ this app was created with\\n\\","    <a href=\"https://github.com/kaizhu256/node-utility2\" target=\"_blank\">utility2</a>\\n\\","    ]\\n\\","</div>\\n\\","</body>\\n\\","</html>\\n\\","';","        /* jslint-ignore-end */","        /* validateLineSortedReset */","        /* jslint-ignore-begin */","        // bug-workaround - long $npm_package_buildCustomOrg","        local.assetsDict['/assets.npmtest_glob.js'] =","            local.assetsDict['/assets.npmtest_glob.js'] ||","            local.fs.readFileSync(local.__dirname + '/lib.npmtest_glob.js', 'utf8'","        ).replace((/^#!\\//), '// ');","        /* jslint-ignore-end */","        /* validateLineSortedReset */","        local.assetsDict['/'] =","            local.assetsDict['/assets.example.html'] =","            local.assetsDict['/assets.index.template.html']","            .replace((/\\{\\{env\\.(\\w+?)\\}\\}/g), function (match0, match1) {","                switch (match1) {","                case 'npm_package_description':","                    return 'the greatest app in the world!';","                case 'npm_package_name':","                    return 'npmtest-glob';","                case 'npm_package_nameLib':","                    return 'npmtest_glob';","                case 'npm_package_version':","                    return '0.0.1';","                default:","                    return match0;","                }","            });","        // init cli","        if (module !== require.main || local.global.utility2_rollup) {","            break;","        }","        local.assetsDict['/assets.example.js'] =","            local.assetsDict['/assets.example.js'] ||","            local.fs.readFileSync(__filename, 'utf8');","        local.assetsDict['/favicon.ico'] = local.assetsDict['/favicon.ico'] || '';","        // if $npm_config_timeout_exit exists,","        // then exit this process after $npm_config_timeout_exit ms","        if (Number(process.env.npm_config_timeout_exit)) {","            setTimeout(process.exit, Number(process.env.npm_config_timeout_exit));","        }","        // start server","        if (local.global.utility2_serverHttp1) {","            break;","        }","        process.env.PORT = process.env.PORT || '8081';","        console.error('server starting on port ' + process.env.PORT);","        local.http.createServer(function (request, response) {","            request.urlParsed = local.url.parse(request.url);","            if (local.assetsDict[request.urlParsed.pathname] !== undefined) {","                response.end(local.assetsDict[request.urlParsed.pathname]);","                return;","            }","            response.statusCode = 404;","            response.end();","        }).listen(process.env.PORT);","        break;","    }","}());",""],"l":{"28":2,"30":2,"35":2,"37":2,"39":2,"40":2,"41":2,"46":2,"49":2,"53":2,"57":2,"59":2,"66":1,"67":2,"73":2,"76":2,"79":2,"80":2,"82":1,"86":2,"89":1,"90":1,"91":1,"92":1,"93":1,"96":1,"97":1,"99":1,"102":1,"104":2,"110":1,"112":1,"114":1,"119":1,"120":2,"121":2,"122":20,"123":20,"124":20,"125":20,"126":1,"129":20,"130":20,"135":20,"139":1,"140":3,"141":1,"145":1,"146":1,"154":1,"157":1,"158":1,"159":1,"160":1,"161":1,"162":1,"163":1,"164":1,"165":1,"166":1,"167":1,"168":1,"169":1,"170":1,"171":1,"172":1,"173":1,"174":1,"175":1,"176":1,"177":1,"178":1,"179":1,"180":1,"181":1,"182":1,"183":1,"184":1,"185":1,"186":1,"187":1,"188":1,"191":1,"192":1,"197":3,"198":3,"199":3,"200":1,"207":1,"460":1,"466":1,"470":6,"472":1,"474":2,"476":1,"478":2,"480":1,"484":1,"485":1,"487":1,"490":1,"493":1,"494":1,"497":1,"498":1,"500":1,"501":1,"502":1,"503":1,"504":1,"505":1,"506":1,"508":1,"509":1,"511":1}},"/home/travis/build/npmtest/node-npmtest-glob/node_modules/glob/glob.js":{"path":"/home/travis/build/npmtest/node-npmtest-glob/node_modules/glob/glob.js","s":{"1":1,"2":1,"3":1,"4":1,"5":1,"6":1,"7":1,"8":1,"9":1,"10":1,"11":1,"12":1,"13":1,"14":1,"15":1,"16":1,"17":1,"18":1,"19":1,"20":1,"21":1,"22":1,"23":0,"24":0,"25":0,"26":0,"27":0,"28":0,"29":0,"30":0,"31":0,"32":1,"33":1,"34":1,"35":1,"36":0,"37":0,"38":0,"39":0,"40":0,"41":0,"42":0,"43":1,"44":0,"45":0,"46":0,"47":0,"48":0,"49":0,"50":0,"51":0,"52":0,"53":0,"54":0,"55":0,"56":1,"57":1,"58":1,"59":0,"60":0,"61":0,"62":0,"63":0,"64":0,"65":0,"66":0,"67":0,"68":0,"69":0,"70":0,"71":0,"72":0,"73":0,"74":0,"75":0,"76":0,"77":0,"78":0,"79":0,"80":0,"81":0,"82":0,"83":0,"84":0,"85":0,"86":0,"87":0,"88":0,"89":0,"90":1,"91":0,"92":0,"93":0,"94":0,"95":0,"96":0,"97":1,"98":0,"99":0,"100":0,"101":0,"102":0,"103":0,"104":0,"105":1,"106":0,"107":0,"108":0,"109":0,"110":0,"111":0,"112":0,"113":0,"114":0,"115":1,"116":0,"117":0,"118":1,"119":0,"120":0,"121":0,"122":0,"123":0,"124":0,"125":0,"126":0,"127":0,"128":0,"129":0,"130":0,"131":0,"132":0,"133":0,"134":0,"135":0,"136":0,"137":0,"138":0,"139":1,"140":0,"141":1,"142":0,"143":1,"144":0,"145":0,"146":1,"147":0,"148":0,"149":0,"150":1,"151":0,"152":0,"153":0,"154":0,"155":0,"156":0,"157":0,"158":0,"159":0,"160":0,"161":0,"162":0,"163":0,"164":0,"165":0,"166":0,"167":1,"168":0,"169":0,"170":0,"171":0,"172":0,"173":0,"174":0,"175":0,"176":0,"177":0,"178":0,"179":0,"180":0,"181":0,"182":0,"183":0,"184":0,"185":0,"186":0,"187":0,"188":0,"189":0,"190":0,"191":0,"192":0,"193":0,"194":0,"195":0,"196":0,"197":0,"198":0,"199":0,"200":0,"201":0,"202":0,"203":1,"204":0,"205":0,"206":0,"207":1,"208":0,"209":0,"210":0,"211":0,"212":0,"213":0,"214":0,"215":0,"216":0,"217":0,"218":0,"219":0,"220":0,"221":0,"222":0,"223":0,"224":0,"225":0,"226":0,"227":0,"228":0,"229":0,"230":0,"231":0,"232":0,"233":0,"234":0,"235":0,"236":0,"237":0,"238":0,"239":0,"240":0,"241":0,"242":0,"243":0,"244":0,"245":0,"246":0,"247":0,"248":0,"249":0,"250":1,"251":0,"252":0,"253":0,"254":0,"255":0,"256":0,"257":0,"258":0,"259":0,"260":0,"261":0,"262":0,"263":0,"264":0,"265":0,"266":0,"267":0,"268":0,"269":0,"270":0,"271":0,"272":0,"273":0,"274":1,"275":0,"276":0,"277":0,"278":0,"279":0,"280":0,"281":0,"282":0,"283":0,"284":1,"285":0,"286":0,"287":0,"288":0,"289":0,"290":0,"291":0,"292":0,"293":1,"294":0,"295":0,"296":0,"297":0,"298":0,"299":0,"300":0,"301":0,"302":0,"303":0,"304":0,"305":0,"306":0,"307":0,"308":0,"309":1,"310":0,"311":0,"312":0,"313":0,"314":1,"315":0,"316":0,"317":0,"318":0,"319":0,"320":0,"321":0,"322":0,"323":0,"324":0,"325":0,"326":1,"327":0,"328":0,"329":0,"330":0,"331":0,"332":0,"333":0,"334":0,"335":0,"336":0,"337":0,"338":0,"339":0,"340":0,"341":0,"342":0,"343":0,"344":0,"345":0,"346":0,"347":0,"348":0,"349":1,"350":0,"351":0,"352":0,"353":1,"354":0,"355":0,"356":0,"357":0,"358":0,"359":0,"360":0,"361":0,"362":0,"363":0,"364":0,"365":0,"366":0,"367":0,"368":0,"369":0,"370":0,"371":0,"372":0,"373":1,"374":0,"375":0,"376":0,"377":1,"378":0,"379":0,"380":0,"381":0,"382":0,"383":0,"384":0,"385":0,"386":0,"387":0,"388":0,"389":0,"390":0,"391":0,"392":0,"393":1,"394":0,"395":0,"396":0,"397":0,"398":0,"399":0,"400":0,"401":0,"402":0,"403":0,"404":0,"405":0,"406":0,"407":0,"408":0,"409":0,"410":0,"411":0,"412":0,"413":0,"414":0,"415":0,"416":0,"417":0,"418":0,"419":1,"420":0,"421":0,"422":0,"423":0,"424":0,"425":0,"426":1,"427":0,"428":0,"429":0,"430":0,"431":0,"432":0,"433":0,"434":0,"435":0,"436":0,"437":0,"438":0,"439":0,"440":0},"b":{"1":[0,0],"2":[0,0],"3":[0,0],"4":[0,0],"5":[0,0],"6":[0,0],"7":[0,0],"8":[0,0],"9":[0,0],"10":[0,0],"11":[0,0],"12":[0,0],"13":[0,0],"14":[0,0],"15":[0,0],"16":[0,0],"17":[0,0],"18":[0,0],"19":[0,0],"20":[0,0],"21":[0,0],"22":[0,0],"23":[0,0],"24":[0,0],"25":[0,0],"26":[0,0],"27":[0,0],"28":[0,0],"29":[0,0],"30":[0,0],"31":[0,0],"32":[0,0],"33":[0,0],"34":[0,0],"35":[0,0],"36":[0,0],"37":[0,0,0],"38":[0,0],"39":[0,0],"40":[0,0],"41":[0,0],"42":[0,0],"43":[0,0],"44":[0,0],"45":[0,0],"46":[0,0],"47":[0,0],"48":[0,0],"49":[0,0],"50":[0,0],"51":[0,0],"52":[0,0],"53":[0,0],"54":[0,0,0],"55":[0,0],"56":[0,0],"57":[0,0],"58":[0,0],"59":[0,0],"60":[0,0],"61":[0,0],"62":[0,0],"63":[0,0],"64":[0,0],"65":[0,0],"66":[0,0],"67":[0,0],"68":[0,0],"69":[0,0],"70":[0,0],"71":[0,0],"72":[0,0],"73":[0,0],"74":[0,0],"75":[0,0],"76":[0,0],"77":[0,0],"78":[0,0],"79":[0,0],"80":[0,0,0],"81":[0,0],"82":[0,0],"83":[0,0],"84":[0,0],"85":[0,0],"86":[0,0],"87":[0,0],"88":[0,0],"89":[0,0],"90":[0,0],"91":[0,0],"92":[0,0],"93":[0,0],"94":[0,0],"95":[0,0,0,0,0,0,0],"96":[0,0],"97":[0,0],"98":[0,0],"99":[0,0],"100":[0,0],"101":[0,0],"102":[0,0],"103":[0,0],"104":[0,0],"105":[0,0],"106":[0,0],"107":[0,0],"108":[0,0,0],"109":[0,0],"110":[0,0],"111":[0,0],"112":[0,0],"113":[0,0],"114":[0,0],"115":[0,0],"116":[0,0],"117":[0,0],"118":[0,0],"119":[0,0],"120":[0,0],"121":[0,0],"122":[0,0],"123":[0,0],"124":[0,0],"125":[0,0],"126":[0,0],"127":[0,0],"128":[0,0],"129":[0,0],"130":[0,0,0],"131":[0,0],"132":[0,0,0],"133":[0,0],"134":[0,0],"135":[0,0],"136":[0,0],"137":[0,0]},"f":{"1":0,"2":0,"3":0,"4":0,"5":0,"6":0,"7":0,"8":0,"9":0,"10":0,"11":0,"12":0,"13":0,"14":0,"15":0,"16":0,"17":0,"18":0,"19":0,"20":0,"21":0,"22":0,"23":0,"24":0,"25":0,"26":0,"27":0,"28":0,"29":0,"30":0,"31":0,"32":0,"33":0,"34":0,"35":0,"36":0,"37":0,"38":0,"39":0,"40":0},"fnMap":{"1":{"name":"glob","line":65,"loc":{"start":{"line":65,"column":0},"end":{"line":65,"column":37}}},"2":{"name":"extend","line":84,"loc":{"start":{"line":84,"column":0},"end":{"line":84,"column":30}}},"3":{"name":"(anonymous_3)","line":97,"loc":{"start":{"line":97,"column":16},"end":{"line":97,"column":45}}},"4":{"name":"Glob","line":120,"loc":{"start":{"line":120,"column":0},"end":{"line":120,"column":37}}},"5":{"name":"(anonymous_5)","line":150,"loc":{"start":{"line":150,"column":19},"end":{"line":150,"column":38}}},"6":{"name":"done","line":174,"loc":{"start":{"line":174,"column":2},"end":{"line":174,"column":19}}},"7":{"name":"(anonymous_7)","line":178,"loc":{"start":{"line":178,"column":25},"end":{"line":178,"column":37}}},"8":{"name":"(anonymous_8)","line":188,"loc":{"start":{"line":188,"column":25},"end":{"line":188,"column":37}}},"9":{"name":"(anonymous_9)","line":200,"loc":{"start":{"line":200,"column":27},"end":{"line":200,"column":39}}},"10":{"name":"next","line":214,"loc":{"start":{"line":214,"column":2},"end":{"line":214,"column":19}}},"11":{"name":"(anonymous_11)","line":220,"loc":{"start":{"line":220,"column":30},"end":{"line":220,"column":51}}},"12":{"name":"(anonymous_12)","line":233,"loc":{"start":{"line":233,"column":16},"end":{"line":233,"column":32}}},"13":{"name":"(anonymous_13)","line":238,"loc":{"start":{"line":238,"column":39},"end":{"line":238,"column":59}}},"14":{"name":"(anonymous_14)","line":254,"loc":{"start":{"line":254,"column":23},"end":{"line":254,"column":36}}},"15":{"name":"(anonymous_15)","line":258,"loc":{"start":{"line":258,"column":26},"end":{"line":258,"column":39}}},"16":{"name":"(anonymous_16)","line":262,"loc":{"start":{"line":262,"column":23},"end":{"line":262,"column":35}}},"17":{"name":"(anonymous_17)","line":267,"loc":{"start":{"line":267,"column":23},"end":{"line":267,"column":35}}},"18":{"name":"(anonymous_18)","line":274,"loc":{"start":{"line":274,"column":24},"end":{"line":274,"column":36}}},"19":{"name":"(anonymous_19)","line":298,"loc":{"start":{"line":298,"column":26},"end":{"line":298,"column":68}}},"20":{"name":"(anonymous_20)","line":368,"loc":{"start":{"line":368,"column":33},"end":{"line":368,"column":93}}},"21":{"name":"(anonymous_21)","line":370,"loc":{"start":{"line":370,"column":33},"end":{"line":370,"column":56}}},"22":{"name":"(anonymous_22)","line":375,"loc":{"start":{"line":375,"column":34},"end":{"line":375,"column":103}}},"23":{"name":"(anonymous_23)","line":454,"loc":{"start":{"line":454,"column":28},"end":{"line":454,"column":48}}},"24":{"name":"(anonymous_24)","line":492,"loc":{"start":{"line":492,"column":36},"end":{"line":492,"column":55}}},"25":{"name":"lstatcb_","line":508,"loc":{"start":{"line":508,"column":2},"end":{"line":508,"column":32}}},"26":{"name":"(anonymous_26)","line":525,"loc":{"start":{"line":525,"column":26},"end":{"line":525,"column":57}}},"27":{"name":"readdirCb","line":550,"loc":{"start":{"line":550,"column":0},"end":{"line":550,"column":35}}},"28":{"name":"(anonymous_28)","line":551,"loc":{"start":{"line":551,"column":9},"end":{"line":551,"column":32}}},"29":{"name":"(anonymous_29)","line":559,"loc":{"start":{"line":559,"column":33},"end":{"line":559,"column":61}}},"30":{"name":"(anonymous_30)","line":581,"loc":{"start":{"line":581,"column":31},"end":{"line":581,"column":52}}},"31":{"name":"(anonymous_31)","line":623,"loc":{"start":{"line":623,"column":34},"end":{"line":623,"column":94}}},"32":{"name":"(anonymous_32)","line":625,"loc":{"start":{"line":625,"column":33},"end":{"line":625,"column":56}}},"33":{"name":"(anonymous_33)","line":631,"loc":{"start":{"line":631,"column":35},"end":{"line":631,"column":104}}},"34":{"name":"(anonymous_34)","line":671,"loc":{"start":{"line":671,"column":32},"end":{"line":671,"column":61}}},"35":{"name":"(anonymous_35)","line":675,"loc":{"start":{"line":675,"column":21},"end":{"line":675,"column":43}}},"36":{"name":"(anonymous_36)","line":679,"loc":{"start":{"line":679,"column":33},"end":{"line":679,"column":74}}},"37":{"name":"(anonymous_37)","line":710,"loc":{"start":{"line":710,"column":23},"end":{"line":710,"column":40}}},"38":{"name":"lstatcb_","line":753,"loc":{"start":{"line":753,"column":2},"end":{"line":753,"column":32}}},"39":{"name":"(anonymous_39)","line":757,"loc":{"start":{"line":757,"column":26},"end":{"line":757,"column":46}}},"40":{"name":"(anonymous_40)","line":769,"loc":{"start":{"line":769,"column":24},"end":{"line":769,"column":56}}}},"statementMap":{"1":{"start":{"line":41,"column":0},"end":{"line":41,"column":21}},"2":{"start":{"line":43,"column":0},"end":{"line":43,"column":22}},"3":{"start":{"line":44,"column":0},"end":{"line":44,"column":31}},"4":{"start":{"line":45,"column":0},"end":{"line":45,"column":36}},"5":{"start":{"line":46,"column":0},"end":{"line":46,"column":35}},"6":{"start":{"line":47,"column":0},"end":{"line":47,"column":34}},"7":{"start":{"line":48,"column":0},"end":{"line":48,"column":39}},"8":{"start":{"line":49,"column":0},"end":{"line":49,"column":26}},"9":{"start":{"line":50,"column":0},"end":{"line":50,"column":30}},"10":{"start":{"line":51,"column":0},"end":{"line":51,"column":44}},"11":{"start":{"line":52,"column":0},"end":{"line":52,"column":35}},"12":{"start":{"line":53,"column":0},"end":{"line":53,"column":35}},"13":{"start":{"line":54,"column":0},"end":{"line":54,"column":32}},"14":{"start":{"line":55,"column":0},"end":{"line":55,"column":34}},"15":{"start":{"line":56,"column":0},"end":{"line":56,"column":28}},"16":{"start":{"line":57,"column":0},"end":{"line":57,"column":28}},"17":{"start":{"line":58,"column":0},"end":{"line":58,"column":34}},"18":{"start":{"line":59,"column":0},"end":{"line":59,"column":26}},"19":{"start":{"line":60,"column":0},"end":{"line":60,"column":44}},"20":{"start":{"line":61,"column":0},"end":{"line":61,"column":32}},"21":{"start":{"line":63,"column":0},"end":{"line":63,"column":26}},"22":{"start":{"line":65,"column":0},"end":{"line":76,"column":1}},"23":{"start":{"line":66,"column":2},"end":{"line":66,"column":63}},"24":{"start":{"line":66,"column":37},"end":{"line":66,"column":63}},"25":{"start":{"line":67,"column":2},"end":{"line":67,"column":28}},"26":{"start":{"line":67,"column":16},"end":{"line":67,"column":28}},"27":{"start":{"line":69,"column":2},"end":{"line":73,"column":3}},"28":{"start":{"line":70,"column":4},"end":{"line":71,"column":59}},"29":{"start":{"line":71,"column":6},"end":{"line":71,"column":59}},"30":{"start":{"line":72,"column":4},"end":{"line":72,"column":37}},"31":{"start":{"line":75,"column":2},"end":{"line":75,"column":39}},"32":{"start":{"line":78,"column":0},"end":{"line":78,"column":20}},"33":{"start":{"line":79,"column":0},"end":{"line":79,"column":48}},"34":{"start":{"line":82,"column":0},"end":{"line":82,"column":16}},"35":{"start":{"line":84,"column":0},"end":{"line":95,"column":1}},"36":{"start":{"line":85,"column":2},"end":{"line":87,"column":3}},"37":{"start":{"line":86,"column":4},"end":{"line":86,"column":17}},"38":{"start":{"line":89,"column":2},"end":{"line":89,"column":29}},"39":{"start":{"line":90,"column":2},"end":{"line":90,"column":21}},"40":{"start":{"line":91,"column":2},"end":{"line":93,"column":3}},"41":{"start":{"line":92,"column":4},"end":{"line":92,"column":34}},"42":{"start":{"line":94,"column":2},"end":{"line":94,"column":15}},"43":{"start":{"line":97,"column":0},"end":{"line":116,"column":1}},"44":{"start":{"line":98,"column":2},"end":{"line":98,"column":36}},"45":{"start":{"line":99,"column":2},"end":{"line":99,"column":26}},"46":{"start":{"line":101,"column":2},"end":{"line":101,"column":36}},"47":{"start":{"line":102,"column":2},"end":{"line":102,"column":27}},"48":{"start":{"line":104,"column":2},"end":{"line":105,"column":16}},"49":{"start":{"line":105,"column":4},"end":{"line":105,"column":16}},"50":{"start":{"line":107,"column":2},"end":{"line":108,"column":15}},"51":{"start":{"line":108,"column":4},"end":{"line":108,"column":15}},"52":{"start":{"line":110,"column":2},"end":{"line":113,"column":3}},"53":{"start":{"line":111,"column":4},"end":{"line":112,"column":17}},"54":{"start":{"line":112,"column":6},"end":{"line":112,"column":17}},"55":{"start":{"line":115,"column":2},"end":{"line":115,"column":14}},"56":{"start":{"line":118,"column":0},"end":{"line":118,"column":16}},"57":{"start":{"line":119,"column":0},"end":{"line":119,"column":18}},"58":{"start":{"line":120,"column":0},"end":{"line":186,"column":1}},"59":{"start":{"line":121,"column":2},"end":{"line":124,"column":3}},"60":{"start":{"line":122,"column":4},"end":{"line":122,"column":16}},"61":{"start":{"line":123,"column":4},"end":{"line":123,"column":18}},"62":{"start":{"line":126,"column":2},"end":{"line":130,"column":3}},"63":{"start":{"line":127,"column":4},"end":{"line":128,"column":59}},"64":{"start":{"line":128,"column":6},"end":{"line":128,"column":59}},"65":{"start":{"line":129,"column":4},"end":{"line":129,"column":41}},"66":{"start":{"line":132,"column":2},"end":{"line":133,"column":41}},"67":{"start":{"line":133,"column":4},"end":{"line":133,"column":41}},"68":{"start":{"line":135,"column":2},"end":{"line":135,"column":33}},"69":{"start":{"line":136,"column":2},"end":{"line":136,"column":27}},"70":{"start":{"line":139,"column":2},"end":{"line":139,"column":35}},"71":{"start":{"line":145,"column":2},"end":{"line":145,"column":29}},"72":{"start":{"line":147,"column":2},"end":{"line":153,"column":3}},"73":{"start":{"line":148,"column":4},"end":{"line":148,"column":17}},"74":{"start":{"line":149,"column":4},"end":{"line":149,"column":24}},"75":{"start":{"line":150,"column":4},"end":{"line":152,"column":6}},"76":{"start":{"line":151,"column":6},"end":{"line":151,"column":23}},"77":{"start":{"line":155,"column":2},"end":{"line":155,"column":17}},"78":{"start":{"line":156,"column":2},"end":{"line":156,"column":22}},"79":{"start":{"line":158,"column":2},"end":{"line":158,"column":22}},"80":{"start":{"line":159,"column":2},"end":{"line":159,"column":25}},"81":{"start":{"line":160,"column":2},"end":{"line":160,"column":21}},"82":{"start":{"line":162,"column":2},"end":{"line":163,"column":15}},"83":{"start":{"line":163,"column":4},"end":{"line":163,"column":15}},"84":{"start":{"line":165,"column":2},"end":{"line":166,"column":17}},"85":{"start":{"line":166,"column":4},"end":{"line":166,"column":17}},"86":{"start":{"line":168,"column":2},"end":{"line":168,"column":17}},"87":{"start":{"line":169,"column":2},"end":{"line":171,"column":3}},"88":{"start":{"line":170,"column":4},"end":{"line":170,"column":56}},"89":{"start":{"line":172,"column":2},"end":{"line":172,"column":14}},"90":{"start":{"line":174,"column":2},"end":{"line":185,"column":3}},"91":{"start":{"line":175,"column":4},"end":{"line":175,"column":22}},"92":{"start":{"line":176,"column":4},"end":{"line":184,"column":5}},"93":{"start":{"line":177,"column":6},"end":{"line":183,"column":7}},"94":{"start":{"line":178,"column":8},"end":{"line":180,"column":10}},"95":{"start":{"line":179,"column":10},"end":{"line":179,"column":24}},"96":{"start":{"line":182,"column":8},"end":{"line":182,"column":22}},"97":{"start":{"line":188,"column":0},"end":{"line":198,"column":1}},"98":{"start":{"line":189,"column":2},"end":{"line":189,"column":30}},"99":{"start":{"line":190,"column":2},"end":{"line":191,"column":10}},"100":{"start":{"line":191,"column":4},"end":{"line":191,"column":10}},"101":{"start":{"line":193,"column":2},"end":{"line":194,"column":27}},"102":{"start":{"line":194,"column":4},"end":{"line":194,"column":27}},"103":{"start":{"line":196,"column":2},"end":{"line":196,"column":21}},"104":{"start":{"line":197,"column":2},"end":{"line":197,"column":30}},"105":{"start":{"line":200,"column":0},"end":{"line":218,"column":1}},"106":{"start":{"line":201,"column":2},"end":{"line":202,"column":10}},"107":{"start":{"line":202,"column":4},"end":{"line":202,"column":10}},"108":{"start":{"line":204,"column":2},"end":{"line":204,"column":26}},"109":{"start":{"line":206,"column":2},"end":{"line":206,"column":29}},"110":{"start":{"line":207,"column":2},"end":{"line":208,"column":25}},"111":{"start":{"line":208,"column":4},"end":{"line":208,"column":25}},"112":{"start":{"line":210,"column":2},"end":{"line":210,"column":17}},"113":{"start":{"line":211,"column":2},"end":{"line":212,"column":30}},"114":{"start":{"line":212,"column":4},"end":{"line":212,"column":30}},"115":{"start":{"line":214,"column":2},"end":{"line":217,"column":3}},"116":{"start":{"line":215,"column":4},"end":{"line":216,"column":20}},"117":{"start":{"line":216,"column":6},"end":{"line":216,"column":20}},"118":{"start":{"line":220,"column":0},"end":{"line":252,"column":1}},"119":{"start":{"line":221,"column":2},"end":{"line":221,"column":36}},"120":{"start":{"line":222,"column":2},"end":{"line":223,"column":15}},"121":{"start":{"line":223,"column":4},"end":{"line":223,"column":15}},"122":{"start":{"line":225,"column":2},"end":{"line":225,"column":35}},"123":{"start":{"line":226,"column":2},"end":{"line":226,"column":17}},"124":{"start":{"line":227,"column":2},"end":{"line":227,"column":22}},"125":{"start":{"line":229,"column":2},"end":{"line":230,"column":15}},"126":{"start":{"line":230,"column":4},"end":{"line":230,"column":15}},"127":{"start":{"line":232,"column":2},"end":{"line":232,"column":53}},"128":{"start":{"line":233,"column":2},"end":{"line":251,"column":4}},"129":{"start":{"line":237,"column":4},"end":{"line":237,"column":24}},"130":{"start":{"line":238,"column":4},"end":{"line":250,"column":6}},"131":{"start":{"line":239,"column":6},"end":{"line":244,"column":30}},"132":{"start":{"line":240,"column":8},"end":{"line":240,"column":24}},"133":{"start":{"line":241,"column":11},"end":{"line":244,"column":30}},"134":{"start":{"line":242,"column":8},"end":{"line":242,"column":21}},"135":{"start":{"line":244,"column":8},"end":{"line":244,"column":30}},"136":{"start":{"line":246,"column":6},"end":{"line":249,"column":7}},"137":{"start":{"line":247,"column":8},"end":{"line":247,"column":33}},"138":{"start":{"line":248,"column":8},"end":{"line":248,"column":12}},"139":{"start":{"line":254,"column":0},"end":{"line":256,"column":1}},"140":{"start":{"line":255,"column":2},"end":{"line":255,"column":29}},"141":{"start":{"line":258,"column":0},"end":{"line":260,"column":1}},"142":{"start":{"line":259,"column":2},"end":{"line":259,"column":32}},"143":{"start":{"line":262,"column":0},"end":{"line":265,"column":1}},"144":{"start":{"line":263,"column":2},"end":{"line":263,"column":21}},"145":{"start":{"line":264,"column":2},"end":{"line":264,"column":20}},"146":{"start":{"line":267,"column":0},"end":{"line":272,"column":1}},"147":{"start":{"line":268,"column":2},"end":{"line":271,"column":3}},"148":{"start":{"line":269,"column":4},"end":{"line":269,"column":22}},"149":{"start":{"line":270,"column":4},"end":{"line":270,"column":22}},"150":{"start":{"line":274,"column":0},"end":{"line":296,"column":1}},"151":{"start":{"line":275,"column":2},"end":{"line":295,"column":3}},"152":{"start":{"line":276,"column":4},"end":{"line":276,"column":23}},"153":{"start":{"line":277,"column":4},"end":{"line":277,"column":23}},"154":{"start":{"line":278,"column":4},"end":{"line":285,"column":5}},"155":{"start":{"line":279,"column":6},"end":{"line":279,"column":39}},"156":{"start":{"line":280,"column":6},"end":{"line":280,"column":32}},"157":{"start":{"line":281,"column":6},"end":{"line":284,"column":7}},"158":{"start":{"line":282,"column":8},"end":{"line":282,"column":21}},"159":{"start":{"line":283,"column":8},"end":{"line":283,"column":35}},"160":{"start":{"line":286,"column":4},"end":{"line":294,"column":5}},"161":{"start":{"line":287,"column":6},"end":{"line":287,"column":42}},"162":{"start":{"line":288,"column":6},"end":{"line":288,"column":35}},"163":{"start":{"line":289,"column":6},"end":{"line":293,"column":7}},"164":{"start":{"line":290,"column":8},"end":{"line":290,"column":21}},"165":{"start":{"line":291,"column":8},"end":{"line":291,"column":26}},"166":{"start":{"line":292,"column":8},"end":{"line":292,"column":45}},"167":{"start":{"line":298,"column":0},"end":{"line":366,"column":1}},"168":{"start":{"line":299,"column":2},"end":{"line":299,"column":30}},"169":{"start":{"line":300,"column":2},"end":{"line":300,"column":34}},"170":{"start":{"line":302,"column":2},"end":{"line":303,"column":10}},"171":{"start":{"line":303,"column":4},"end":{"line":303,"column":10}},"172":{"start":{"line":305,"column":2},"end":{"line":305,"column":20}},"173":{"start":{"line":306,"column":2},"end":{"line":309,"column":3}},"174":{"start":{"line":307,"column":4},"end":{"line":307,"column":61}},"175":{"start":{"line":308,"column":4},"end":{"line":308,"column":10}},"176":{"start":{"line":314,"column":2},"end":{"line":314,"column":11}},"177":{"start":{"line":315,"column":2},"end":{"line":317,"column":3}},"178":{"start":{"line":316,"column":4},"end":{"line":316,"column":8}},"179":{"start":{"line":321,"column":2},"end":{"line":321,"column":12}},"180":{"start":{"line":322,"column":2},"end":{"line":340,"column":3}},"181":{"start":{"line":325,"column":6},"end":{"line":325,"column":55}},"182":{"start":{"line":326,"column":6},"end":{"line":326,"column":12}},"183":{"start":{"line":331,"column":6},"end":{"line":331,"column":19}},"184":{"start":{"line":332,"column":6},"end":{"line":332,"column":11}},"185":{"start":{"line":338,"column":6},"end":{"line":338,"column":44}},"186":{"start":{"line":339,"column":6},"end":{"line":339,"column":11}},"187":{"start":{"line":342,"column":2},"end":{"line":342,"column":31}},"188":{"start":{"line":345,"column":2},"end":{"line":345,"column":10}},"189":{"start":{"line":346,"column":2},"end":{"line":353,"column":17}},"190":{"start":{"line":347,"column":4},"end":{"line":347,"column":14}},"191":{"start":{"line":348,"column":7},"end":{"line":353,"column":17}},"192":{"start":{"line":349,"column":4},"end":{"line":350,"column":27}},"193":{"start":{"line":350,"column":6},"end":{"line":350,"column":27}},"194":{"start":{"line":351,"column":4},"end":{"line":351,"column":17}},"195":{"start":{"line":353,"column":4},"end":{"line":353,"column":17}},"196":{"start":{"line":355,"column":2},"end":{"line":355,"column":31}},"197":{"start":{"line":358,"column":2},"end":{"line":359,"column":15}},"198":{"start":{"line":359,"column":4},"end":{"line":359,"column":15}},"199":{"start":{"line":361,"column":2},"end":{"line":361,"column":51}},"200":{"start":{"line":362,"column":2},"end":{"line":365,"column":74}},"201":{"start":{"line":363,"column":4},"end":{"line":363,"column":75}},"202":{"start":{"line":365,"column":4},"end":{"line":365,"column":74}},"203":{"start":{"line":368,"column":0},"end":{"li
[...]
umn":8},"end":{"line":166,"column":21}},"111":{"start":{"line":171,"column":2},"end":{"line":174,"column":6}},"112":{"start":{"line":172,"column":4},"end":{"line":174,"column":6}},"113":{"start":{"line":173,"column":6},"end":{"line":173,"column":32}},"114":{"start":{"line":176,"column":2},"end":{"line":176,"column":18}},"115":{"start":{"line":179,"column":0},"end":{"line":200,"column":1}},"116":{"start":{"line":180,"column":2},"end":{"line":180,"column":28}},"117":{"start":{"line":181,"column":2},"end":{"line":181,"column":25}},"118":{"start":{"line":182,"column":2},"end":{"line":182,"column":11}},"119":{"start":{"line":183,"column":2},"end":{"line":197,"column":3}},"120":{"start":{"line":184,"column":4},"end":{"line":184,"column":47}},"121":{"start":{"line":185,"column":4},"end":{"line":185,"column":35}},"122":{"start":{"line":187,"column":4},"end":{"line":190,"column":24}},"123":{"start":{"line":188,"column":6},"end":{"line":188,"column":14}},"124":{"start":{"line":189,"column":9},"end":{"line":190,"column":24}},"125":{"start":{"line":190,"column":6},"end":{"line":190,"column":24}},"126":{"start":{"line":192,"column":4},"end":{"line":196,"column":5}},"127":{"start":{"line":193,"column":6},"end":{"line":193,"column":33}},"128":{"start":{"line":194,"column":6},"end":{"line":194,"column":48}},"129":{"start":{"line":195,"column":6},"end":{"line":195,"column":40}},"130":{"start":{"line":199,"column":2},"end":{"line":199,"column":10}},"131":{"start":{"line":203,"column":0},"end":{"line":219,"column":1}},"132":{"start":{"line":204,"column":2},"end":{"line":204,"column":13}},"133":{"start":{"line":205,"column":2},"end":{"line":213,"column":3}},"134":{"start":{"line":206,"column":4},"end":{"line":206,"column":33}},"135":{"start":{"line":207,"column":9},"end":{"line":213,"column":3}},"136":{"start":{"line":208,"column":4},"end":{"line":208,"column":11}},"137":{"start":{"line":209,"column":9},"end":{"line":213,"column":3}},"138":{"start":{"line":210,"column":4},"end":{"line":210,"column":35}},"139":{"start":{"line":212,"column":4},"end":{"line":212,"column":25}},"140":{"start":{"line":215,"column":2},"end":{"line":216,"column":33}},"141":{"start":{"line":216,"column":4},"end":{"line":216,"column":33}},"142":{"start":{"line":218,"column":2},"end":{"line":218,"column":12}},"143":{"start":{"line":224,"column":0},"end":{"line":231,"column":1}},"144":{"start":{"line":225,"column":2},"end":{"line":226,"column":16}},"145":{"start":{"line":226,"column":4},"end":{"line":226,"column":16}},"146":{"start":{"line":228,"column":2},"end":{"line":230,"column":4}},"147":{"start":{"line":229,"column":4},"end":{"line":229,"column":85}},"148":{"start":{"line":233,"column":0},"end":{"line":240,"column":1}},"149":{"start":{"line":234,"column":2},"end":{"line":235,"column":16}},"150":{"start":{"line":235,"column":4},"end":{"line":235,"column":16}},"151":{"start":{"line":237,"column":2},"end":{"line":239,"column":4}},"152":{"start":{"line":238,"column":4},"end":{"line":238,"column":57}}},"branchMap":{"1":{"line":29,"type":"binary-expr","locations":[{"start":{"line":29,"column":16},"end":{"line":29,"column":30}},{"start":{"line":29,"column":34},"end":{"line":29,"column":36}}]},"2":{"line":31,"type":"if","locations":[{"start":{"line":31,"column":2},"end":{"line":31,"column":2}},{"start":{"line":31,"column":2},"end":{"line":31,"column":2}}]},"3":{"line":34,"type":"if","locations":[{"start":{"line":34,"column":2},"end":{"line":34,"column":2}},{"start":{"line":34,"column":2},"end":{"line":34,"column":2}}]},"4":{"line":42,"type":"if","locations":[{"start":{"line":42,"column":2},"end":{"line":42,"column":2}},{"start":{"line":42,"column":2},"end":{"line":42,"column":2}}]},"5":{"line":54,"type":"if","locations":[{"start":{"line":54,"column":2},"end":{"line":54,"column":2}},{"start":{"line":54,"column":2},"end":{"line":54,"column":2}}]},"6":{"line":58,"type":"if","locations":[{"start":{"line":58,"column":2},"end":{"line":58,"column":2}},{"start":{"line":58,"column":2},"end":{"line":58,"column":2}}]},"7":{"line":58,"type":"binary-expr","locations":[{"start":{"line":58,"column":6},"end":{"line":58,"column":23}},{"start":{"line":58,"column":27},"end":{"line":58,"column":54}}]},"8":{"line":59,"type":"if","locations":[{"start":{"line":59,"column":4},"end":{"line":59,"column":4}},{"start":{"line":59,"column":4},"end":{"line":59,"column":4}}]},"9":{"line":69,"type":"binary-expr","locations":[{"start":{"line":69,"column":23},"end":{"line":69,"column":44}},{"start":{"line":69,"column":48},"end":{"line":69,"column":67}}]},"10":{"line":74,"type":"if","locations":[{"start":{"line":74,"column":2},"end":{"line":74,"column":2}},{"start":{"line":74,"column":2},"end":{"line":74,"column":2}}]},"11":{"line":85,"type":"binary-expr","locations":[{"start":{"line":85,"column":19},"end":{"line":85,"column":36}},{"start":{"line":85,"column":40},"end":{"line":85,"column":48}}]},"12":{"line":86,"type":"binary-expr","locations":[{"start":{"line":86,"column":15},"end":{"line":86,"column":28}},{"start":{"line":86,"column":32},"end":{"line":86,"column":51}}]},"13":{"line":87,"type":"binary-expr","locations":[{"start":{"line":87,"column":19},"end":{"line":87,"column":36}},{"start":{"line":87,"column":40},"end":{"line":87,"column":59}}]},"14":{"line":88,"type":"binary-expr","locations":[{"start":{"line":88,"column":18},"end":{"line":88,"column":34}},{"start":{"line":88,"column":38},"end":{"line":88,"column":57}}]},"15":{"line":94,"type":"if","locations":[{"start":{"line":94,"column":2},"end":{"line":94,"column":2}},{"start":{"line":94,"column":2},"end":{"line":94,"column":2}}]},"16":{"line":101,"type":"binary-expr","locations":[{"start":{"line":101,"column":14},"end":{"line":101,"column":26}},{"start":{"line":101,"column":30},"end":{"line":101,"column":57}}]},"17":{"line":103,"type":"if","locations":[{"start":{"line":103,"column":2},"end":{"line":103,"column":2}},{"start":{"line":103,"column":2},"end":{"line":103,"column":2}}]},"18":{"line":108,"type":"cond-expr","locations":[{"start":{"line":108,"column":39},"end":{"line":108,"column":47}},{"start":{"line":108,"column":50},"end":{"line":108,"column":73}}]},"19":{"line":109,"type":"if","locations":[{"start":{"line":109,"column":2},"end":{"line":109,"column":2}},{"start":{"line":109,"column":2},"end":{"line":109,"column":2}}]},"20":{"line":124,"type":"cond-expr","locations":[{"start":{"line":124,"column":18},"end":{"line":124,"column":20}},{"start":{"line":124,"column":23},"end":{"line":124,"column":42}}]},"21":{"line":128,"type":"if","locations":[{"start":{"line":128,"column":4},"end":{"line":128,"column":4}},{"start":{"line":128,"column":4},"end":{"line":128,"column":4}}]},"22":{"line":128,"type":"binary-expr","locations":[{"start":{"line":128,"column":8},"end":{"line":128,"column":16}},{"start":{"line":128,"column":20},"end":{"line":128,"column":53}}]},"23":{"line":129,"type":"if","locations":[{"start":{"line":129,"column":6},"end":{"line":129,"column":6}},{"start":{"line":129,"column":6},"end":{"line":129,"column":6}}]},"24":{"line":132,"type":"if","locations":[{"start":{"line":132,"column":8},"end":{"line":132,"column":8}},{"start":{"line":132,"column":8},"end":{"line":132,"column":8}}]},"25":{"line":140,"type":"if","locations":[{"start":{"line":140,"column":6},"end":{"line":140,"column":6}},{"start":{"line":140,"column":6},"end":{"line":140,"column":6}}]},"26":{"line":149,"type":"if","locations":[{"start":{"line":149,"column":2},"end":{"line":149,"column":2}},{"start":{"line":149,"column":2},"end":{"line":149,"column":2}}]},"27":{"line":152,"type":"if","locations":[{"start":{"line":152,"column":2},"end":{"line":152,"column":2}},{"start":{"line":152,"column":2},"end":{"line":152,"column":2}}]},"28":{"line":153,"type":"cond-expr","locations":[{"start":{"line":153,"column":33},"end":{"line":153,"column":43}},{"start":{"line":153,"column":46},"end":{"line":153,"column":55}}]},"29":{"line":156,"type":"if","locations":[{"start":{"line":156,"column":2},"end":{"line":156,"column":2}},{"start":{"line":156,"column":2},"end":{"line":156,"column":2}}]},"30":{"line":160,"type":"if","locations":[{"start":{"line":160,"column":4},"end":{"line":160,"column":4}},{"start":{"line":160,"column":4},"end":{"line":160,"column":4}}]},"31":{"line":163,"type":"binary-expr","locations":[{"start":{"line":163,"column":16},"end":{"line":163,"column":29}},{"start":{"line":163,"column":33},"end":{"line":163,"column":61}}]},"32":{"line":164,"type":"if","locations":[{"start":{"line":164,"column":8},"end":{"line":164,"column":8}},{"start":{"line":164,"column":8},"end":{"line":164,"column":8}}]},"33":{"line":164,"type":"binary-expr","locations":[{"start":{"line":164,"column":12},"end":{"line":164,"column":18}},{"start":{"line":164,"column":22},"end":{"line":164,"column":23}}]},"34":{"line":165,"type":"binary-expr","locations":[{"start":{"line":165,"column":19},"end":{"line":165,"column":30}},{"start":{"line":165,"column":34},"end":{"line":165,"column":51}}]},"35":{"line":171,"type":"if","locations":[{"start":{"line":171,"column":2},"end":{"line":171,"column":2}},{"start":{"line":171,"column":2},"end":{"line":171,"column":2}}]},"36":{"line":183,"type":"if","locations":[{"start":{"line":183,"column":2},"end":{"line":183,"column":2}},{"start":{"line":183,"column":2},"end":{"line":183,"column":2}}]},"37":{"line":184,"type":"binary-expr","locations":[{"start":{"line":184,"column":16},"end":{"line":184,"column":27}},{"start":{"line":184,"column":31},"end":{"line":184,"column":47}}]},"38":{"line":187,"type":"if","locations":[{"start":{"line":187,"column":4},"end":{"line":187,"column":4}},{"start":{"line":187,"column":4},"end":{"line":187,"column":4}}]},"39":{"line":187,"type":"binary-expr","locations":[{"start":{"line":187,"column":8},"end":{"line":187,"column":13}},{"start":{"line":187,"column":17},"end":{"line":187,"column":23}}]},"40":{"line":189,"type":"if","locations":[{"start":{"line":189,"column":9},"end":{"line":189,"column":9}},{"start":{"line":189,"column":9},"end":{"line":189,"column":9}}]},"41":{"line":189,"type":"binary-expr","locations":[{"start":{"line":189,"column":13},"end":{"line":189,"column":19}},{"start":{"line":189,"column":23},"end":{"line":189,"column":28}}]},"42":{"line":192,"type":"if","locations":[{"start":{"line":192,"column":4},"end":{"line":192,"column":4}},{"start":{"line":192,"column":4},"end":{"line":192,"column":4}}]},"43":{"line":205,"type":"if","locations":[{"start":{"line":205,"column":2},"end":{"line":205,"column":2}},{"start":{"line":205,"column":2},"end":{"line":205,"column":2}}]},"44":{"line":207,"type":"if","locations":[{"start":{"line":207,"column":9},"end":{"line":207,"column":9}},{"start":{"line":207,"column":9},"end":{"line":207,"column":9}}]},"45":{"line":207,"type":"binary-expr","locations":[{"start":{"line":207,"column":13},"end":{"line":207,"column":26}},{"start":{"line":207,"column":30},"end":{"line":207,"column":38}}]},"46":{"line":209,"type":"if","locations":[{"start":{"line":209,"column":9},"end":{"line":209,"column":9}},{"start":{"line":209,"column":9},"end":{"line":209,"column":9}}]},"47":{"line":215,"type":"if","locations":[{"start":{"line":215,"column":2},"end":{"line":215,"column":2}},{"start":{"line":215,"column":2},"end":{"line":215,"column":2}}]},"48":{"line":225,"type":"if","locations":[{"start":{"line":225,"column":2},"end":{"line":225,"column":2}},{"start":{"line":225,"column":2},"end":{"line":225,"column":2}}]},"49":{"line":229,"type":"binary-expr","locations":[{"start":{"line":229,"column":11},"end":{"line":229,"column":35}},{"start":{"line":229,"column":39},"end":{"line":229,"column":85}}]},"50":{"line":229,"type":"binary-expr","locations":[{"start":{"line":229,"column":42},"end":{"line":229,"column":55}},{"start":{"line":229,"column":59},"end":{"line":229,"column":84}}]},"51":{"line":234,"type":"if","locations":[{"start":{"line":234,"column":2},"end":{"line":234,"column":2}},{"start":{"line":234,"column":2},"end":{"line":234,"column":2}}]},"52":{"line":238,"type":"binary-expr","locations":[{"start":{"line":238,"column":14},"end":{"line":238,"column":27}},{"start":{"line":238,"column":31},"end":{"line":238,"column":56}}]}},"code":["exports.alphasort = alphasort","exports.alphasorti = alphasorti","exports.setopts = setopts","exports.ownProp = ownProp","exports.makeAbs = makeAbs","exports.finish = finish","exports.mark = mark","exports.isIgnored = isIgnored","exports.childrenIgnored = childrenIgnored","","function ownProp (obj, field) {","  return Object.prototype.hasOwnProperty.call(obj, field)","}","","var path = require(\"path\")","var minimatch = require(\"minimatch\")","var isAbsolute = require(\"path-is-absolute\")","var Minimatch = minimatch.Minimatch","","function alphasorti (a, b) {","  return a.toLowerCase().localeCompare(b.toLowerCase())","}","","function alphasort (a, b) {","  return a.localeCompare(b)","}","","function setupIgnores (self, options) {","  self.ignore = options.ignore || []","","  if (!Array.isArray(self.ignore))","    self.ignore = [self.ignore]","","  if (self.ignore.length) {","    self.ignore = self.ignore.map(ignoreMap)","  }","}","","// ignore patterns are always in dot:true mode.","function ignoreMap (pattern) {","  var gmatcher = null","  if (pattern.slice(-3) === '/**') {","    var gpattern = pattern.replace(/(\\/\\*\\*)+$/, '')","    gmatcher = new Minimatch(gpattern, { dot: true })","  }","","  return {","    matcher: new Minimatch(pattern, { dot: true }),","    gmatcher: gmatcher","  }","}","","function setopts (self, pattern, options) {","  if (!options)","    options = {}","","  // base-matching: just use globstar for that.","  if (options.matchBase && -1 === pattern.indexOf(\"/\")) {","    if (options.noglobstar) {","      throw new Error(\"base matching requires globstar\")","    }","    pattern = \"**/\" + pattern","  }","","  self.silent = !!options.silent","  self.pattern = pattern","  self.strict = options.strict !== false","  self.realpath = !!options.realpath","  self.realpathCache = options.realpathCache || Object.create(null)","  self.follow = !!options.follow","  self.dot = !!options.dot","  self.mark = !!options.mark","  self.nodir = !!options.nodir","  if (self.nodir)","    self.mark = true","  self.sync = !!options.sync","  self.nounique = !!options.nounique","  self.nonull = !!options.nonull","  self.nosort = !!options.nosort","  self.nocase = !!options.nocase","  self.stat = !!options.stat","  self.noprocess = !!options.noprocess","  self.absolute = !!options.absolute","","  self.maxLength = options.maxLength || Infinity","  self.cache = options.cache || Object.create(null)","  self.statCache = options.statCache || Object.create(null)","  self.symlinks = options.symlinks || Object.create(null)","","  setupIgnores(self, options)","","  self.changedCwd = false","  var cwd = process.cwd()","  if (!ownProp(options, \"cwd\"))","    self.cwd = cwd","  else {","    self.cwd = path.resolve(options.cwd)","    self.changedCwd = self.cwd !== cwd","  }","","  self.root = options.root || path.resolve(self.cwd, \"/\")","  self.root = path.resolve(self.root)","  if (process.platform === \"win32\")","    self.root = self.root.replace(/\\\\/g, \"/\")","","  // TODO: is an absolute `cwd` supposed to be resolved against `root`?","  // e.g. { cwd: '/test', root: __dirname } === path.join(__dirname, '/test')","  self.cwdAbs = isAbsolute(self.cwd) ? self.cwd : makeAbs(self, self.cwd)","  if (process.platform === \"win32\")","    self.cwdAbs = self.cwdAbs.replace(/\\\\/g, \"/\")","  self.nomount = !!options.nomount","","  // disable comments and negation in Minimatch.","  // Note that they are not supported in Glob itself anyway.","  options.nonegate = true","  options.nocomment = true","","  self.minimatch = new Minimatch(pattern, options)","  self.options = self.minimatch.options","}","","function finish (self) {","  var nou = self.nounique","  var all = nou ? [] : Object.create(null)","","  for (var i = 0, l = self.matches.length; i < l; i ++) {","    var matches = self.matches[i]","    if (!matches || Object.keys(matches).length === 0) {","      if (self.nonull) {","        // do like the shell, and spit out the literal glob","        var literal = self.minimatch.globSet[i]","        if (nou)","          all.push(literal)","        else","          all[literal] = true","      }","    } else {","      // had matches","      var m = Object.keys(matches)","      if (nou)","        all.push.apply(all, m)","      else","        m.forEach(function (m) {","          all[m] = true","        })","    }","  }","","  if (!nou)","    all = Object.keys(all)","","  if (!self.nosort)","    all = all.sort(self.nocase ? alphasorti : alphasort)","","  // at *some* point we statted all of these","  if (self.mark) {","    for (var i = 0; i < all.length; i++) {","      all[i] = self._mark(all[i])","    }","    if (self.nodir) {","      all = all.filter(function (e) {","        var notDir = !(/\\/$/.test(e))","        var c = self.cache[e] || self.cache[makeAbs(self, e)]","        if (notDir && c)","          notDir = c !== 'DIR' && !Array.isArray(c)","        return notDir","      })","    }","  }","","  if (self.ignore.length)","    all = all.filter(function(m) {","      return !isIgnored(self, m)","    })","","  self.found = all","}","","function mark (self, p) {","  var abs = makeAbs(self, p)","  var c = self.cache[abs]","  var m = p","  if (c) {","    var isDir = c === 'DIR' || Array.isArray(c)","    var slash = p.slice(-1) === '/'","","    if (isDir && !slash)","      m += '/'","    else if (!isDir && slash)","      m = m.slice(0, -1)","","    if (m !== p) {","      var mabs = makeAbs(self, m)","      self.statCache[mabs] = self.statCache[abs]","      self.cache[mabs] = self.cache[abs]","    }","  }","","  return m","}","","// lotta situps...","function makeAbs (self, f) {","  var abs = f","  if (f.charAt(0) === '/') {","    abs = path.join(self.root, f)","  } else if (isAbsolute(f) || f === '') {","    abs = f","  } else if (self.changedCwd) {","    abs = path.resolve(self.cwd, f)","  } else {","    abs = path.resolve(f)","  }","","  if (process.platform === 'win32')","    abs = abs.replace(/\\\\/g, '/')","","  return abs","}","","","// Return true, if pattern ends with globstar '**', for the accompanying parent directory.","// Ex:- If node_modules/** is the pattern, add 'node_modules' to ignore list along with it's contents","function isIgnored (self, path) {","  if (!self.ignore.length)","    return false","","  return self.ignore.some(function(item) {","    return item.matcher.match(path) || !!(item.gmatcher && item.gmatcher.match(path))","  })","}","","function childrenIgnored (self, path) {","  if (!self.ignore.length)","    return false","","  return self.ignore.some(function(item) {","    return !!(item.gmatcher && item.gmatcher.match(path))","  })","}",""],"l":{"1":1,"2":1,"3":1,"4":1,"5":1,"6":1,"7":1,"8":1,"9":1,"11":1,"12":0,"15":1,"16":1,"17":1,"18":1,"20":1,"21":0,"24":1,"25":0,"28":1,"29":0,"31":0,"32":0,"34":0,"35":0,"40":1,"41":0,"42":0,"43":0,"44":0,"47":0,"53":1,"54":0,"55":0,"58":0,"59":0,"60":0,"62":0,"65":0,"66":0,"67":0,"68":0,"69":0,"70":0,"71":0,"72":0,"73":0,"74":0,"75":0,"76":0,"77":0,"78":0,"79":0,"80":0,"81":0,"82":0,"83":0,"85":0,"86":0,"87":0,"88":0,"90":0,"92":0,"93":0,"94":0,"95":0,"97":0,"98":0,"101":0,"102":0,"103":0,"104":0,"108":0,"109":0,"110":0,"111":0,"115":0,"116":0,"118":0,"119":0,"122":1,"123":0,"124":0,"126":0,"127":0,"128":0,"129":0,"131":0,"132":0,"133":0,"135":0,"139":0,"140":0,"141":0,"143":0,"144":0,"149":0,"150":0,"152":0,"153":0,"156":0,"157":0,"158":0,"160":0,"161":0,"162":0,"163":0,"164":0,"165":0,"166":0,"171":0,"172":0,"173":0,"176":0,"179":1,"180":0,"181":0,"182":0,"183":0,"184":0,"185":0,"187":0,"188":0,"189":0,"190":0,"192":0,"193":0,"194":0,"195":0,"199":0,"203":1,"204":0,"205":0,"206":0,"207":0,"208":0,"209":0,"210":0,"212":0,"215":0,"216":0,"218":0,"224":1,"225":0,"226":0,"228":0,"229":0,"233":1,"234":0,"235":0,"237":0,"238":0}}}